[23:58:21.017] Global cache location '/home/beethoven/.cache/typescript/4.6', safe file path '/nix/store/7yhr9pm7w9l4bqn7r6qsc65mvfwsqv20-typescript-4.6.4/lib/node_modules/typescript/lib/typingSafeList.json', types map path /nix/store/7yhr9pm7w9l4bqn7r6qsc65mvfwsqv20-typescript-4.6.4/lib/node_modules/typescript/lib/typesMap.json
[23:58:21.116] Processing cache location '/home/beethoven/.cache/typescript/4.6'
[23:58:21.116] Trying to find '/home/beethoven/.cache/typescript/4.6/package.json'...
[23:58:21.426] Loaded content of '/home/beethoven/.cache/typescript/4.6/package.json': {"private":true,"dependencies":{"types-registry":"^0.1.612"},"devDependencies":{"@types/gh-pages":"^3.2.1","@types/react":"^18.0.14","@types/react-dom":"^18.0.5","@types/tailwindcss":"^3.0.10","@types/testing-library__jest-dom":"^5.14.4"}}
[23:58:21.426] Loaded content of '/home/beethoven/.cache/typescript/4.6/package-lock.json'
[23:58:21.861] Adding entry into typings cache: 'gh-pages' => '/home/beethoven/.cache/typescript/4.6/node_modules/@types/gh-pages/index.d.ts'
[23:58:21.952] Adding entry into typings cache: 'react' => '/home/beethoven/.cache/typescript/4.6/node_modules/@types/react/index.d.ts'
[23:58:22.046] Adding entry into typings cache: 'react-dom' => '/home/beethoven/.cache/typescript/4.6/node_modules/@types/react-dom/index.d.ts'
[23:58:22.145] Adding entry into typings cache: 'tailwindcss' => '/home/beethoven/.cache/typescript/4.6/node_modules/@types/tailwindcss/index.d.ts'
[23:58:22.230] Adding entry into typings cache: 'testing-library__jest-dom' => '/home/beethoven/.cache/typescript/4.6/node_modules/@types/testing-library__jest-dom/index.d.ts'
[23:58:22.230] Finished processing cache location '/home/beethoven/.cache/typescript/4.6'
[23:58:22.230] Process id: 14761
[23:58:22.231] NPM location: /nix/store/nld1byyfapgcm40dvwv3smv6i004wsxs-nodejs-14.19.3/bin/npm (explicit '--npmLocation' not  provided)
[23:58:22.231] validateDefaultNpmLocation: false
[23:58:22.231] Npm config file: /home/beethoven/.cache/typescript/4.6/package.json
[23:58:22.231] Updating types-registry npm package...
[23:58:22.231] Exec: /nix/store/nld1byyfapgcm40dvwv3smv6i004wsxs-nodejs-14.19.3/bin/npm install --ignore-scripts types-registry@latest
[23:58:52.994]     Succeeded. stdout:
    + types-registry@0.1.612
    updated 1 package and audited 24 packages in 9.724s

3 packages are looking for funding
  run `npm fund` for details

found 0 vulnerabilities


[23:58:52.994] Updated types-registry npm package
