[18:57:20.943] Global cache location '/home/beethoven/.cache/typescript/4.6', safe file path '/nix/store/7yhr9pm7w9l4bqn7r6qsc65mvfwsqv20-typescript-4.6.4/lib/node_modules/typescript/lib/typingSafeList.json', types map path /nix/store/7yhr9pm7w9l4bqn7r6qsc65mvfwsqv20-typescript-4.6.4/lib/node_modules/typescript/lib/typesMap.json
[18:57:20.944] Processing cache location '/home/beethoven/.cache/typescript/4.6'
[18:57:20.944] Trying to find '/home/beethoven/.cache/typescript/4.6/package.json'...
[18:57:21.007] Loaded content of '/home/beethoven/.cache/typescript/4.6/package.json': {"private":true,"dependencies":{"types-registry":"^0.1.612"},"devDependencies":{"@types/gh-pages":"^3.2.1","@types/react":"^18.0.14","@types/react-dom":"^18.0.5","@types/tailwindcss":"^3.0.10","@types/testing-library__jest-dom":"^5.14.4"}}
[18:57:21.007] Loaded content of '/home/beethoven/.cache/typescript/4.6/package-lock.json'
[18:57:21.215] Adding entry into typings cache: 'gh-pages' => '/home/beethoven/.cache/typescript/4.6/node_modules/@types/gh-pages/index.d.ts'
[18:57:21.305] Adding entry into typings cache: 'react' => '/home/beethoven/.cache/typescript/4.6/node_modules/@types/react/index.d.ts'
[18:57:21.345] Adding entry into typings cache: 'react-dom' => '/home/beethoven/.cache/typescript/4.6/node_modules/@types/react-dom/index.d.ts'
[18:57:21.415] Adding entry into typings cache: 'tailwindcss' => '/home/beethoven/.cache/typescript/4.6/node_modules/@types/tailwindcss/index.d.ts'
[18:57:21.473] Adding entry into typings cache: 'testing-library__jest-dom' => '/home/beethoven/.cache/typescript/4.6/node_modules/@types/testing-library__jest-dom/index.d.ts'
[18:57:21.473] Finished processing cache location '/home/beethoven/.cache/typescript/4.6'
[18:57:21.473] Process id: 178085
[18:57:21.473] NPM location: /nix/store/nld1byyfapgcm40dvwv3smv6i004wsxs-nodejs-14.19.3/bin/npm (explicit '--npmLocation' not  provided)
[18:57:21.473] validateDefaultNpmLocation: false
[18:57:21.473] Npm config file: /home/beethoven/.cache/typescript/4.6/package.json
[18:57:21.473] Updating types-registry npm package...
[18:57:21.473] Exec: /nix/store/nld1byyfapgcm40dvwv3smv6i004wsxs-nodejs-14.19.3/bin/npm install --ignore-scripts types-registry@latest
[18:57:40.876]     Succeeded. stdout:
    + types-registry@0.1.612
    updated 1 package and audited 24 packages in 4.103s

3 packages are looking for funding
  run `npm fund` for details

found 0 vulnerabilities


[18:57:40.876] Updated types-registry npm package
[19:03:13.359] Got install request {"projectName":"/dev/null/inferredProject1*","fileNames":[],"compilerOptions":{"module":1,"target":3,"jsx":1,"allowJs":true,"allowSyntheticDefaultImports":true,"allowNonTsExtensions":true,"noEmitForJsFiles":true},"typeAcquisition":{"enable":true,"include":[],"exclude":[]},"unresolvedImports":[],"projectRootPath":"/home/beethoven/Templates/NextJS/kinoway/client/src/components/UI-components/ButtonPlayFilm","kind":"discover"}
[19:03:13.375] Loaded safelist from types map file '/nix/store/7yhr9pm7w9l4bqn7r6qsc65mvfwsqv20-typescript-4.6.4/lib/node_modules/typescript/lib/typesMap.json'
[19:03:13.375] Explicitly included types: []
[19:03:13.376] Inferred typings from unresolved imports: []
[19:03:13.376] Result: {"cachedTypingPaths":[],"newTypingNames":[],"filesToWatch":["/home/beethoven/Templates/NextJS/kinoway/client/src/components/UI-components/ButtonPlayFilm/bower_components","/home/beethoven/Templates/NextJS/kinoway/client/src/components/UI-components/ButtonPlayFilm/node_modules"]}
[19:03:13.376] Finished typings discovery: {"cachedTypingPaths":[],"newTypingNames":[],"filesToWatch":["/home/beethoven/Templates/NextJS/kinoway/client/src/components/UI-components/ButtonPlayFilm/bower_components","/home/beethoven/Templates/NextJS/kinoway/client/src/components/UI-components/ButtonPlayFilm/node_modules"]}
[19:03:13.376] DirectoryWatcher:: Added:: WatchInfo: /home/beethoven/Templates/NextJS/kinoway/client/src/components/UI-components/ButtonPlayFilm/bower_components
[19:03:13.376] DirectoryWatcher:: Added:: WatchInfo: /home/beethoven/Templates/NextJS/kinoway/client/src/components/UI-components/ButtonPlayFilm/bower_components 1 undefined Project: /dev/null/inferredProject1* watcher already invoked: false
[19:03:13.378] Elapsed:: 1.2732010036706924ms DirectoryWatcher:: Added:: WatchInfo: /home/beethoven/Templates/NextJS/kinoway/client/src/components/UI-components/ButtonPlayFilm/bower_components 1 undefined Project: /dev/null/inferredProject1* watcher already invoked: false
[19:03:13.378] DirectoryWatcher:: Added:: WatchInfo: /home/beethoven/Templates/NextJS/kinoway/client/src/components/UI-components/ButtonPlayFilm/node_modules
[19:03:13.378] DirectoryWatcher:: Added:: WatchInfo: /home/beethoven/Templates/NextJS/kinoway/client/src/components/UI-components/ButtonPlayFilm/node_modules 1 undefined Project: /dev/null/inferredProject1* watcher already invoked: false
[19:03:13.378] Elapsed:: 0.10868200659751892ms DirectoryWatcher:: Added:: WatchInfo: /home/beethoven/Templates/NextJS/kinoway/client/src/components/UI-components/ButtonPlayFilm/node_modules 1 undefined Project: /dev/null/inferredProject1* watcher already invoked: false
[19:03:13.378] Sending response:
    {"projectName":"/dev/null/inferredProject1*","typeAcquisition":{"enable":true,"include":[],"exclude":[]},"compilerOptions":{"module":1,"target":3,"jsx":1,"allowJs":true,"allowSyntheticDefaultImports":true,"allowNonTsExtensions":true,"noEmitForJsFiles":true},"typings":[],"unresolvedImports":[],"kind":"action::set"}
[19:03:13.378] Response has been sent.
[19:03:13.378] No new typings were requested as a result of typings discovery
[21:57:41.733] Got install request {"projectName":"/dev/null/inferredProject2*","fileNames":[],"compilerOptions":{"module":1,"target":3,"jsx":1,"allowJs":true,"allowSyntheticDefaultImports":true,"allowNonTsExtensions":true,"noEmitForJsFiles":true},"typeAcquisition":{"enable":true,"include":[],"exclude":[]},"unresolvedImports":[],"projectRootPath":"/home/beethoven/Templates/NextJS/kinoway/client/src/components/UI-components/ButtonPlayMovieSecondary","kind":"discover"}
[21:57:41.733] Explicitly included types: []
[21:57:41.733] Inferred typings from unresolved imports: []
[21:57:41.733] Result: {"cachedTypingPaths":[],"newTypingNames":[],"filesToWatch":["/home/beethoven/Templates/NextJS/kinoway/client/src/components/UI-components/ButtonPlayMovieSecondary/bower_components","/home/beethoven/Templates/NextJS/kinoway/client/src/components/UI-components/ButtonPlayMovieSecondary/node_modules"]}
[21:57:41.733] Finished typings discovery: {"cachedTypingPaths":[],"newTypingNames":[],"filesToWatch":["/home/beethoven/Templates/NextJS/kinoway/client/src/components/UI-components/ButtonPlayMovieSecondary/bower_components","/home/beethoven/Templates/NextJS/kinoway/client/src/components/UI-components/ButtonPlayMovieSecondary/node_modules"]}
[21:57:41.733] DirectoryWatcher:: Added:: WatchInfo: /home/beethoven/Templates/NextJS/kinoway/client/src/components/UI-components/ButtonPlayMovieSecondary/bower_components
[21:57:41.733] DirectoryWatcher:: Added:: WatchInfo: /home/beethoven/Templates/NextJS/kinoway/client/src/components/UI-components/ButtonPlayMovieSecondary/bower_components 1 undefined Project: /dev/null/inferredProject2* watcher already invoked: false
[21:57:41.734] Elapsed:: 0.09939299523830414ms DirectoryWatcher:: Added:: WatchInfo: /home/beethoven/Templates/NextJS/kinoway/client/src/components/UI-components/ButtonPlayMovieSecondary/bower_components 1 undefined Project: /dev/null/inferredProject2* watcher already invoked: false
[21:57:41.734] DirectoryWatcher:: Added:: WatchInfo: /home/beethoven/Templates/NextJS/kinoway/client/src/components/UI-components/ButtonPlayMovieSecondary/node_modules
[21:57:41.734] DirectoryWatcher:: Added:: WatchInfo: /home/beethoven/Templates/NextJS/kinoway/client/src/components/UI-components/ButtonPlayMovieSecondary/node_modules 1 undefined Project: /dev/null/inferredProject2* watcher already invoked: false
[21:57:41.734] Elapsed:: 0.15561099350452423ms DirectoryWatcher:: Added:: WatchInfo: /home/beethoven/Templates/NextJS/kinoway/client/src/components/UI-components/ButtonPlayMovieSecondary/node_modules 1 undefined Project: /dev/null/inferredProject2* watcher already invoked: false
[21:57:41.734] Sending response:
    {"projectName":"/dev/null/inferredProject2*","typeAcquisition":{"enable":true,"include":[],"exclude":[]},"compilerOptions":{"module":1,"target":3,"jsx":1,"allowJs":true,"allowSyntheticDefaultImports":true,"allowNonTsExtensions":true,"noEmitForJsFiles":true},"typings":[],"unresolvedImports":[],"kind":"action::set"}
[21:57:41.734] Response has been sent.
[21:57:41.734] No new typings were requested as a result of typings discovery
