[14:47:42.735] Global cache location '/home/beethoven/.cache/typescript/4.6', safe file path '/nix/store/7yhr9pm7w9l4bqn7r6qsc65mvfwsqv20-typescript-4.6.4/lib/node_modules/typescript/lib/typingSafeList.json', types map path /nix/store/7yhr9pm7w9l4bqn7r6qsc65mvfwsqv20-typescript-4.6.4/lib/node_modules/typescript/lib/typesMap.json
[14:47:42.778] Processing cache location '/home/beethoven/.cache/typescript/4.6'
[14:47:42.778] Trying to find '/home/beethoven/.cache/typescript/4.6/package.json'...
[14:47:43.150] Loaded content of '/home/beethoven/.cache/typescript/4.6/package.json': {"private":true,"dependencies":{"types-registry":"^0.1.606"},"devDependencies":{"@types/gh-pages":"^3.2.1","@types/react":"^18.0.14","@types/react-dom":"^18.0.5","@types/tailwindcss":"^3.0.10","@types/testing-library__jest-dom":"^5.14.4"}}
[14:47:43.151] Loaded content of '/home/beethoven/.cache/typescript/4.6/package-lock.json'
[14:47:43.449] Adding entry into typings cache: 'gh-pages' => '/home/beethoven/.cache/typescript/4.6/node_modules/@types/gh-pages/index.d.ts'
[14:47:43.654] Adding entry into typings cache: 'react' => '/home/beethoven/.cache/typescript/4.6/node_modules/@types/react/index.d.ts'
[14:47:43.687] Adding entry into typings cache: 'react-dom' => '/home/beethoven/.cache/typescript/4.6/node_modules/@types/react-dom/index.d.ts'
[14:47:43.766] Adding entry into typings cache: 'tailwindcss' => '/home/beethoven/.cache/typescript/4.6/node_modules/@types/tailwindcss/index.d.ts'
[14:47:43.888] Adding entry into typings cache: 'testing-library__jest-dom' => '/home/beethoven/.cache/typescript/4.6/node_modules/@types/testing-library__jest-dom/index.d.ts'
[14:47:43.888] Finished processing cache location '/home/beethoven/.cache/typescript/4.6'
[14:47:43.889] Process id: 26261
[14:47:43.889] NPM location: /nix/store/nld1byyfapgcm40dvwv3smv6i004wsxs-nodejs-14.19.3/bin/npm (explicit '--npmLocation' not  provided)
[14:47:43.889] validateDefaultNpmLocation: false
[14:47:43.890] Npm config file: /home/beethoven/.cache/typescript/4.6/package.json
[14:47:43.890] Updating types-registry npm package...
[14:47:43.890] Exec: /nix/store/nld1byyfapgcm40dvwv3smv6i004wsxs-nodejs-14.19.3/bin/npm install --ignore-scripts types-registry@latest
[14:48:10.575]     Succeeded. stdout:
    + types-registry@0.1.607
    updated 1 package and audited 24 packages in 5.473s

3 packages are looking for funding
  run `npm fund` for details

found 0 vulnerabilities


[14:48:10.576] Updated types-registry npm package
[23:28:27.892] Parent process has exited, shutting down...
