[11:22:00.180] Global cache location '/home/beethoven/.cache/typescript/4.6', safe file path '/nix/store/7yhr9pm7w9l4bqn7r6qsc65mvfwsqv20-typescript-4.6.4/lib/node_modules/typescript/lib/typingSafeList.json', types map path /nix/store/7yhr9pm7w9l4bqn7r6qsc65mvfwsqv20-typescript-4.6.4/lib/node_modules/typescript/lib/typesMap.json
[11:22:00.214] Processing cache location '/home/beethoven/.cache/typescript/4.6'
[11:22:00.214] Trying to find '/home/beethoven/.cache/typescript/4.6/package.json'...
[11:22:00.655] Loaded content of '/home/beethoven/.cache/typescript/4.6/package.json': {"private":true,"dependencies":{"types-registry":"^0.1.608"},"devDependencies":{"@types/gh-pages":"^3.2.1","@types/react":"^18.0.14","@types/react-dom":"^18.0.5","@types/tailwindcss":"^3.0.10","@types/testing-library__jest-dom":"^5.14.4"}}
[11:22:00.655] Loaded content of '/home/beethoven/.cache/typescript/4.6/package-lock.json'
[11:22:01.112] Adding entry into typings cache: 'gh-pages' => '/home/beethoven/.cache/typescript/4.6/node_modules/@types/gh-pages/index.d.ts'
[11:22:01.674] Adding entry into typings cache: 'react' => '/home/beethoven/.cache/typescript/4.6/node_modules/@types/react/index.d.ts'
[11:22:01.748] Adding entry into typings cache: 'react-dom' => '/home/beethoven/.cache/typescript/4.6/node_modules/@types/react-dom/index.d.ts'
[11:22:01.845] Adding entry into typings cache: 'tailwindcss' => '/home/beethoven/.cache/typescript/4.6/node_modules/@types/tailwindcss/index.d.ts'
[11:22:01.920] Adding entry into typings cache: 'testing-library__jest-dom' => '/home/beethoven/.cache/typescript/4.6/node_modules/@types/testing-library__jest-dom/index.d.ts'
[11:22:01.921] Finished processing cache location '/home/beethoven/.cache/typescript/4.6'
[11:22:01.923] Process id: 2602
[11:22:01.923] NPM location: /nix/store/nld1byyfapgcm40dvwv3smv6i004wsxs-nodejs-14.19.3/bin/npm (explicit '--npmLocation' not  provided)
[11:22:01.923] validateDefaultNpmLocation: false
[11:22:01.924] Npm config file: /home/beethoven/.cache/typescript/4.6/package.json
[11:22:01.924] Updating types-registry npm package...
[11:22:01.925] Exec: /nix/store/nld1byyfapgcm40dvwv3smv6i004wsxs-nodejs-14.19.3/bin/npm install --ignore-scripts types-registry@latest
[11:22:44.851]     Succeeded. stdout:
    + types-registry@0.1.608
    updated 1 package and audited 24 packages in 7.064s

3 packages are looking for funding
  run `npm fund` for details

found 0 vulnerabilities


[11:22:44.852] Updated types-registry npm package
