[16:51:21.386] Global cache location '/home/beethoven/.cache/typescript/4.6', safe file path '/nix/store/7yhr9pm7w9l4bqn7r6qsc65mvfwsqv20-typescript-4.6.4/lib/node_modules/typescript/lib/typingSafeList.json', types map path /nix/store/7yhr9pm7w9l4bqn7r6qsc65mvfwsqv20-typescript-4.6.4/lib/node_modules/typescript/lib/typesMap.json
[16:51:21.387] Processing cache location '/home/beethoven/.cache/typescript/4.6'
[16:51:21.387] Trying to find '/home/beethoven/.cache/typescript/4.6/package.json'...
[16:51:21.388] Loaded content of '/home/beethoven/.cache/typescript/4.6/package.json': {"private":true,"dependencies":{"types-registry":"^0.1.610"},"devDependencies":{"@types/gh-pages":"^3.2.1","@types/react":"^18.0.14","@types/react-dom":"^18.0.5","@types/tailwindcss":"^3.0.10","@types/testing-library__jest-dom":"^5.14.4"}}
[16:51:21.388] Loaded content of '/home/beethoven/.cache/typescript/4.6/package-lock.json'
[16:51:21.405] Adding entry into typings cache: 'gh-pages' => '/home/beethoven/.cache/typescript/4.6/node_modules/@types/gh-pages/index.d.ts'
[16:51:21.413] Adding entry into typings cache: 'react' => '/home/beethoven/.cache/typescript/4.6/node_modules/@types/react/index.d.ts'
[16:51:21.419] Adding entry into typings cache: 'react-dom' => '/home/beethoven/.cache/typescript/4.6/node_modules/@types/react-dom/index.d.ts'
[16:51:21.429] Adding entry into typings cache: 'tailwindcss' => '/home/beethoven/.cache/typescript/4.6/node_modules/@types/tailwindcss/index.d.ts'
[16:51:21.432] Adding entry into typings cache: 'testing-library__jest-dom' => '/home/beethoven/.cache/typescript/4.6/node_modules/@types/testing-library__jest-dom/index.d.ts'
[16:51:21.432] Finished processing cache location '/home/beethoven/.cache/typescript/4.6'
[16:51:21.432] Process id: 25991
[16:51:21.433] NPM location: /nix/store/nld1byyfapgcm40dvwv3smv6i004wsxs-nodejs-14.19.3/bin/npm (explicit '--npmLocation' not  provided)
[16:51:21.433] validateDefaultNpmLocation: false
[16:51:21.433] Npm config file: /home/beethoven/.cache/typescript/4.6/package.json
[16:51:21.433] Updating types-registry npm package...
[16:51:21.433] Exec: /nix/store/nld1byyfapgcm40dvwv3smv6i004wsxs-nodejs-14.19.3/bin/npm install --ignore-scripts types-registry@latest
[16:51:24.928]     Succeeded. stdout:
    + types-registry@0.1.610
    updated 1 package and audited 24 packages in 2.407s

3 packages are looking for funding
  run `npm fund` for details

found 0 vulnerabilities


[16:51:24.928] Updated types-registry npm package
