[00:57:32.704] Global cache location '/home/beethoven/.cache/typescript/4.6', safe file path '/nix/store/7yhr9pm7w9l4bqn7r6qsc65mvfwsqv20-typescript-4.6.4/lib/node_modules/typescript/lib/typingSafeList.json', types map path /nix/store/7yhr9pm7w9l4bqn7r6qsc65mvfwsqv20-typescript-4.6.4/lib/node_modules/typescript/lib/typesMap.json
[00:57:32.759] Processing cache location '/home/beethoven/.cache/typescript/4.6'
[00:57:32.760] Trying to find '/home/beethoven/.cache/typescript/4.6/package.json'...
[00:57:33.323] Loaded content of '/home/beethoven/.cache/typescript/4.6/package.json': {"private":true,"dependencies":{"types-registry":"^0.1.606"},"devDependencies":{"@types/gh-pages":"^3.2.1","@types/react":"^18.0.14","@types/react-dom":"^18.0.5","@types/tailwindcss":"^3.0.10","@types/testing-library__jest-dom":"^5.14.4"}}
[00:57:33.323] Loaded content of '/home/beethoven/.cache/typescript/4.6/package-lock.json'
[00:57:33.743] Adding entry into typings cache: 'gh-pages' => '/home/beethoven/.cache/typescript/4.6/node_modules/@types/gh-pages/index.d.ts'
[00:57:33.942] Adding entry into typings cache: 'react' => '/home/beethoven/.cache/typescript/4.6/node_modules/@types/react/index.d.ts'
[00:57:34.020] Adding entry into typings cache: 'react-dom' => '/home/beethoven/.cache/typescript/4.6/node_modules/@types/react-dom/index.d.ts'
[00:57:34.082] Adding entry into typings cache: 'tailwindcss' => '/home/beethoven/.cache/typescript/4.6/node_modules/@types/tailwindcss/index.d.ts'
[00:57:34.188] Adding entry into typings cache: 'testing-library__jest-dom' => '/home/beethoven/.cache/typescript/4.6/node_modules/@types/testing-library__jest-dom/index.d.ts'
[00:57:34.188] Finished processing cache location '/home/beethoven/.cache/typescript/4.6'
[00:57:34.189] Process id: 38148
[00:57:34.189] NPM location: /nix/store/nld1byyfapgcm40dvwv3smv6i004wsxs-nodejs-14.19.3/bin/npm (explicit '--npmLocation' not  provided)
[00:57:34.190] validateDefaultNpmLocation: false
[00:57:34.190] Npm config file: /home/beethoven/.cache/typescript/4.6/package.json
[00:57:34.190] Updating types-registry npm package...
[00:57:34.191] Exec: /nix/store/nld1byyfapgcm40dvwv3smv6i004wsxs-nodejs-14.19.3/bin/npm install --ignore-scripts types-registry@latest
[00:57:57.064]     Succeeded. stdout:
    + types-registry@0.1.606
    updated 1 package and audited 24 packages in 5.904s

3 packages are looking for funding
  run `npm fund` for details

found 0 vulnerabilities


[00:57:57.065] Updated types-registry npm package
[00:59:41.820] Got install request {"projectName":"/dev/null/inferredProject1*","fileNames":[],"compilerOptions":{"module":1,"target":3,"jsx":1,"allowJs":true,"allowSyntheticDefaultImports":true,"allowNonTsExtensions":true,"noEmitForJsFiles":true},"typeAcquisition":{"enable":true,"include":[],"exclude":[]},"unresolvedImports":[],"projectRootPath":"/home/beethoven/Templates/NextJS/kinoway/client/src/services","kind":"discover"}
[00:59:41.864] Loaded safelist from types map file '/nix/store/7yhr9pm7w9l4bqn7r6qsc65mvfwsqv20-typescript-4.6.4/lib/node_modules/typescript/lib/typesMap.json'
[00:59:41.865] Explicitly included types: []
[00:59:41.866] Inferred typings from unresolved imports: []
[00:59:41.866] Result: {"cachedTypingPaths":[],"newTypingNames":[],"filesToWatch":["/home/beethoven/Templates/NextJS/kinoway/client/src/services/bower_components","/home/beethoven/Templates/NextJS/kinoway/client/src/services/node_modules"]}
[00:59:41.866] Finished typings discovery: {"cachedTypingPaths":[],"newTypingNames":[],"filesToWatch":["/home/beethoven/Templates/NextJS/kinoway/client/src/services/bower_components","/home/beethoven/Templates/NextJS/kinoway/client/src/services/node_modules"]}
[00:59:41.867] DirectoryWatcher:: Added:: WatchInfo: /home/beethoven/Templates/NextJS/kinoway/client/src/services/bower_components
[00:59:41.868] DirectoryWatcher:: Added:: WatchInfo: /home/beethoven/Templates/NextJS/kinoway/client/src/services/bower_components 1 undefined Project: /dev/null/inferredProject1* watcher already invoked: false
[00:59:41.870] Elapsed:: 2.0289979996159673ms DirectoryWatcher:: Added:: WatchInfo: /home/beethoven/Templates/NextJS/kinoway/client/src/services/bower_components 1 undefined Project: /dev/null/inferredProject1* watcher already invoked: false
[00:59:41.870] DirectoryWatcher:: Added:: WatchInfo: /home/beethoven/Templates/NextJS/kinoway/client/src/services/node_modules
[00:59:41.870] DirectoryWatcher:: Added:: WatchInfo: /home/beethoven/Templates/NextJS/kinoway/client/src/services/node_modules 1 undefined Project: /dev/null/inferredProject1* watcher already invoked: false
[00:59:41.870] Elapsed:: 0.18882799986749887ms DirectoryWatcher:: Added:: WatchInfo: /home/beethoven/Templates/NextJS/kinoway/client/src/services/node_modules 1 undefined Project: /dev/null/inferredProject1* watcher already invoked: false
[00:59:41.871] Sending response:
    {"projectName":"/dev/null/inferredProject1*","typeAcquisition":{"enable":true,"include":[],"exclude":[]},"compilerOptions":{"module":1,"target":3,"jsx":1,"allowJs":true,"allowSyntheticDefaultImports":true,"allowNonTsExtensions":true,"noEmitForJsFiles":true},"typings":[],"unresolvedImports":[],"kind":"action::set"}
[00:59:41.871] Response has been sent.
[00:59:41.872] No new typings were requested as a result of typings discovery
