[15:42:17.192] Global cache location '/home/beethoven/.cache/typescript/4.6', safe file path '/nix/store/7yhr9pm7w9l4bqn7r6qsc65mvfwsqv20-typescript-4.6.4/lib/node_modules/typescript/lib/typingSafeList.json', types map path /nix/store/7yhr9pm7w9l4bqn7r6qsc65mvfwsqv20-typescript-4.6.4/lib/node_modules/typescript/lib/typesMap.json
[15:42:17.277] Processing cache location '/home/beethoven/.cache/typescript/4.6'
[15:42:17.277] Trying to find '/home/beethoven/.cache/typescript/4.6/package.json'...
[15:42:17.554] Loaded content of '/home/beethoven/.cache/typescript/4.6/package.json': {"private":true,"dependencies":{"types-registry":"^0.1.607"},"devDependencies":{"@types/gh-pages":"^3.2.1","@types/react":"^18.0.14","@types/react-dom":"^18.0.5","@types/tailwindcss":"^3.0.10","@types/testing-library__jest-dom":"^5.14.4"}}
[15:42:17.554] Loaded content of '/home/beethoven/.cache/typescript/4.6/package-lock.json'
[15:42:17.863] Adding entry into typings cache: 'gh-pages' => '/home/beethoven/.cache/typescript/4.6/node_modules/@types/gh-pages/index.d.ts'
[15:42:17.965] Adding entry into typings cache: 'react' => '/home/beethoven/.cache/typescript/4.6/node_modules/@types/react/index.d.ts'
[15:42:18.065] Adding entry into typings cache: 'react-dom' => '/home/beethoven/.cache/typescript/4.6/node_modules/@types/react-dom/index.d.ts'
[15:42:18.159] Adding entry into typings cache: 'tailwindcss' => '/home/beethoven/.cache/typescript/4.6/node_modules/@types/tailwindcss/index.d.ts'
[15:42:18.250] Adding entry into typings cache: 'testing-library__jest-dom' => '/home/beethoven/.cache/typescript/4.6/node_modules/@types/testing-library__jest-dom/index.d.ts'
[15:42:18.250] Finished processing cache location '/home/beethoven/.cache/typescript/4.6'
[15:42:18.250] Process id: 46216
[15:42:18.250] NPM location: /nix/store/nld1byyfapgcm40dvwv3smv6i004wsxs-nodejs-14.19.3/bin/npm (explicit '--npmLocation' not  provided)
[15:42:18.250] validateDefaultNpmLocation: false
[15:42:18.250] Npm config file: /home/beethoven/.cache/typescript/4.6/package.json
[15:42:18.250] Updating types-registry npm package...
[15:42:18.250] Exec: /nix/store/nld1byyfapgcm40dvwv3smv6i004wsxs-nodejs-14.19.3/bin/npm install --ignore-scripts types-registry@latest
[15:42:43.521]     Succeeded. stdout:
    + types-registry@0.1.608
    updated 1 package and audited 24 packages in 6.503s

3 packages are looking for funding
  run `npm fund` for details

found 0 vulnerabilities


[15:42:43.521] Updated types-registry npm package
