[22:54:37.953] Global cache location '/home/beethoven/.cache/typescript/4.7', safe file path '/home/beethoven/.emacs.d/.cache/lsp/npm/typescript/lib/node_modules/typescript/lib/typingSafeList.json', types map path /home/beethoven/.emacs.d/.cache/lsp/npm/typescript/lib/node_modules/typescript/lib/typesMap.json
[22:54:37.953] Processing cache location '/home/beethoven/.cache/typescript/4.7'
[22:54:37.954] Trying to find '/home/beethoven/.cache/typescript/4.7/package.json'...
[22:54:37.957] Loaded content of '/home/beethoven/.cache/typescript/4.7/package.json': {"private":true,"dependencies":{"types-registry":"^0.1.605"},"devDependencies":{"@types/abbrev":"^1.1.2","@types/accepts":"^1.3.5","@types/are-we-there-yet":"^1.1.0","@types/argparse":"^2.0.10","@types/aria-query":"^5.0.0","@types/array.prototype.flat":"^1.2.1","@types/array.prototype.flatmap":"^1.2.2","@types/asn1":"^0.2.0","@types/assert-plus":"^1.0.4","@types/async":"^3.2.14","@types/aws4":"^1.11.2","@types/babel__code-frame":"^7.0.3","@types/babel__helper-validator-identifier":"^7.15.0","@types/balanced-match":"^1.0.2","@types/bcrypt":"^5.0.0","@types/bcryptjs":"^2.4.2","@types/bluebird":"^3.5.36","@types/body-parser":"^1.19.2","@types/bootstrap":"^5.1.12","@types/brace-expansion":"^1.1.0","@types/braces":"^3.0.1","@types/buffer-from":"^1.1.0","@types/busboy":"^1.5.0","@types/bytes":"^3.1.1","@types/cacache":"^15.0.1","@types/call-bind":"^1.0.1","@types/caniuse-lite":"^1.0.1","@types/caseless":"^0.12.2","@types/chai":"^4.3.1","@types/chownr":"^1.0.0","@types/cli-color":"^2.0.2","@types/color-convert":"^2.0.0","@types/color-name":"^1.1.1","@types/color-support":"^1.1.1","@types/combined-stream":"^1.0.3","@types/commondir":"^1.0.0","@types/concat-map":"^0.0.1","@types/content-disposition":"^0.5.5","@types/content-type":"^1.1.5","@types/cookie":"^0.5.1","@types/cookie-signature":"^1.0.4","@types/core-js":"^2.5.5","@types/cors":"^2.8.12","@types/cross-spawn":"^6.0.2","@types/d":"^1.0.1","@types/damerau-levenshtein":"^1.0.0","@types/dashdash":"^1.14.1","@types/debug":"^4.1.7","@types/define-properties":"^1.1.3","@types/delegates":"^1.0.0","@types/depd":"^1.1.32","@types/destroy":"^1.0.0","@types/diff":"^5.0.2","@types/dir-glob":"^2.0.1","@types/doctrine":"^0.0.5","@types/dottie":"^2.0.4","@types/ee-first":"^1.1.0","@types/encodeurl":"^1.0.0","@types/es-abstract":"^1.17.3","@types/es-to-primitive":"^1.2.4","@types/es6-weak-map":"^1.2.0","@types/escape-html":"^1.0.2","@types/eslint":"^8.4.5","@types/eslint-plugin-prettier":"^3.1.0","@types/eslint-scope":"^3.7.3","@types/eslint-utils":"^3.0.1","@types/esquery":"^1.0.2","@types/estraverse":"^5.1.1","@types/esutils":"^2.0.0","@types/etag":"^1.8.1","@types/event-emitter":"^0.3.3","@types/express":"^4.17.13","@types/express-fileupload":"^1.2.2","@types/express-session":"^1.17.4","@types/extend":"^3.0.1","@types/extsprintf":"^1.4.2","@types/fast-levenshtein":"^0.0.2","@types/file-entry-cache":"^5.0.2","@types/fill-range":"^7.0.0","@types/finalhandler":"^1.1.1","@types/find-cache-dir":"^3.2.1","@types/flat-cache":"^2.0.0","@types/follow-redirects":"^1.14.1","@types/forever-agent":"^0.6.1","@types/forwarded":"^0.1.0","@types/fresh":"^0.5.0","@types/fs-extra":"^9.0.13","@types/function-bind":"^1.1.7","@types/functional-red-black-tree":"^1.0.1","@types/gaze":"^1.1.2","@types/get-intrinsic":"^1.0.0","@types/getpass":"^0.1.1","@types/gh-pages":"^3.2.1","@types/glob":"^7.2.0","@types/glob-parent":"^5.1.1","@types/globule":"^1.1.4","@types/graceful-fs":"^4.1.5","@types/has":"^1.0.0","@types/has-symbols":"^1.0.0","@types/hosted-git-info":"^3.0.2","@types/http-cache-semantics":"^4.0.1","@types/http-errors":"^1.8.2","@types/humanize-ms":"^1.2.2","@types/imurmurhash":"^0.1.1","@types/inflection":"^1.13.0","@types/inherits":"^0.0.30","@types/ini":"^1.3.31","@types/internal-slot":"^1.0.1","@types/ip":"^1.1.0","@types/is-bigint":"^1.0.0","@types/is-boolean-object":"^1.1.0","@types/is-callable":"^1.1.0","@types/is-core-module":"^2.2.0","@types/is-date-object":"^1.0.2","@types/is-glob":"^4.0.2","@types/is-number":"^7.0.3","@types/is-regex":"^1.0.0","@types/is-string":"^1.0.0","@types/is-typedarray":"^1.0.0","@types/isarray":"^2.0.0","@types/isexe":"^2.0.1","@types/isstream":"^0.1.0","@types/js-beautify":"^1.13.3","@types/js-yaml":"^4.0.5","@types/jsbn":"^1.2.30","@types/json-schema":"^7.0.11","@types/json-stringify-safe":"^5.0.0","@types/jsonfile":"^6.1.0","@types/jsonwebtoken":"^8.5.8","@types/jws":"^3.2.4","@types/jwt-simple":"^0.5.33","@types/kind-of":"^6.0.0","@types/language-tags":"^1.0.0","@types/linkify-it":"^3.0.2","@types/lodash":"^4.14.182","@types/lodash.includes":"^4.3.7","@types/lodash.isboolean":"^3.0.7","@types/lodash.isinteger":"^4.0.7","@types/lodash.isnumber":"^3.0.7","@types/lodash.isplainobject":"^4.0.7","@types/lodash.isstring":"^4.0.7","@types/lodash.merge":"^4.6.7","@types/lodash.once":"^4.1.7","@types/make-fetch-happen":"^9.0.2","@types/markdown-it":"^12.2.3","@types/mdurl":"^1.0.2","@types/media-typer":"^1.1.1","@types/memoizee":"^0.4.8","@types/merge-descriptors":"^1.0.1","@types/merge2":"^1.3.1","@types/methods":"^1.1.1","@types/micromatch":"^4.0.2","@types/mime":"^2.0.3","@types/mime-db":"^1.43.1","@types/mime-types":"^2.1.1","@types/min-indent":"^1.0.0","@types/minimatch":"^3.0.5","@types/minimist":"^1.2.2","@types/minipass":"^3.1.2","@types/minizlib":"^2.1.3","@types/mkdirp":"^1.0.2","@types/mocha":"^9.1.1","@types/ms":"^0.7.31","@types/natural-compare":"^1.4.1","@types/negotiator":"^0.6.1","@types/next-tick":"^1.0.0","@types/node-sass":"^4.11.3","@types/nodemon":"^1.19.1","@types/nopt":"^3.0.29","@types/normalize-package-data":"^2.4.1","@types/normalize-path":"^3.0.0","@types/npmlog":"^4.1.4","@types/oauth":"^0.9.1","@types/object-assign":"^4.0.30","@types/object-inspect":"^1.8.1","@types/object-keys":"^1.0.1","@types/object.fromentries":"^2.0.1","@types/on-finished":"^2.3.1","@types/once":"^1.4.0","@types/parse-json":"^4.0.0","@types/parseurl":"^1.3.1","@types/passport":"^1.0.9","@types/passport-github":"^1.1.7","@types/passport-jwt":"^3.0.6","@types/passport-local":"^1.0.34","@types/passport-local-mongoose":"^6.1.1","@types/passport-oauth2":"^1.4.11","@types/passport-strategy":"^0.2.35","@types/passport-twitter":"^1.0.37","@types/path-is-absolute":"^1.0.0","@types/path-parse":"^1.0.19","@types/pause":"^0.1.0","@types/pg":"^8.6.5","@types/pg-pool":"^2.0.3","@types/picomatch":"^2.3.0","@types/pify":"^5.0.1","@types/prelude-ls":"^1.1.29","@types/prettier":"^2.7.0","@types/promise-inflight":"^1.0.0","@types/promise-retry":"^1.1.3","@types/prop-types":"^15.7.5","@types/proxy-addr":"^2.0.0","@types/psl":"^1.1.0","@types/punycode":"^2.1.0","@types/qs":"^6.9.7","@types/range-parser":"^1.2.4","@types/react":"^18.0.17","@types/react-bootstrap":"^0.32.30","@types/react-dom":"^18.0.6","@types/react-is":"^17.0.3","@types/readable-stream":"^2.3.13","@types/regenerator-runtime":"^0.13.1","@types/request":"^2.48.8","@types/require-directory":"^2.1.2","@types/resolve":"^1.20.2","@types/retry":"^0.12.2","@types/retry-as-promised":"^2.3.3","@types/rimraf":"^3.0.2","@types/run-parallel":"^1.1.0","@types/safer-buffer":"^2.1.0","@types/sass":"^1.43.1","@types/sass-graph":"^2.1.3","@types/sass-loader":"^8.0.3","@types/scheduler":"^0.16.2","@types/semver":"^7.3.10","@types/send":"^0.17.1","@types/sequelize":"^4.28.13","@types/serve-static":"^1.13.10","@types/shebang-command":"^1.2.0","@types/sigmund":"^1.0.0","@types/signal-exit":"^3.0.1","@types/source-map-support":"^0.5.4","@types/spdx-correct":"^3.1.0","@types/spdx-expression-parse":"^3.0.1","@types/split2":"^3.2.1","@types/sshpk":"^1.17.0","@types/ssri":"^7.1.1","@types/statuses":"^2.0.0","@types/stdout-stream":"^1.4.0","@types/string.prototype.matchall":"^4.0.1","@types/supports-color":"^8.1.1","@types/tailwindcss":"^3.0.11","@types/tar":"^6.1.1","@types/testing-library__jest-dom":"^5.14.3","@types/text-table":"^0.2.2","@types/to-regex-range":"^5.0.0","@types/tough-cookie":"^4.0.2","@types/type-check":"^0.3.27","@types/type-is":"^1.6.3","@types/uid2":"^0.0.0","@types/umzug":"^2.3.3","@types/underscore":"^1.11.4","@types/universalify":"^1.0.0","@types/use-subscription":"^1.0.0","@types/util-deprecate":"^1.0.0","@types/utils-merge":"^0.0.28","@types/uuid":"^8.3.4","@types/validate-npm-package-license":"^3.0.1","@types/validator":"^13.7.3","@types/vary":"^1.1.0","@types/verror":"^1.10.5","@types/vue-the-mask":"^0.11.1","@types/which":"^2.0.1","@types/wrap-ansi":"^8.0.1","@types/xmldom":"^0.1.31","@types/xtend":"^4.0.4","@types/yallist":"^4.0.1","@types/yargs":"^17.0.10","@types/yargs-parser":"^21.0.0"}}
[22:54:37.957] Loaded content of '/home/beethoven/.cache/typescript/4.7/package-lock.json'
[22:54:37.969] Adding entry into typings cache: 'abbrev' => '/home/beethoven/.cache/typescript/4.7/node_modules/@types/abbrev/index.d.ts'
[22:54:37.971] Adding entry into typings cache: 'accepts' => '/home/beethoven/.cache/typescript/4.7/node_modules/@types/accepts/index.d.ts'
[22:54:37.973] Adding entry into typings cache: 'are-we-there-yet' => '/home/beethoven/.cache/typescript/4.7/node_modules/@types/are-we-there-yet/index.d.ts'
[22:54:37.975] Adding entry into typings cache: 'argparse' => '/home/beethoven/.cache/typescript/4.7/node_modules/@types/argparse/index.d.ts'
[22:54:37.976] Adding entry into typings cache: 'aria-query' => '/home/beethoven/.cache/typescript/4.7/node_modules/@types/aria-query/index.d.ts'
[22:54:37.978] Adding entry into typings cache: 'array.prototype.flat' => '/home/beethoven/.cache/typescript/4.7/node_modules/@types/array.prototype.flat/index.d.ts'
[22:54:37.979] Adding entry into typings cache: 'array.prototype.flatmap' => '/home/beethoven/.cache/typescript/4.7/node_modules/@types/array.prototype.flatmap/index.d.ts'
[22:54:37.981] Adding entry into typings cache: 'asn1' => '/home/beethoven/.cache/typescript/4.7/node_modules/@types/asn1/index.d.ts'
[22:54:37.982] Adding entry into typings cache: 'assert-plus' => '/home/beethoven/.cache/typescript/4.7/node_modules/@types/assert-plus/index.d.ts'
[22:54:37.983] Adding entry into typings cache: 'async' => '/home/beethoven/.cache/typescript/4.7/node_modules/@types/async/index.d.ts'
[22:54:37.987] Adding entry into typings cache: 'aws4' => '/home/beethoven/.cache/typescript/4.7/node_modules/@types/aws4/index.d.ts'
[22:54:37.988] Adding entry into typings cache: 'babel__code-frame' => '/home/beethoven/.cache/typescript/4.7/node_modules/@types/babel__code-frame/index.d.ts'
[22:54:37.989] Adding entry into typings cache: 'babel__helper-validator-identifier' => '/home/beethoven/.cache/typescript/4.7/node_modules/@types/babel__helper-validator-identifier/index.d.ts'
[22:54:37.990] Adding entry into typings cache: 'balanced-match' => '/home/beethoven/.cache/typescript/4.7/node_modules/@types/balanced-match/index.d.ts'
[22:54:37.990] Adding entry into typings cache: 'bcrypt' => '/home/beethoven/.cache/typescript/4.7/node_modules/@types/bcrypt/index.d.ts'
[22:54:37.991] Adding entry into typings cache: 'bcryptjs' => '/home/beethoven/.cache/typescript/4.7/node_modules/@types/bcryptjs/index.d.ts'
[22:54:37.993] Adding entry into typings cache: 'bluebird' => '/home/beethoven/.cache/typescript/4.7/node_modules/@types/bluebird/index.d.ts'
[22:54:37.994] Adding entry into typings cache: 'body-parser' => '/home/beethoven/.cache/typescript/4.7/node_modules/@types/body-parser/index.d.ts'
[22:54:37.994] Adding entry into typings cache: 'bootstrap' => '/home/beethoven/.cache/typescript/4.7/node_modules/@types/bootstrap/index.d.ts'
[22:54:37.996] Adding entry into typings cache: 'brace-expansion' => '/home/beethoven/.cache/typescript/4.7/node_modules/@types/brace-expansion/index.d.ts'
[22:54:37.997] Adding entry into typings cache: 'braces' => '/home/beethoven/.cache/typescript/4.7/node_modules/@types/braces/index.d.ts'
[22:54:37.998] Adding entry into typings cache: 'buffer-from' => '/home/beethoven/.cache/typescript/4.7/node_modules/@types/buffer-from/index.d.ts'
[22:54:37.999] Adding entry into typings cache: 'busboy' => '/home/beethoven/.cache/typescript/4.7/node_modules/@types/busboy/index.d.ts'
[22:54:38.000] Adding entry into typings cache: 'bytes' => '/home/beethoven/.cache/typescript/4.7/node_modules/@types/bytes/index.d.ts'
[22:54:38.001] Adding entry into typings cache: 'cacache' => '/home/beethoven/.cache/typescript/4.7/node_modules/@types/cacache/index.d.ts'
[22:54:38.002] Adding entry into typings cache: 'call-bind' => '/home/beethoven/.cache/typescript/4.7/node_modules/@types/call-bind/index.d.ts'
[22:54:38.002] Adding entry into typings cache: 'caniuse-lite' => '/home/beethoven/.cache/typescript/4.7/node_modules/@types/caniuse-lite/index.d.ts'
[22:54:38.003] Adding entry into typings cache: 'caseless' => '/home/beethoven/.cache/typescript/4.7/node_modules/@types/caseless/index.d.ts'
[22:54:38.004] Adding entry into typings cache: 'chai' => '/home/beethoven/.cache/typescript/4.7/node_modules/@types/chai/index.d.ts'
[22:54:38.004] Adding entry into typings cache: 'chownr' => '/home/beethoven/.cache/typescript/4.7/node_modules/@types/chownr/index.d.ts'
[22:54:38.005] Adding entry into typings cache: 'cli-color' => '/home/beethoven/.cache/typescript/4.7/node_modules/@types/cli-color/index.d.ts'
[22:54:38.006] Adding entry into typings cache: 'color-convert' => '/home/beethoven/.cache/typescript/4.7/node_modules/@types/color-convert/index.d.ts'
[22:54:38.008] Adding entry into typings cache: 'color-name' => '/home/beethoven/.cache/typescript/4.7/node_modules/@types/color-name/index.d.ts'
[22:54:38.009] Adding entry into typings cache: 'color-support' => '/home/beethoven/.cache/typescript/4.7/node_modules/@types/color-support/index.d.ts'
[22:54:38.010] Adding entry into typings cache: 'combined-stream' => '/home/beethoven/.cache/typescript/4.7/node_modules/@types/combined-stream/index.d.ts'
[22:54:38.011] Adding entry into typings cache: 'commondir' => '/home/beethoven/.cache/typescript/4.7/node_modules/@types/commondir/index.d.ts'
[22:54:38.011] Adding entry into typings cache: 'concat-map' => '/home/beethoven/.cache/typescript/4.7/node_modules/@types/concat-map/index.d.ts'
[22:54:38.012] Adding entry into typings cache: 'content-disposition' => '/home/beethoven/.cache/typescript/4.7/node_modules/@types/content-disposition/index.d.ts'
[22:54:38.013] Adding entry into typings cache: 'content-type' => '/home/beethoven/.cache/typescript/4.7/node_modules/@types/content-type/index.d.ts'
[22:54:38.014] Adding entry into typings cache: 'cookie' => '/home/beethoven/.cache/typescript/4.7/node_modules/@types/cookie/index.d.ts'
[22:54:38.015] Adding entry into typings cache: 'cookie-signature' => '/home/beethoven/.cache/typescript/4.7/node_modules/@types/cookie-signature/index.d.ts'
[22:54:38.015] Adding entry into typings cache: 'core-js' => '/home/beethoven/.cache/typescript/4.7/node_modules/@types/core-js/index.d.ts'
[22:54:38.016] Adding entry into typings cache: 'cors' => '/home/beethoven/.cache/typescript/4.7/node_modules/@types/cors/index.d.ts'
[22:54:38.016] Adding entry into typings cache: 'cross-spawn' => '/home/beethoven/.cache/typescript/4.7/node_modules/@types/cross-spawn/index.d.ts'
[22:54:38.017] Adding entry into typings cache: 'd' => '/home/beethoven/.cache/typescript/4.7/node_modules/@types/d/index.d.ts'
[22:54:38.017] Adding entry into typings cache: 'damerau-levenshtein' => '/home/beethoven/.cache/typescript/4.7/node_modules/@types/damerau-levenshtein/index.d.ts'
[22:54:38.018] Adding entry into typings cache: 'dashdash' => '/home/beethoven/.cache/typescript/4.7/node_modules/@types/dashdash/index.d.ts'
[22:54:38.022] Adding entry into typings cache: 'debug' => '/home/beethoven/.cache/typescript/4.7/node_modules/@types/debug/index.d.ts'
[22:54:38.023] Adding entry into typings cache: 'define-properties' => '/home/beethoven/.cache/typescript/4.7/node_modules/@types/define-properties/index.d.ts'
[22:54:38.024] Adding entry into typings cache: 'delegates' => '/home/beethoven/.cache/typescript/4.7/node_modules/@types/delegates/index.d.ts'
[22:54:38.026] Adding entry into typings cache: 'depd' => '/home/beethoven/.cache/typescript/4.7/node_modules/@types/depd/index.d.ts'
[22:54:38.027] Adding entry into typings cache: 'destroy' => '/home/beethoven/.cache/typescript/4.7/node_modules/@types/destroy/index.d.ts'
[22:54:38.028] Adding entry into typings cache: 'diff' => '/home/beethoven/.cache/typescript/4.7/node_modules/@types/diff/index.d.ts'
[22:54:38.029] Adding entry into typings cache: 'dir-glob' => '/home/beethoven/.cache/typescript/4.7/node_modules/@types/dir-glob/index.d.ts'
[22:54:38.030] Adding entry into typings cache: 'doctrine' => '/home/beethoven/.cache/typescript/4.7/node_modules/@types/doctrine/index.d.ts'
[22:54:38.031] Adding entry into typings cache: 'dottie' => '/home/beethoven/.cache/typescript/4.7/node_modules/@types/dottie/index.d.ts'
[22:54:38.032] Adding entry into typings cache: 'ee-first' => '/home/beethoven/.cache/typescript/4.7/node_modules/@types/ee-first/index.d.ts'
[22:54:38.033] Adding entry into typings cache: 'encodeurl' => '/home/beethoven/.cache/typescript/4.7/node_modules/@types/encodeurl/index.d.ts'
[22:54:38.034] Adding entry into typings cache: 'es-abstract' => '/home/beethoven/.cache/typescript/4.7/node_modules/@types/es-abstract/index.d.ts'
[22:54:38.035] Adding entry into typings cache: 'es-to-primitive' => '/home/beethoven/.cache/typescript/4.7/node_modules/@types/es-to-primitive/index.d.ts'
[22:54:38.035] Adding entry into typings cache: 'es6-weak-map' => '/home/beethoven/.cache/typescript/4.7/node_modules/@types/es6-weak-map/index.d.ts'
[22:54:38.036] Adding entry into typings cache: 'escape-html' => '/home/beethoven/.cache/typescript/4.7/node_modules/@types/escape-html/index.d.ts'
[22:54:38.037] Adding entry into typings cache: 'eslint' => '/home/beethoven/.cache/typescript/4.7/node_modules/@types/eslint/index.d.ts'
[22:54:38.038] Adding entry into typings cache: 'eslint-plugin-prettier' => '/home/beethoven/.cache/typescript/4.7/node_modules/@types/eslint-plugin-prettier/index.d.ts'
[22:54:38.039] Adding entry into typings cache: 'eslint-scope' => '/home/beethoven/.cache/typescript/4.7/node_modules/@types/eslint-scope/index.d.ts'
[22:54:38.040] Adding entry into typings cache: 'eslint-utils' => '/home/beethoven/.cache/typescript/4.7/node_modules/@types/eslint-utils/index.d.ts'
[22:54:38.041] Adding entry into typings cache: 'esquery' => '/home/beethoven/.cache/typescript/4.7/node_modules/@types/esquery/index.d.ts'
[22:54:38.041] Adding entry into typings cache: 'estraverse' => '/home/beethoven/.cache/typescript/4.7/node_modules/@types/estraverse/index.d.ts'
[22:54:38.043] Adding entry into typings cache: 'esutils' => '/home/beethoven/.cache/typescript/4.7/node_modules/@types/esutils/index.d.ts'
[22:54:38.044] Adding entry into typings cache: 'etag' => '/home/beethoven/.cache/typescript/4.7/node_modules/@types/etag/index.d.ts'
[22:54:38.045] Adding entry into typings cache: 'event-emitter' => '/home/beethoven/.cache/typescript/4.7/node_modules/@types/event-emitter/index.d.ts'
[22:54:38.046] Adding entry into typings cache: 'express' => '/home/beethoven/.cache/typescript/4.7/node_modules/@types/express/index.d.ts'
[22:54:38.047] Adding entry into typings cache: 'express-fileupload' => '/home/beethoven/.cache/typescript/4.7/node_modules/@types/express-fileupload/index.d.ts'
[22:54:38.048] Adding entry into typings cache: 'express-session' => '/home/beethoven/.cache/typescript/4.7/node_modules/@types/express-session/index.d.ts'
[22:54:38.053] Adding entry into typings cache: 'extend' => '/home/beethoven/.cache/typescript/4.7/node_modules/@types/extend/index.d.ts'
[22:54:38.053] Adding entry into typings cache: 'extsprintf' => '/home/beethoven/.cache/typescript/4.7/node_modules/@types/extsprintf/index.d.ts'
[22:54:38.054] Adding entry into typings cache: 'fast-levenshtein' => '/home/beethoven/.cache/typescript/4.7/node_modules/@types/fast-levenshtein/index.d.ts'
[22:54:38.055] Adding entry into typings cache: 'file-entry-cache' => '/home/beethoven/.cache/typescript/4.7/node_modules/@types/file-entry-cache/index.d.ts'
[22:54:38.056] Adding entry into typings cache: 'fill-range' => '/home/beethoven/.cache/typescript/4.7/node_modules/@types/fill-range/index.d.ts'
[22:54:38.056] Adding entry into typings cache: 'finalhandler' => '/home/beethoven/.cache/typescript/4.7/node_modules/@types/finalhandler/index.d.ts'
[22:54:38.059] Adding entry into typings cache: 'find-cache-dir' => '/home/beethoven/.cache/typescript/4.7/node_modules/@types/find-cache-dir/index.d.ts'
[22:54:38.060] Adding entry into typings cache: 'flat-cache' => '/home/beethoven/.cache/typescript/4.7/node_modules/@types/flat-cache/index.d.ts'
[22:54:38.062] Adding entry into typings cache: 'follow-redirects' => '/home/beethoven/.cache/typescript/4.7/node_modules/@types/follow-redirects/index.d.ts'
[22:54:38.063] Adding entry into typings cache: 'forever-agent' => '/home/beethoven/.cache/typescript/4.7/node_modules/@types/forever-agent/index.d.ts'
[22:54:38.064] Adding entry into typings cache: 'forwarded' => '/home/beethoven/.cache/typescript/4.7/node_modules/@types/forwarded/index.d.ts'
[22:54:38.064] Adding entry into typings cache: 'fresh' => '/home/beethoven/.cache/typescript/4.7/node_modules/@types/fresh/index.d.ts'
[22:54:38.066] Adding entry into typings cache: 'fs-extra' => '/home/beethoven/.cache/typescript/4.7/node_modules/@types/fs-extra/index.d.ts'
[22:54:38.067] Adding entry into typings cache: 'function-bind' => '/home/beethoven/.cache/typescript/4.7/node_modules/@types/function-bind/index.d.ts'
[22:54:38.067] Adding entry into typings cache: 'functional-red-black-tree' => '/home/beethoven/.cache/typescript/4.7/node_modules/@types/functional-red-black-tree/index.d.ts'
[22:54:38.068] Adding entry into typings cache: 'gaze' => '/home/beethoven/.cache/typescript/4.7/node_modules/@types/gaze/index.d.ts'
[22:54:38.069] Adding entry into typings cache: 'get-intrinsic' => '/home/beethoven/.cache/typescript/4.7/node_modules/@types/get-intrinsic/index.d.ts'
[22:54:38.070] Adding entry into typings cache: 'getpass' => '/home/beethoven/.cache/typescript/4.7/node_modules/@types/getpass/index.d.ts'
[22:54:38.070] Adding entry into typings cache: 'gh-pages' => '/home/beethoven/.cache/typescript/4.7/node_modules/@types/gh-pages/index.d.ts'
[22:54:38.071] Adding entry into typings cache: 'glob' => '/home/beethoven/.cache/typescript/4.7/node_modules/@types/glob/index.d.ts'
[22:54:38.071] Adding entry into typings cache: 'glob-parent' => '/home/beethoven/.cache/typescript/4.7/node_modules/@types/glob-parent/index.d.ts'
[22:54:38.072] Adding entry into typings cache: 'globule' => '/home/beethoven/.cache/typescript/4.7/node_modules/@types/globule/index.d.ts'
[22:54:38.073] Adding entry into typings cache: 'graceful-fs' => '/home/beethoven/.cache/typescript/4.7/node_modules/@types/graceful-fs/index.d.ts'
[22:54:38.074] Adding entry into typings cache: 'has' => '/home/beethoven/.cache/typescript/4.7/node_modules/@types/has/index.d.ts'
[22:54:38.075] Adding entry into typings cache: 'has-symbols' => '/home/beethoven/.cache/typescript/4.7/node_modules/@types/has-symbols/index.d.ts'
[22:54:38.079] Adding entry into typings cache: 'hosted-git-info' => '/home/beethoven/.cache/typescript/4.7/node_modules/@types/hosted-git-info/index.d.ts'
[22:54:38.079] Adding entry into typings cache: 'http-cache-semantics' => '/home/beethoven/.cache/typescript/4.7/node_modules/@types/http-cache-semantics/index.d.ts'
[22:54:38.080] Adding entry into typings cache: 'http-errors' => '/home/beethoven/.cache/typescript/4.7/node_modules/@types/http-errors/index.d.ts'
[22:54:38.081] Adding entry into typings cache: 'humanize-ms' => '/home/beethoven/.cache/typescript/4.7/node_modules/@types/humanize-ms/index.d.ts'
[22:54:38.081] Adding entry into typings cache: 'imurmurhash' => '/home/beethoven/.cache/typescript/4.7/node_modules/@types/imurmurhash/index.d.ts'
[22:54:38.082] Adding entry into typings cache: 'inflection' => '/home/beethoven/.cache/typescript/4.7/node_modules/@types/inflection/index.d.ts'
[22:54:38.082] Adding entry into typings cache: 'inherits' => '/home/beethoven/.cache/typescript/4.7/node_modules/@types/inherits/index.d.ts'
[22:54:38.083] Adding entry into typings cache: 'ini' => '/home/beethoven/.cache/typescript/4.7/node_modules/@types/ini/index.d.ts'
[22:54:38.083] Adding entry into typings cache: 'internal-slot' => '/home/beethoven/.cache/typescript/4.7/node_modules/@types/internal-slot/index.d.ts'
[22:54:38.085] Adding entry into typings cache: 'ip' => '/home/beethoven/.cache/typescript/4.7/node_modules/@types/ip/index.d.ts'
[22:54:38.085] Adding entry into typings cache: 'is-bigint' => '/home/beethoven/.cache/typescript/4.7/node_modules/@types/is-bigint/index.d.ts'
[22:54:38.086] Adding entry into typings cache: 'is-boolean-object' => '/home/beethoven/.cache/typescript/4.7/node_modules/@types/is-boolean-object/index.d.ts'
[22:54:38.086] Adding entry into typings cache: 'is-callable' => '/home/beethoven/.cache/typescript/4.7/node_modules/@types/is-callable/index.d.ts'
[22:54:38.087] Adding entry into typings cache: 'is-core-module' => '/home/beethoven/.cache/typescript/4.7/node_modules/@types/is-core-module/index.d.ts'
[22:54:38.087] Adding entry into typings cache: 'is-date-object' => '/home/beethoven/.cache/typescript/4.7/node_modules/@types/is-date-object/index.d.ts'
[22:54:38.088] Adding entry into typings cache: 'is-glob' => '/home/beethoven/.cache/typescript/4.7/node_modules/@types/is-glob/index.d.ts'
[22:54:38.088] Adding entry into typings cache: 'is-number' => '/home/beethoven/.cache/typescript/4.7/node_modules/@types/is-number/index.d.ts'
[22:54:38.089] Adding entry into typings cache: 'is-regex' => '/home/beethoven/.cache/typescript/4.7/node_modules/@types/is-regex/index.d.ts'
[22:54:38.089] Adding entry into typings cache: 'is-string' => '/home/beethoven/.cache/typescript/4.7/node_modules/@types/is-string/index.d.ts'
[22:54:38.090] Adding entry into typings cache: 'is-typedarray' => '/home/beethoven/.cache/typescript/4.7/node_modules/@types/is-typedarray/index.d.ts'
[22:54:38.090] Adding entry into typings cache: 'isarray' => '/home/beethoven/.cache/typescript/4.7/node_modules/@types/isarray/index.d.ts'
[22:54:38.091] Adding entry into typings cache: 'isexe' => '/home/beethoven/.cache/typescript/4.7/node_modules/@types/isexe/index.d.ts'
[22:54:38.095] Adding entry into typings cache: 'isstream' => '/home/beethoven/.cache/typescript/4.7/node_modules/@types/isstream/index.d.ts'
[22:54:38.096] Adding entry into typings cache: 'js-beautify' => '/home/beethoven/.cache/typescript/4.7/node_modules/@types/js-beautify/index.d.ts'
[22:54:38.096] Adding entry into typings cache: 'js-yaml' => '/home/beethoven/.cache/typescript/4.7/node_modules/@types/js-yaml/index.d.ts'
[22:54:38.097] Adding entry into typings cache: 'jsbn' => '/home/beethoven/.cache/typescript/4.7/node_modules/@types/jsbn/index.d.ts'
[22:54:38.098] Adding entry into typings cache: 'json-schema' => '/home/beethoven/.cache/typescript/4.7/node_modules/@types/json-schema/index.d.ts'
[22:54:38.100] Adding entry into typings cache: 'json-stringify-safe' => '/home/beethoven/.cache/typescript/4.7/node_modules/@types/json-stringify-safe/index.d.ts'
[22:54:38.100] Adding entry into typings cache: 'jsonfile' => '/home/beethoven/.cache/typescript/4.7/node_modules/@types/jsonfile/index.d.ts'
[22:54:38.103] Adding entry into typings cache: 'jsonwebtoken' => '/home/beethoven/.cache/typescript/4.7/node_modules/@types/jsonwebtoken/index.d.ts'
[22:54:38.104] Adding entry into typings cache: 'jws' => '/home/beethoven/.cache/typescript/4.7/node_modules/@types/jws/index.d.ts'
[22:54:38.104] Adding entry into typings cache: 'jwt-simple' => '/home/beethoven/.cache/typescript/4.7/node_modules/@types/jwt-simple/index.d.ts'
[22:54:38.106] Adding entry into typings cache: 'kind-of' => '/home/beethoven/.cache/typescript/4.7/node_modules/@types/kind-of/index.d.ts'
[22:54:38.107] Adding entry into typings cache: 'language-tags' => '/home/beethoven/.cache/typescript/4.7/node_modules/@types/language-tags/index.d.ts'
[22:54:38.108] Adding entry into typings cache: 'linkify-it' => '/home/beethoven/.cache/typescript/4.7/node_modules/@types/linkify-it/index.d.ts'
[22:54:38.109] Adding entry into typings cache: 'lodash' => '/home/beethoven/.cache/typescript/4.7/node_modules/@types/lodash/index.d.ts'
[22:54:38.109] Adding entry into typings cache: 'lodash.includes' => '/home/beethoven/.cache/typescript/4.7/node_modules/@types/lodash.includes/index.d.ts'
[22:54:38.110] Adding entry into typings cache: 'lodash.isboolean' => '/home/beethoven/.cache/typescript/4.7/node_modules/@types/lodash.isboolean/index.d.ts'
[22:54:38.110] Adding entry into typings cache: 'lodash.isinteger' => '/home/beethoven/.cache/typescript/4.7/node_modules/@types/lodash.isinteger/index.d.ts'
[22:54:38.111] Adding entry into typings cache: 'lodash.isnumber' => '/home/beethoven/.cache/typescript/4.7/node_modules/@types/lodash.isnumber/index.d.ts'
[22:54:38.112] Adding entry into typings cache: 'lodash.isplainobject' => '/home/beethoven/.cache/typescript/4.7/node_modules/@types/lodash.isplainobject/index.d.ts'
[22:54:38.113] Adding entry into typings cache: 'lodash.isstring' => '/home/beethoven/.cache/typescript/4.7/node_modules/@types/lodash.isstring/index.d.ts'
[22:54:38.116] Adding entry into typings cache: 'lodash.merge' => '/home/beethoven/.cache/typescript/4.7/node_modules/@types/lodash.merge/index.d.ts'
[22:54:38.116] Adding entry into typings cache: 'lodash.once' => '/home/beethoven/.cache/typescript/4.7/node_modules/@types/lodash.once/index.d.ts'
[22:54:38.117] Adding entry into typings cache: 'make-fetch-happen' => '/home/beethoven/.cache/typescript/4.7/node_modules/@types/make-fetch-happen/index.d.ts'
[22:54:38.117] Adding entry into typings cache: 'markdown-it' => '/home/beethoven/.cache/typescript/4.7/node_modules/@types/markdown-it/index.d.ts'
[22:54:38.118] Adding entry into typings cache: 'mdurl' => '/home/beethoven/.cache/typescript/4.7/node_modules/@types/mdurl/index.d.ts'
[22:54:38.118] Adding entry into typings cache: 'media-typer' => '/home/beethoven/.cache/typescript/4.7/node_modules/@types/media-typer/index.d.ts'
[22:54:38.122] Adding entry into typings cache: 'memoizee' => '/home/beethoven/.cache/typescript/4.7/node_modules/@types/memoizee/index.d.ts'
[22:54:38.122] Adding entry into typings cache: 'merge-descriptors' => '/home/beethoven/.cache/typescript/4.7/node_modules/@types/merge-descriptors/index.d.ts'
[22:54:38.123] Adding entry into typings cache: 'merge2' => '/home/beethoven/.cache/typescript/4.7/node_modules/@types/merge2/index.d.ts'
[22:54:38.123] Adding entry into typings cache: 'methods' => '/home/beethoven/.cache/typescript/4.7/node_modules/@types/methods/index.d.ts'
[22:54:38.124] Adding entry into typings cache: 'micromatch' => '/home/beethoven/.cache/typescript/4.7/node_modules/@types/micromatch/index.d.ts'
[22:54:38.125] Adding entry into typings cache: 'mime' => '/home/beethoven/.cache/typescript/4.7/node_modules/@types/mime/index.d.ts'
[22:54:38.127] Adding entry into typings cache: 'mime-db' => '/home/beethoven/.cache/typescript/4.7/node_modules/@types/mime-db/index.d.ts'
[22:54:38.128] Adding entry into typings cache: 'mime-types' => '/home/beethoven/.cache/typescript/4.7/node_modules/@types/mime-types/index.d.ts'
[22:54:38.129] Adding entry into typings cache: 'min-indent' => '/home/beethoven/.cache/typescript/4.7/node_modules/@types/min-indent/index.d.ts'
[22:54:38.129] Adding entry into typings cache: 'minimatch' => '/home/beethoven/.cache/typescript/4.7/node_modules/@types/minimatch/index.d.ts'
[22:54:38.130] Adding entry into typings cache: 'minimist' => '/home/beethoven/.cache/typescript/4.7/node_modules/@types/minimist/index.d.ts'
[22:54:38.131] Adding entry into typings cache: 'minipass' => '/home/beethoven/.cache/typescript/4.7/node_modules/@types/minipass/index.d.ts'
[22:54:38.132] Adding entry into typings cache: 'minizlib' => '/home/beethoven/.cache/typescript/4.7/node_modules/@types/minizlib/index.d.ts'
[22:54:38.133] Adding entry into typings cache: 'mkdirp' => '/home/beethoven/.cache/typescript/4.7/node_modules/@types/mkdirp/index.d.ts'
[22:54:38.133] Adding entry into typings cache: 'mocha' => '/home/beethoven/.cache/typescript/4.7/node_modules/@types/mocha/index.d.ts'
[22:54:38.140] Adding entry into typings cache: 'ms' => '/home/beethoven/.cache/typescript/4.7/node_modules/@types/ms/index.d.ts'
[22:54:38.141] Adding entry into typings cache: 'natural-compare' => '/home/beethoven/.cache/typescript/4.7/node_modules/@types/natural-compare/index.d.ts'
[22:54:38.142] Adding entry into typings cache: 'negotiator' => '/home/beethoven/.cache/typescript/4.7/node_modules/@types/negotiator/index.d.ts'
[22:54:38.142] Adding entry into typings cache: 'next-tick' => '/home/beethoven/.cache/typescript/4.7/node_modules/@types/next-tick/index.d.ts'
[22:54:38.143] Adding entry into typings cache: 'node-sass' => '/home/beethoven/.cache/typescript/4.7/node_modules/@types/node-sass/index.d.ts'
[22:54:38.143] Adding entry into typings cache: 'nodemon' => '/home/beethoven/.cache/typescript/4.7/node_modules/@types/nodemon/index.d.ts'
[22:54:38.144] Adding entry into typings cache: 'nopt' => '/home/beethoven/.cache/typescript/4.7/node_modules/@types/nopt/index.d.ts'
[22:54:38.144] Adding entry into typings cache: 'normalize-package-data' => '/home/beethoven/.cache/typescript/4.7/node_modules/@types/normalize-package-data/index.d.ts'
[22:54:38.147] Adding entry into typings cache: 'normalize-path' => '/home/beethoven/.cache/typescript/4.7/node_modules/@types/normalize-path/index.d.ts'
[22:54:38.147] Adding entry into typings cache: 'npmlog' => '/home/beethoven/.cache/typescript/4.7/node_modules/@types/npmlog/index.d.ts'
[22:54:38.148] Adding entry into typings cache: 'oauth' => '/home/beethoven/.cache/typescript/4.7/node_modules/@types/oauth/index.d.ts'
[22:54:38.148] Adding entry into typings cache: 'object-assign' => '/home/beethoven/.cache/typescript/4.7/node_modules/@types/object-assign/index.d.ts'
[22:54:38.149] Adding entry into typings cache: 'object-inspect' => '/home/beethoven/.cache/typescript/4.7/node_modules/@types/object-inspect/index.d.ts'
[22:54:38.150] Adding entry into typings cache: 'object-keys' => '/home/beethoven/.cache/typescript/4.7/node_modules/@types/object-keys/index.d.ts'
[22:54:38.150] Adding entry into typings cache: 'object.fromentries' => '/home/beethoven/.cache/typescript/4.7/node_modules/@types/object.fromentries/index.d.ts'
[22:54:38.151] Adding entry into typings cache: 'on-finished' => '/home/beethoven/.cache/typescript/4.7/node_modules/@types/on-finished/index.d.ts'
[22:54:38.151] Adding entry into typings cache: 'once' => '/home/beethoven/.cache/typescript/4.7/node_modules/@types/once/index.d.ts'
[22:54:38.152] Adding entry into typings cache: 'parse-json' => '/home/beethoven/.cache/typescript/4.7/node_modules/@types/parse-json/index.d.ts'
[22:54:38.153] Adding entry into typings cache: 'parseurl' => '/home/beethoven/.cache/typescript/4.7/node_modules/@types/parseurl/index.d.ts'
[22:54:38.154] Adding entry into typings cache: 'passport' => '/home/beethoven/.cache/typescript/4.7/node_modules/@types/passport/index.d.ts'
[22:54:38.155] Adding entry into typings cache: 'passport-github' => '/home/beethoven/.cache/typescript/4.7/node_modules/@types/passport-github/index.d.ts'
[22:54:38.155] Adding entry into typings cache: 'passport-jwt' => '/home/beethoven/.cache/typescript/4.7/node_modules/@types/passport-jwt/index.d.ts'
[22:54:38.156] Adding entry into typings cache: 'passport-local' => '/home/beethoven/.cache/typescript/4.7/node_modules/@types/passport-local/index.d.ts'
[22:54:38.156] Adding entry into typings cache: 'passport-local-mongoose' => '/home/beethoven/.cache/typescript/4.7/node_modules/@types/passport-local-mongoose/index.d.ts'
[22:54:38.157] Adding entry into typings cache: 'passport-oauth2' => '/home/beethoven/.cache/typescript/4.7/node_modules/@types/passport-oauth2/index.d.ts'
[22:54:38.157] Adding entry into typings cache: 'passport-strategy' => '/home/beethoven/.cache/typescript/4.7/node_modules/@types/passport-strategy/index.d.ts'
[22:54:38.158] Adding entry into typings cache: 'passport-twitter' => '/home/beethoven/.cache/typescript/4.7/node_modules/@types/passport-twitter/index.d.ts'
[22:54:38.159] Adding entry into typings cache: 'path-is-absolute' => '/home/beethoven/.cache/typescript/4.7/node_modules/@types/path-is-absolute/index.d.ts'
[22:54:38.160] Adding entry into typings cache: 'path-parse' => '/home/beethoven/.cache/typescript/4.7/node_modules/@types/path-parse/index.d.ts'
[22:54:38.160] Adding entry into typings cache: 'pause' => '/home/beethoven/.cache/typescript/4.7/node_modules/@types/pause/index.d.ts'
[22:54:38.164] Adding entry into typings cache: 'pg' => '/home/beethoven/.cache/typescript/4.7/node_modules/@types/pg/index.d.ts'
[22:54:38.164] Adding entry into typings cache: 'pg-pool' => '/home/beethoven/.cache/typescript/4.7/node_modules/@types/pg-pool/index.d.ts'
[22:54:38.166] Adding entry into typings cache: 'picomatch' => '/home/beethoven/.cache/typescript/4.7/node_modules/@types/picomatch/index.d.ts'
[22:54:38.166] Adding entry into typings cache: 'pify' => '/home/beethoven/.cache/typescript/4.7/node_modules/@types/pify/index.d.ts'
[22:54:38.166] Adding entry into typings cache: 'prelude-ls' => '/home/beethoven/.cache/typescript/4.7/node_modules/@types/prelude-ls/index.d.ts'
[22:54:38.167] Adding entry into typings cache: 'prettier' => '/home/beethoven/.cache/typescript/4.7/node_modules/@types/prettier/index.d.ts'
[22:54:38.167] Adding entry into typings cache: 'promise-inflight' => '/home/beethoven/.cache/typescript/4.7/node_modules/@types/promise-inflight/index.d.ts'
[22:54:38.168] Adding entry into typings cache: 'promise-retry' => '/home/beethoven/.cache/typescript/4.7/node_modules/@types/promise-retry/index.d.ts'
[22:54:38.169] Adding entry into typings cache: 'prop-types' => '/home/beethoven/.cache/typescript/4.7/node_modules/@types/prop-types/index.d.ts'
[22:54:38.169] Adding entry into typings cache: 'proxy-addr' => '/home/beethoven/.cache/typescript/4.7/node_modules/@types/proxy-addr/index.d.ts'
[22:54:38.170] Adding entry into typings cache: 'psl' => '/home/beethoven/.cache/typescript/4.7/node_modules/@types/psl/index.d.ts'
[22:54:38.174] Adding entry into typings cache: 'punycode' => '/home/beethoven/.cache/typescript/4.7/node_modules/@types/punycode/index.d.ts'
[22:54:38.175] Adding entry into typings cache: 'qs' => '/home/beethoven/.cache/typescript/4.7/node_modules/@types/qs/index.d.ts'
[22:54:38.179] Adding entry into typings cache: 'range-parser' => '/home/beethoven/.cache/typescript/4.7/node_modules/@types/range-parser/index.d.ts'
[22:54:38.180] Adding entry into typings cache: 'react' => '/home/beethoven/.cache/typescript/4.7/node_modules/@types/react/index.d.ts'
[22:54:38.181] Adding entry into typings cache: 'react-bootstrap' => '/home/beethoven/.cache/typescript/4.7/node_modules/@types/react-bootstrap/index.d.ts'
[22:54:38.182] Adding entry into typings cache: 'react-dom' => '/home/beethoven/.cache/typescript/4.7/node_modules/@types/react-dom/index.d.ts'
[22:54:38.183] Adding entry into typings cache: 'react-is' => '/home/beethoven/.cache/typescript/4.7/node_modules/@types/react-is/index.d.ts'
[22:54:38.184] Adding entry into typings cache: 'readable-stream' => '/home/beethoven/.cache/typescript/4.7/node_modules/@types/readable-stream/index.d.ts'
[22:54:38.184] Adding entry into typings cache: 'regenerator-runtime' => '/home/beethoven/.cache/typescript/4.7/node_modules/@types/regenerator-runtime/index.d.ts'
[22:54:38.184] Adding entry into typings cache: 'request' => '/home/beethoven/.cache/typescript/4.7/node_modules/@types/request/index.d.ts'
[22:54:38.185] Adding entry into typings cache: 'require-directory' => '/home/beethoven/.cache/typescript/4.7/node_modules/@types/require-directory/index.d.ts'
[22:54:38.186] Adding entry into typings cache: 'resolve' => '/home/beethoven/.cache/typescript/4.7/node_modules/@types/resolve/index.d.ts'
[22:54:38.186] Adding entry into typings cache: 'retry' => '/home/beethoven/.cache/typescript/4.7/node_modules/@types/retry/index.d.ts'
[22:54:38.186] Adding entry into typings cache: 'retry-as-promised' => '/home/beethoven/.cache/typescript/4.7/node_modules/@types/retry-as-promised/index.d.ts'
[22:54:38.187] Adding entry into typings cache: 'rimraf' => '/home/beethoven/.cache/typescript/4.7/node_modules/@types/rimraf/index.d.ts'
[22:54:38.188] Adding entry into typings cache: 'run-parallel' => '/home/beethoven/.cache/typescript/4.7/node_modules/@types/run-parallel/index.d.ts'
[22:54:38.188] Adding entry into typings cache: 'safer-buffer' => '/home/beethoven/.cache/typescript/4.7/node_modules/@types/safer-buffer/index.d.ts'
[22:54:38.189] Adding entry into typings cache: 'sass' => '/home/beethoven/.cache/typescript/4.7/node_modules/@types/sass/index.d.ts'
[22:54:38.195] Adding entry into typings cache: 'sass-graph' => '/home/beethoven/.cache/typescript/4.7/node_modules/@types/sass-graph/index.d.ts'
[22:54:38.196] Adding entry into typings cache: 'sass-loader' => '/home/beethoven/.cache/typescript/4.7/node_modules/@types/sass-loader/index.d.ts'
[22:54:38.196] Adding entry into typings cache: 'scheduler' => '/home/beethoven/.cache/typescript/4.7/node_modules/@types/scheduler/index.d.ts'
[22:54:38.197] Adding entry into typings cache: 'semver' => '/home/beethoven/.cache/typescript/4.7/node_modules/@types/semver/index.d.ts'
[22:54:38.197] Adding entry into typings cache: 'send' => '/home/beethoven/.cache/typescript/4.7/node_modules/@types/send/index.d.ts'
[22:54:38.198] Adding entry into typings cache: 'sequelize' => '/home/beethoven/.cache/typescript/4.7/node_modules/@types/sequelize/index.d.ts'
[22:54:38.198] Adding entry into typings cache: 'serve-static' => '/home/beethoven/.cache/typescript/4.7/node_modules/@types/serve-static/index.d.ts'
[22:54:38.199] Adding entry into typings cache: 'shebang-command' => '/home/beethoven/.cache/typescript/4.7/node_modules/@types/shebang-command/index.d.ts'
[22:54:38.199] Adding entry into typings cache: 'sigmund' => '/home/beethoven/.cache/typescript/4.7/node_modules/@types/sigmund/index.d.ts'
[22:54:38.199] Adding entry into typings cache: 'signal-exit' => '/home/beethoven/.cache/typescript/4.7/node_modules/@types/signal-exit/index.d.ts'
[22:54:38.200] Adding entry into typings cache: 'source-map-support' => '/home/beethoven/.cache/typescript/4.7/node_modules/@types/source-map-support/index.d.ts'
[22:54:38.201] Adding entry into typings cache: 'spdx-correct' => '/home/beethoven/.cache/typescript/4.7/node_modules/@types/spdx-correct/index.d.ts'
[22:54:38.201] Adding entry into typings cache: 'spdx-expression-parse' => '/home/beethoven/.cache/typescript/4.7/node_modules/@types/spdx-expression-parse/index.d.ts'
[22:54:38.201] Adding entry into typings cache: 'split2' => '/home/beethoven/.cache/typescript/4.7/node_modules/@types/split2/index.d.ts'
[22:54:38.203] Adding entry into typings cache: 'sshpk' => '/home/beethoven/.cache/typescript/4.7/node_modules/@types/sshpk/index.d.ts'
[22:54:38.204] Adding entry into typings cache: 'ssri' => '/home/beethoven/.cache/typescript/4.7/node_modules/@types/ssri/index.d.ts'
[22:54:38.204] Adding entry into typings cache: 'statuses' => '/home/beethoven/.cache/typescript/4.7/node_modules/@types/statuses/index.d.ts'
[22:54:38.204] Adding entry into typings cache: 'stdout-stream' => '/home/beethoven/.cache/typescript/4.7/node_modules/@types/stdout-stream/index.d.ts'
[22:54:38.205] Adding entry into typings cache: 'string.prototype.matchall' => '/home/beethoven/.cache/typescript/4.7/node_modules/@types/string.prototype.matchall/index.d.ts'
[22:54:38.207] Adding entry into typings cache: 'supports-color' => '/home/beethoven/.cache/typescript/4.7/node_modules/@types/supports-color/index.d.ts'
[22:54:38.207] Adding entry into typings cache: 'tailwindcss' => '/home/beethoven/.cache/typescript/4.7/node_modules/@types/tailwindcss/index.d.ts'
[22:54:38.208] Adding entry into typings cache: 'tar' => '/home/beethoven/.cache/typescript/4.7/node_modules/@types/tar/index.d.ts'
[22:54:38.210] Adding entry into typings cache: 'testing-library__jest-dom' => '/home/beethoven/.cache/typescript/4.7/node_modules/@types/testing-library__jest-dom/index.d.ts'
[22:54:38.210] Adding entry into typings cache: 'text-table' => '/home/beethoven/.cache/typescript/4.7/node_modules/@types/text-table/index.d.ts'
[22:54:38.211] Adding entry into typings cache: 'to-regex-range' => '/home/beethoven/.cache/typescript/4.7/node_modules/@types/to-regex-range/index.d.ts'
[22:54:38.211] Adding entry into typings cache: 'tough-cookie' => '/home/beethoven/.cache/typescript/4.7/node_modules/@types/tough-cookie/index.d.ts'
[22:54:38.211] Adding entry into typings cache: 'type-check' => '/home/beethoven/.cache/typescript/4.7/node_modules/@types/type-check/index.d.ts'
[22:54:38.212] Adding entry into typings cache: 'type-is' => '/home/beethoven/.cache/typescript/4.7/node_modules/@types/type-is/index.d.ts'
[22:54:38.212] Adding entry into typings cache: 'uid2' => '/home/beethoven/.cache/typescript/4.7/node_modules/@types/uid2/index.d.ts'
[22:54:38.213] Adding entry into typings cache: 'umzug' => '/home/beethoven/.cache/typescript/4.7/node_modules/@types/umzug/index.d.ts'
[22:54:38.213] Adding entry into typings cache: 'underscore' => '/home/beethoven/.cache/typescript/4.7/node_modules/@types/underscore/index.d.ts'
[22:54:38.214] Adding entry into typings cache: 'universalify' => '/home/beethoven/.cache/typescript/4.7/node_modules/@types/universalify/index.d.ts'
[22:54:38.214] Adding entry into typings cache: 'use-subscription' => '/home/beethoven/.cache/typescript/4.7/node_modules/@types/use-subscription/index.d.ts'
[22:54:38.214] Adding entry into typings cache: 'util-deprecate' => '/home/beethoven/.cache/typescript/4.7/node_modules/@types/util-deprecate/index.d.ts'
[22:54:38.218] Adding entry into typings cache: 'utils-merge' => '/home/beethoven/.cache/typescript/4.7/node_modules/@types/utils-merge/index.d.ts'
[22:54:38.218] Adding entry into typings cache: 'uuid' => '/home/beethoven/.cache/typescript/4.7/node_modules/@types/uuid/index.d.ts'
[22:54:38.219] Adding entry into typings cache: 'validate-npm-package-license' => '/home/beethoven/.cache/typescript/4.7/node_modules/@types/validate-npm-package-license/index.d.ts'
[22:54:38.219] Adding entry into typings cache: 'validator' => '/home/beethoven/.cache/typescript/4.7/node_modules/@types/validator/index.d.ts'
[22:54:38.220] Adding entry into typings cache: 'vary' => '/home/beethoven/.cache/typescript/4.7/node_modules/@types/vary/index.d.ts'
[22:54:38.220] Adding entry into typings cache: 'verror' => '/home/beethoven/.cache/typescript/4.7/node_modules/@types/verror/index.d.ts'
[22:54:38.220] Adding entry into typings cache: 'vue-the-mask' => '/home/beethoven/.cache/typescript/4.7/node_modules/@types/vue-the-mask/index.d.ts'
[22:54:38.221] Adding entry into typings cache: 'which' => '/home/beethoven/.cache/typescript/4.7/node_modules/@types/which/index.d.ts'
[22:54:38.222] Adding entry into typings cache: 'wrap-ansi' => '/home/beethoven/.cache/typescript/4.7/node_modules/@types/wrap-ansi/index.d.ts'
[22:54:38.223] Adding entry into typings cache: 'xmldom' => '/home/beethoven/.cache/typescript/4.7/node_modules/@types/xmldom/index.d.ts'
[22:54:38.223] Adding entry into typings cache: 'xtend' => '/home/beethoven/.cache/typescript/4.7/node_modules/@types/xtend/index.d.ts'
[22:54:38.224] Adding entry into typings cache: 'yallist' => '/home/beethoven/.cache/typescript/4.7/node_modules/@types/yallist/index.d.ts'
[22:54:38.225] Adding entry into typings cache: 'yargs' => '/home/beethoven/.cache/typescript/4.7/node_modules/@types/yargs/index.d.ts'
[22:54:38.225] Adding entry into typings cache: 'yargs-parser' => '/home/beethoven/.cache/typescript/4.7/node_modules/@types/yargs-parser/index.d.ts'
[22:54:38.225] Finished processing cache location '/home/beethoven/.cache/typescript/4.7'
[22:54:38.225] Process id: 559213
[22:54:38.225] NPM location: /usr/bin/npm (explicit '--npmLocation' not  provided)
[22:54:38.225] validateDefaultNpmLocation: false
[22:54:38.226] Npm config file: /home/beethoven/.cache/typescript/4.7/package.json
[22:54:38.226] Updating types-registry npm package...
[22:54:38.226] Exec: /usr/bin/npm install --ignore-scripts types-registry@latest
[22:54:40.950]     Succeeded. stdout:
    
    up to date, audited 357 packages in 2s

11 packages are looking for funding
  run `npm fund` for details

1 high severity vulnerability

To address all issues, run:
  npm audit fix

Run `npm audit` for details.

[22:54:40.950] Updated types-registry npm package
