[20:11:29.749] Global cache location '/home/beethoven/.cache/typescript/4.6', safe file path '/nix/store/7yhr9pm7w9l4bqn7r6qsc65mvfwsqv20-typescript-4.6.4/lib/node_modules/typescript/lib/typingSafeList.json', types map path /nix/store/7yhr9pm7w9l4bqn7r6qsc65mvfwsqv20-typescript-4.6.4/lib/node_modules/typescript/lib/typesMap.json
[20:11:29.751] Processing cache location '/home/beethoven/.cache/typescript/4.6'
[20:11:29.751] Trying to find '/home/beethoven/.cache/typescript/4.6/package.json'...
[20:11:29.913] Loaded content of '/home/beethoven/.cache/typescript/4.6/package.json': {"private":true,"dependencies":{"types-registry":"^0.1.603"},"devDependencies":{"@types/gh-pages":"^3.2.1","@types/react":"^18.0.14","@types/react-dom":"^18.0.5","@types/tailwindcss":"^3.0.10","@types/testing-library__jest-dom":"^5.14.4"}}
[20:11:29.913] Loaded content of '/home/beethoven/.cache/typescript/4.6/package-lock.json'
[20:11:30.033] Adding entry into typings cache: 'gh-pages' => '/home/beethoven/.cache/typescript/4.6/node_modules/@types/gh-pages/index.d.ts'
[20:11:30.245] Adding entry into typings cache: 'react' => '/home/beethoven/.cache/typescript/4.6/node_modules/@types/react/index.d.ts'
[20:11:30.327] Adding entry into typings cache: 'react-dom' => '/home/beethoven/.cache/typescript/4.6/node_modules/@types/react-dom/index.d.ts'
[20:11:30.526] Adding entry into typings cache: 'tailwindcss' => '/home/beethoven/.cache/typescript/4.6/node_modules/@types/tailwindcss/index.d.ts'
[20:11:30.597] Adding entry into typings cache: 'testing-library__jest-dom' => '/home/beethoven/.cache/typescript/4.6/node_modules/@types/testing-library__jest-dom/index.d.ts'
[20:11:30.597] Finished processing cache location '/home/beethoven/.cache/typescript/4.6'
[20:11:30.598] Process id: 58851
[20:11:30.598] NPM location: /nix/store/nld1byyfapgcm40dvwv3smv6i004wsxs-nodejs-14.19.3/bin/npm (explicit '--npmLocation' not  provided)
[20:11:30.598] validateDefaultNpmLocation: false
[20:11:30.599] Npm config file: /home/beethoven/.cache/typescript/4.6/package.json
[20:11:30.599] Updating types-registry npm package...
[20:11:30.599] Exec: /nix/store/nld1byyfapgcm40dvwv3smv6i004wsxs-nodejs-14.19.3/bin/npm install --ignore-scripts types-registry@latest
[20:11:37.352]     Succeeded. stdout:
    + types-registry@0.1.605
    updated 24 packages and audited 24 packages in 5.527s

3 packages are looking for funding
  run `npm fund` for details

found 0 vulnerabilities


[20:11:37.354] Updated types-registry npm package
