[12:46:57.732] Global cache location '/home/beethoven/.cache/typescript/4.6', safe file path '/nix/store/7yhr9pm7w9l4bqn7r6qsc65mvfwsqv20-typescript-4.6.4/lib/node_modules/typescript/lib/typingSafeList.json', types map path /nix/store/7yhr9pm7w9l4bqn7r6qsc65mvfwsqv20-typescript-4.6.4/lib/node_modules/typescript/lib/typesMap.json
[12:46:57.733] Processing cache location '/home/beethoven/.cache/typescript/4.6'
[12:46:57.733] Trying to find '/home/beethoven/.cache/typescript/4.6/package.json'...
[12:46:58.385] Loaded content of '/home/beethoven/.cache/typescript/4.6/package.json': {"private":true,"dependencies":{"types-registry":"^0.1.606"},"devDependencies":{"@types/gh-pages":"^3.2.1","@types/react":"^18.0.14","@types/react-dom":"^18.0.5","@types/tailwindcss":"^3.0.10","@types/testing-library__jest-dom":"^5.14.4"}}
[12:46:58.385] Loaded content of '/home/beethoven/.cache/typescript/4.6/package-lock.json'
[12:46:59.269] Adding entry into typings cache: 'gh-pages' => '/home/beethoven/.cache/typescript/4.6/node_modules/@types/gh-pages/index.d.ts'
[12:46:59.567] Adding entry into typings cache: 'react' => '/home/beethoven/.cache/typescript/4.6/node_modules/@types/react/index.d.ts'
[12:46:59.647] Adding entry into typings cache: 'react-dom' => '/home/beethoven/.cache/typescript/4.6/node_modules/@types/react-dom/index.d.ts'
[12:46:59.752] Adding entry into typings cache: 'tailwindcss' => '/home/beethoven/.cache/typescript/4.6/node_modules/@types/tailwindcss/index.d.ts'
[12:46:59.870] Adding entry into typings cache: 'testing-library__jest-dom' => '/home/beethoven/.cache/typescript/4.6/node_modules/@types/testing-library__jest-dom/index.d.ts'
[12:46:59.870] Finished processing cache location '/home/beethoven/.cache/typescript/4.6'
[12:46:59.871] Process id: 5460
[12:46:59.871] NPM location: /nix/store/nld1byyfapgcm40dvwv3smv6i004wsxs-nodejs-14.19.3/bin/npm (explicit '--npmLocation' not  provided)
[12:46:59.871] validateDefaultNpmLocation: false
[12:46:59.871] Npm config file: /home/beethoven/.cache/typescript/4.6/package.json
[12:46:59.872] Updating types-registry npm package...
[12:46:59.872] Exec: /nix/store/nld1byyfapgcm40dvwv3smv6i004wsxs-nodejs-14.19.3/bin/npm install --ignore-scripts types-registry@latest
[12:47:24.116]     Succeeded. stdout:
    + types-registry@0.1.606
    updated 1 package and audited 24 packages in 5.466s

3 packages are looking for funding
  run `npm fund` for details

found 0 vulnerabilities


[12:47:24.116] Updated types-registry npm package
