[13:16:06.437] Global cache location '/home/beethoven/.cache/typescript/4.6', safe file path '/nix/store/7yhr9pm7w9l4bqn7r6qsc65mvfwsqv20-typescript-4.6.4/lib/node_modules/typescript/lib/typingSafeList.json', types map path /nix/store/7yhr9pm7w9l4bqn7r6qsc65mvfwsqv20-typescript-4.6.4/lib/node_modules/typescript/lib/typesMap.json
[13:16:06.521] Processing cache location '/home/beethoven/.cache/typescript/4.6'
[13:16:06.521] Trying to find '/home/beethoven/.cache/typescript/4.6/package.json'...
[13:16:06.849] Loaded content of '/home/beethoven/.cache/typescript/4.6/package.json': {"private":true,"dependencies":{"types-registry":"^0.1.607"},"devDependencies":{"@types/gh-pages":"^3.2.1","@types/react":"^18.0.14","@types/react-dom":"^18.0.5","@types/tailwindcss":"^3.0.10","@types/testing-library__jest-dom":"^5.14.4"}}
[13:16:06.850] Loaded content of '/home/beethoven/.cache/typescript/4.6/package-lock.json'
[13:16:07.414] Adding entry into typings cache: 'gh-pages' => '/home/beethoven/.cache/typescript/4.6/node_modules/@types/gh-pages/index.d.ts'
[13:16:07.682] Adding entry into typings cache: 'react' => '/home/beethoven/.cache/typescript/4.6/node_modules/@types/react/index.d.ts'
[13:16:07.756] Adding entry into typings cache: 'react-dom' => '/home/beethoven/.cache/typescript/4.6/node_modules/@types/react-dom/index.d.ts'
[13:16:07.893] Adding entry into typings cache: 'tailwindcss' => '/home/beethoven/.cache/typescript/4.6/node_modules/@types/tailwindcss/index.d.ts'
[13:16:08.040] Adding entry into typings cache: 'testing-library__jest-dom' => '/home/beethoven/.cache/typescript/4.6/node_modules/@types/testing-library__jest-dom/index.d.ts'
[13:16:08.040] Finished processing cache location '/home/beethoven/.cache/typescript/4.6'
[13:16:08.040] Process id: 67849
[13:16:08.040] NPM location: /nix/store/nld1byyfapgcm40dvwv3smv6i004wsxs-nodejs-14.19.3/bin/npm (explicit '--npmLocation' not  provided)
[13:16:08.040] validateDefaultNpmLocation: false
[13:16:08.041] Npm config file: /home/beethoven/.cache/typescript/4.6/package.json
[13:16:08.041] Updating types-registry npm package...
[13:16:08.041] Exec: /nix/store/nld1byyfapgcm40dvwv3smv6i004wsxs-nodejs-14.19.3/bin/npm install --ignore-scripts types-registry@latest
[13:16:47.656]     Succeeded. stdout:
    + types-registry@0.1.607
    updated 1 package and audited 24 packages in 5.225s

3 packages are looking for funding
  run `npm fund` for details

found 0 vulnerabilities


[13:16:47.656] Updated types-registry npm package
