[22:27:51.718] Global cache location '/home/beethoven/.cache/typescript/4.6', safe file path '/nix/store/7yhr9pm7w9l4bqn7r6qsc65mvfwsqv20-typescript-4.6.4/lib/node_modules/typescript/lib/typingSafeList.json', types map path /nix/store/7yhr9pm7w9l4bqn7r6qsc65mvfwsqv20-typescript-4.6.4/lib/node_modules/typescript/lib/typesMap.json
[22:27:51.719] Processing cache location '/home/beethoven/.cache/typescript/4.6'
[22:27:51.719] Trying to find '/home/beethoven/.cache/typescript/4.6/package.json'...
[22:27:51.720] Loaded content of '/home/beethoven/.cache/typescript/4.6/package.json': {"private":true,"dependencies":{"types-registry":"^0.1.605"},"devDependencies":{"@types/gh-pages":"^3.2.1","@types/react":"^18.0.14","@types/react-dom":"^18.0.5","@types/tailwindcss":"^3.0.10","@types/testing-library__jest-dom":"^5.14.4"}}
[22:27:51.722] Loaded content of '/home/beethoven/.cache/typescript/4.6/package-lock.json'
[22:27:51.739] Adding entry into typings cache: 'gh-pages' => '/home/beethoven/.cache/typescript/4.6/node_modules/@types/gh-pages/index.d.ts'
[22:27:51.745] Adding entry into typings cache: 'react' => '/home/beethoven/.cache/typescript/4.6/node_modules/@types/react/index.d.ts'
[22:27:51.749] Adding entry into typings cache: 'react-dom' => '/home/beethoven/.cache/typescript/4.6/node_modules/@types/react-dom/index.d.ts'
[22:27:51.757] Adding entry into typings cache: 'tailwindcss' => '/home/beethoven/.cache/typescript/4.6/node_modules/@types/tailwindcss/index.d.ts'
[22:27:51.760] Adding entry into typings cache: 'testing-library__jest-dom' => '/home/beethoven/.cache/typescript/4.6/node_modules/@types/testing-library__jest-dom/index.d.ts'
[22:27:51.760] Finished processing cache location '/home/beethoven/.cache/typescript/4.6'
[22:27:51.761] Process id: 65634
[22:27:51.761] NPM location: /nix/store/nld1byyfapgcm40dvwv3smv6i004wsxs-nodejs-14.19.3/bin/npm (explicit '--npmLocation' not  provided)
[22:27:51.761] validateDefaultNpmLocation: false
[22:27:51.761] Npm config file: /home/beethoven/.cache/typescript/4.6/package.json
[22:27:51.761] Updating types-registry npm package...
[22:27:51.761] Exec: /nix/store/nld1byyfapgcm40dvwv3smv6i004wsxs-nodejs-14.19.3/bin/npm install --ignore-scripts types-registry@latest
[22:27:54.350]     Succeeded. stdout:
    + types-registry@0.1.605
    updated 1 package and audited 24 packages in 1.436s

3 packages are looking for funding
  run `npm fund` for details

found 0 vulnerabilities


[22:27:54.351] Updated types-registry npm package
[00:28:05.310] Got install request {"projectName":"/dev/null/inferredProject1*","fileNames":[],"compilerOptions":{"module":1,"target":3,"jsx":1,"allowJs":true,"allowSyntheticDefaultImports":true,"allowNonTsExtensions":true,"noEmitForJsFiles":true},"typeAcquisition":{"enable":true,"include":[],"exclude":[]},"unresolvedImports":[],"projectRootPath":"/home/beethoven/Templates/NextJS/kinoway/client/src/components/NewFilms","kind":"discover"}
[00:28:05.339] Loaded safelist from types map file '/nix/store/7yhr9pm7w9l4bqn7r6qsc65mvfwsqv20-typescript-4.6.4/lib/node_modules/typescript/lib/typesMap.json'
[00:28:05.339] Explicitly included types: []
[00:28:05.340] Inferred typings from unresolved imports: []
[00:28:05.340] Result: {"cachedTypingPaths":[],"newTypingNames":[],"filesToWatch":["/home/beethoven/Templates/NextJS/kinoway/client/src/components/NewFilms/bower_components","/home/beethoven/Templates/NextJS/kinoway/client/src/components/NewFilms/node_modules"]}
[00:28:05.340] Finished typings discovery: {"cachedTypingPaths":[],"newTypingNames":[],"filesToWatch":["/home/beethoven/Templates/NextJS/kinoway/client/src/components/NewFilms/bower_components","/home/beethoven/Templates/NextJS/kinoway/client/src/components/NewFilms/node_modules"]}
[00:28:05.340] DirectoryWatcher:: Added:: WatchInfo: /home/beethoven/Templates/NextJS/kinoway/client/src/components/NewFilms/bower_components
[00:28:05.341] DirectoryWatcher:: Added:: WatchInfo: /home/beethoven/Templates/NextJS/kinoway/client/src/components/NewFilms/bower_components 1 undefined Project: /dev/null/inferredProject1* watcher already invoked: false
[00:28:05.343] Elapsed:: 2.0206549987196922ms DirectoryWatcher:: Added:: WatchInfo: /home/beethoven/Templates/NextJS/kinoway/client/src/components/NewFilms/bower_components 1 undefined Project: /dev/null/inferredProject1* watcher already invoked: false
[00:28:05.343] DirectoryWatcher:: Added:: WatchInfo: /home/beethoven/Templates/NextJS/kinoway/client/src/components/NewFilms/node_modules
[00:28:05.344] DirectoryWatcher:: Added:: WatchInfo: /home/beethoven/Templates/NextJS/kinoway/client/src/components/NewFilms/node_modules 1 undefined Project: /dev/null/inferredProject1* watcher already invoked: false
[00:28:05.344] Elapsed:: 0.19523099809885025ms DirectoryWatcher:: Added:: WatchInfo: /home/beethoven/Templates/NextJS/kinoway/client/src/components/NewFilms/node_modules 1 undefined Project: /dev/null/inferredProject1* watcher already invoked: false
[00:28:05.344] Sending response:
    {"projectName":"/dev/null/inferredProject1*","typeAcquisition":{"enable":true,"include":[],"exclude":[]},"compilerOptions":{"module":1,"target":3,"jsx":1,"allowJs":true,"allowSyntheticDefaultImports":true,"allowNonTsExtensions":true,"noEmitForJsFiles":true},"typings":[],"unresolvedImports":[],"kind":"action::set"}
[00:28:05.345] Response has been sent.
[00:28:05.345] No new typings were requested as a result of typings discovery
