[20:50:39.961] Global cache location '/home/beethoven/.cache/typescript/4.6', safe file path '/nix/store/7yhr9pm7w9l4bqn7r6qsc65mvfwsqv20-typescript-4.6.4/lib/node_modules/typescript/lib/typingSafeList.json', types map path /nix/store/7yhr9pm7w9l4bqn7r6qsc65mvfwsqv20-typescript-4.6.4/lib/node_modules/typescript/lib/typesMap.json
[20:50:39.962] Processing cache location '/home/beethoven/.cache/typescript/4.6'
[20:50:39.962] Trying to find '/home/beethoven/.cache/typescript/4.6/package.json'...
[20:50:40.368] Loaded content of '/home/beethoven/.cache/typescript/4.6/package.json': {"private":true,"dependencies":{"types-registry":"^0.1.606"},"devDependencies":{"@types/gh-pages":"^3.2.1","@types/react":"^18.0.14","@types/react-dom":"^18.0.5","@types/tailwindcss":"^3.0.10","@types/testing-library__jest-dom":"^5.14.4"}}
[20:50:40.368] Loaded content of '/home/beethoven/.cache/typescript/4.6/package-lock.json'
[20:50:40.876] Adding entry into typings cache: 'gh-pages' => '/home/beethoven/.cache/typescript/4.6/node_modules/@types/gh-pages/index.d.ts'
[20:50:41.220] Adding entry into typings cache: 'react' => '/home/beethoven/.cache/typescript/4.6/node_modules/@types/react/index.d.ts'
[20:50:41.293] Adding entry into typings cache: 'react-dom' => '/home/beethoven/.cache/typescript/4.6/node_modules/@types/react-dom/index.d.ts'
[20:50:41.531] Adding entry into typings cache: 'tailwindcss' => '/home/beethoven/.cache/typescript/4.6/node_modules/@types/tailwindcss/index.d.ts'
[20:50:41.589] Adding entry into typings cache: 'testing-library__jest-dom' => '/home/beethoven/.cache/typescript/4.6/node_modules/@types/testing-library__jest-dom/index.d.ts'
[20:50:41.590] Finished processing cache location '/home/beethoven/.cache/typescript/4.6'
[20:50:41.591] Process id: 772832
[20:50:41.591] NPM location: /nix/store/nld1byyfapgcm40dvwv3smv6i004wsxs-nodejs-14.19.3/bin/npm (explicit '--npmLocation' not  provided)
[20:50:41.591] validateDefaultNpmLocation: false
[20:50:41.592] Npm config file: /home/beethoven/.cache/typescript/4.6/package.json
[20:50:41.592] Updating types-registry npm package...
[20:50:41.592] Exec: /nix/store/nld1byyfapgcm40dvwv3smv6i004wsxs-nodejs-14.19.3/bin/npm install --ignore-scripts types-registry@latest
[20:51:04.385]     Succeeded. stdout:
    + types-registry@0.1.606
    updated 1 package and audited 24 packages in 4.054s

3 packages are looking for funding
  run `npm fund` for details

found 0 vulnerabilities


[20:51:04.386] Updated types-registry npm package
