[10:48:47.178] Global cache location '/home/beethoven/.cache/typescript/4.6', safe file path '/nix/store/7yhr9pm7w9l4bqn7r6qsc65mvfwsqv20-typescript-4.6.4/lib/node_modules/typescript/lib/typingSafeList.json', types map path /nix/store/7yhr9pm7w9l4bqn7r6qsc65mvfwsqv20-typescript-4.6.4/lib/node_modules/typescript/lib/typesMap.json
[10:48:47.179] Processing cache location '/home/beethoven/.cache/typescript/4.6'
[10:48:47.179] Trying to find '/home/beethoven/.cache/typescript/4.6/package.json'...
[10:48:47.532] Loaded content of '/home/beethoven/.cache/typescript/4.6/package.json': {"private":true,"dependencies":{"types-registry":"^0.1.612"},"devDependencies":{"@types/gh-pages":"^3.2.1","@types/react":"^18.0.14","@types/react-dom":"^18.0.5","@types/tailwindcss":"^3.0.10","@types/testing-library__jest-dom":"^5.14.4"}}
[10:48:47.532] Loaded content of '/home/beethoven/.cache/typescript/4.6/package-lock.json'
[10:48:48.085] Adding entry into typings cache: 'gh-pages' => '/home/beethoven/.cache/typescript/4.6/node_modules/@types/gh-pages/index.d.ts'
[10:48:48.335] Adding entry into typings cache: 'react' => '/home/beethoven/.cache/typescript/4.6/node_modules/@types/react/index.d.ts'
[10:48:48.383] Adding entry into typings cache: 'react-dom' => '/home/beethoven/.cache/typescript/4.6/node_modules/@types/react-dom/index.d.ts'
[10:48:48.483] Adding entry into typings cache: 'tailwindcss' => '/home/beethoven/.cache/typescript/4.6/node_modules/@types/tailwindcss/index.d.ts'
[10:48:48.570] Adding entry into typings cache: 'testing-library__jest-dom' => '/home/beethoven/.cache/typescript/4.6/node_modules/@types/testing-library__jest-dom/index.d.ts'
[10:48:48.570] Finished processing cache location '/home/beethoven/.cache/typescript/4.6'
[10:48:48.571] Process id: 9393
[10:48:48.571] NPM location: /nix/store/nld1byyfapgcm40dvwv3smv6i004wsxs-nodejs-14.19.3/bin/npm (explicit '--npmLocation' not  provided)
[10:48:48.571] validateDefaultNpmLocation: false
[10:48:48.571] Npm config file: /home/beethoven/.cache/typescript/4.6/package.json
[10:48:48.571] Updating types-registry npm package...
[10:48:48.571] Exec: /nix/store/nld1byyfapgcm40dvwv3smv6i004wsxs-nodejs-14.19.3/bin/npm install --ignore-scripts types-registry@latest
[10:49:15.066]     Succeeded. stdout:
    + types-registry@0.1.613
    updated 1 package and audited 24 packages in 7.083s

3 packages are looking for funding
  run `npm fund` for details

found 0 vulnerabilities


[10:49:15.066] Updated types-registry npm package
