Info 0    [23:17:25.355] Starting TS Server
Info 1    [23:17:25.355] Version: 4.9.3
Info 2    [23:17:25.355] Arguments: /nix/store/b51np2s730v8xa5pnbjiih1dm9vf7325-nodejs-14.20.1/bin/node /home/beethoven/.emacs.d/.cache/lsp/npm/typescript/lib/node_modules/typescript/lib/tsserver.js --logFile /home/beethoven/Templates/NextJS/kinoway/.log/tsserver.log --logVerbosity info --cancellationPipeName /tmp/31eed6110be2d63b4aefbd47e2d14ddc/tscancellation*
Info 3    [23:17:25.355] Platform: linux NodeVersion: 14 CaseSensitive: true
Info 4    [23:17:25.355] ServerMode: undefined syntaxOnly: false hasUnknownServerMode: undefined
Info 5    [23:17:25.433] Format host information updated
Info 6    [23:17:25.489] Search path: /home/beethoven/Templates/NextJS/kinoway/client/src/components/screens/SearchResults
Info 7    [23:17:25.490] For info: /home/beethoven/Templates/NextJS/kinoway/client/src/components/screens/SearchResults/SearchResults.tsx :: Config file name: /home/beethoven/Templates/NextJS/kinoway/client/tsconfig.json
Info 8    [23:17:25.491] Creating configuration project /home/beethoven/Templates/NextJS/kinoway/client/tsconfig.json
Info 9    [23:17:25.544] Config: /home/beethoven/Templates/NextJS/kinoway/client/tsconfig.json : {
 "rootNames": [
  "/home/beethoven/Templates/NextJS/kinoway/client/next-env.d.ts",
  "/home/beethoven/Templates/NextJS/kinoway/client/declare.d.ts",
  "/home/beethoven/Templates/NextJS/kinoway/client/src/components/screens/Film/components/index.ts",
  "/home/beethoven/Templates/NextJS/kinoway/client/src/constants/api.ts",
  "/home/beethoven/Templates/NextJS/kinoway/client/src/constants/routes.ts",
  "/home/beethoven/Templates/NextJS/kinoway/client/src/helpers/getCurrentYear.ts",
  "/home/beethoven/Templates/NextJS/kinoway/client/src/hooks/useActions.ts",
  "/home/beethoven/Templates/NextJS/kinoway/client/src/hooks/useDebounce.ts",
  "/home/beethoven/Templates/NextJS/kinoway/client/src/hooks/useFavourite.ts",
  "/home/beethoven/Templates/NextJS/kinoway/client/src/hooks/useTypedSelector.ts",
  "/home/beethoven/Templates/NextJS/kinoway/client/src/pages/api/hello.ts",
  "/home/beethoven/Templates/NextJS/kinoway/client/src/services/KinowayService.ts",
  "/home/beethoven/Templates/NextJS/kinoway/client/src/store/actions.ts",
  "/home/beethoven/Templates/NextJS/kinoway/client/src/store/store.ts",
  "/home/beethoven/Templates/NextJS/kinoway/client/src/store/reducers/filters.slice.ts",
  "/home/beethoven/Templates/NextJS/kinoway/client/src/store/reducers/loadMore.slice.ts",
  "/home/beethoven/Templates/NextJS/kinoway/client/src/store/reducers/pagination.slice.ts",
  "/home/beethoven/Templates/NextJS/kinoway/client/src/store/reducers/search.slice.ts",
  "/home/beethoven/Templates/NextJS/kinoway/client/src/store/reducers/toggle.slice.ts",
  "/home/beethoven/Templates/NextJS/kinoway/client/src/types/IData.ts",
  "/home/beethoven/Templates/NextJS/kinoway/client/src/types/IFact.ts",
  "/home/beethoven/Templates/NextJS/kinoway/client/src/types/IImages.ts",
  "/home/beethoven/Templates/NextJS/kinoway/client/src/types/IMessage.ts",
  "/home/beethoven/Templates/NextJS/kinoway/client/src/types/IMovie.ts",
  "/home/beethoven/Templates/NextJS/kinoway/client/src/types/IMovies.ts",
  "/home/beethoven/Templates/NextJS/kinoway/client/src/types/IPerson.ts",
  "/home/beethoven/Templates/NextJS/kinoway/client/src/types/IQuery.ts",
  "/home/beethoven/Templates/NextJS/kinoway/client/src/types/IReview.ts",
  "/home/beethoven/Templates/NextJS/kinoway/client/src/types/IReviews.ts",
  "/home/beethoven/Templates/NextJS/kinoway/client/src/components/Carousel/Carousel.tsx",
  "/home/beethoven/Templates/NextJS/kinoway/client/src/components/Facts/Facts.tsx",
  "/home/beethoven/Templates/NextJS/kinoway/client/src/components/FilmCard/FilmCard.tsx",
  "/home/beethoven/Templates/NextJS/kinoway/client/src/components/FilmsMore/FilmsMore.tsx",
  "/home/beethoven/Templates/NextJS/kinoway/client/src/components/Info/Info.tsx",
  "/home/beethoven/Templates/NextJS/kinoway/client/src/components/Layout/Layout.tsx",
  "/home/beethoven/Templates/NextJS/kinoway/client/src/components/LoadMoreButton/LoadMoreButton.tsx",
  "/home/beethoven/Templates/NextJS/kinoway/client/src/components/MovieTop/MovieTop.tsx",
  "/home/beethoven/Templates/NextJS/kinoway/client/src/components/PersonItem/PersonItem.tsx",
  "/home/beethoven/Templates/NextJS/kinoway/client/src/components/Search/Search.tsx",
  "/home/beethoven/Templates/NextJS/kinoway/client/src/components/Search/components/SearchItem/SearchItem.tsx",
  "/home/beethoven/Templates/NextJS/kinoway/client/src/components/Search/components/SearchList/SearchList.tsx",
  "/home/beethoven/Templates/NextJS/kinoway/client/src/components/UI-components/BackButton/BackButton.tsx",
  "/home/beethoven/Templates/NextJS/kinoway/client/src/components/UI-components/Button/Button.tsx",
  "/home/beethoven/Templates/NextJS/kinoway/client/src/components/UI-components/ButtonBase/ButtonBase.tsx",
  "/home/beethoven/Templates/NextJS/kinoway/client/src/components/UI-components/ButtonPlayMovie/ButtonPlayMovie.tsx",
  "/home/beethoven/Templates/NextJS/kinoway/client/src/components/UI-components/ButtonPlayMovieSecondary/ButtonPlayMovieSecondary.tsx",
  "/home/beethoven/Templates/NextJS/kinoway/client/src/components/UI-components/Footer/Footer.tsx",
  "/home/beethoven/Templates/NextJS/kinoway/client/src/components/UI-components/Header/Header.tsx",
  "/home/beethoven/Templates/NextJS/kinoway/client/src/components/UI-components/MovieFavorite/MovieFavorite.tsx",
  "/home/beethoven/Templates/NextJS/kinoway/client/src/components/UI-components/MovieFavorite/index.tsx",
  "/home/beethoven/Templates/NextJS/kinoway/client/src/components/UI-components/MovieRating/MovieRating.tsx",
  "/home/beethoven/Templates/NextJS/kinoway/client/src/components/UI-components/SliderBtn/SliderBtn.tsx",
  "/home/beethoven/Templates/NextJS/kinoway/client/src/components/UI-components/Spinner/Spinner.stories.tsx",
  "/home/beethoven/Templates/NextJS/kinoway/client/src/components/UI-components/Spinner/Spinner.tsx",
  "/home/beethoven/Templates/NextJS/kinoway/client/src/components/UI-components/Tabs/Tabs.stories.tsx",
  "/home/beethoven/Templates/NextJS/kinoway/client/src/components/UI-components/Tabs/Tabs.tsx",
  "/home/beethoven/Templates/NextJS/kinoway/client/src/components/UI-components/ThemeSwitcher/ThemeSwitcher.tsx",
  "/home/beethoven/Templates/NextJS/kinoway/client/src/components/screens/Film/Film.tsx",
  "/home/beethoven/Templates/NextJS/kinoway/client/src/components/screens/Film/components/FilmTabs/FilmTabs.tsx",
  "/home/beethoven/Templates/NextJS/kinoway/client/src/components/screens/Film/components/MainRoles/MainRoles.tsx",
  "/home/beethoven/Templates/NextJS/kinoway/client/src/components/screens/Film/components/MovieFavorite/MovieFavorite.tsx",
  "/home/beethoven/Templates/NextJS/kinoway/client/src/components/screens/Film/components/Reviews/Reviews.tsx",
  "/home/beethoven/Templates/NextJS/kinoway/client/src/components/screens/Film/components/Reviews/components/ReviewItem/ReviewItem.tsx",
  "/home/beethoven/Templates/NextJS/kinoway/client/src/components/screens/Film/components/Reviews/components/ReviewItem/components/ReviewButtons/ReviewButtons.tsx",
  "/home/beethoven/Templates/NextJS/kinoway/client/src/components/screens/Film/components/Reviews/components/ReviewsInfo/ReviewsInfo.tsx",
  "/home/beethoven/Templates/NextJS/kinoway/client/src/components/screens/Film/components/SimilarMovies/SimilarMovies.tsx",
  "/home/beethoven/Templates/NextJS/kinoway/client/src/components/screens/Home/Home.tsx",
  "/home/beethoven/Templates/NextJS/kinoway/client/src/components/screens/Home/components/NewFilms/NewFilms.tsx",
  "/home/beethoven/Templates/NextJS/kinoway/client/src/components/screens/Home/components/NewSeries/NewSeries.tsx",
  "/home/beethoven/Templates/NextJS/kinoway/client/src/components/screens/SearchResults/SearchResults.tsx",
  "/home/beethoven/Templates/NextJS/kinoway/client/src/pages/_app.tsx",
  "/home/beethoven/Templates/NextJS/kinoway/client/src/pages/index.tsx",
  "/home/beethoven/Templates/NextJS/kinoway/client/src/pages/film/[id].tsx",
  "/home/beethoven/Templates/NextJS/kinoway/client/src/pages/search/[id].tsx",
  "/home/beethoven/Templates/NextJS/kinoway/client/next.config.js",
  "/home/beethoven/Templates/NextJS/kinoway/client/src/helpers/classNames.js"
 ],
 "options": {
  "baseUrl": "/home/beethoven/Templates/NextJS/kinoway/client",
  "paths": {
   "@/helpers/*": [
    "src/helpers/*"
   ],
   "@/types/*": [
    "src/types/*"
   ],
   "@/components/*": [
    "src/components/*"
   ],
   "@/UI/*": [
    "src/components/UI/*"
   ],
   "@/services/*": [
    "src/services/*"
   ],
   "@/store/*": [
    "src/store/*"
   ],
   "@/scss/*": [
    "src/scss/*"
   ],
   "@/constants/*": [
    "src/constants/*"
   ],
   "@/hooks/*": [
    "src/hooks/*"
   ]
  },
  "target": 1,
  "lib": [
   "lib.dom.d.ts",
   "lib.dom.iterable.d.ts",
   "lib.esnext.d.ts"
  ],
  "allowJs": true,
  "skipLibCheck": true,
  "strict": true,
  "forceConsistentCasingInFileNames": true,
  "noEmit": true,
  "esModuleInterop": true,
  "module": 99,
  "moduleResolution": 2,
  "resolveJsonModule": true,
  "isolatedModules": true,
  "jsx": 1,
  "incremental": true,
  "pathsBasePath": "/home/beethoven/Templates/NextJS/kinoway/client",
  "configFilePath": "/home/beethoven/Templates/NextJS/kinoway/client/tsconfig.json"
 }
}
Info 10   [23:17:30.615] Starting updateGraphWorker: Project: /home/beethoven/Templates/NextJS/kinoway/client/tsconfig.json
Info 11   [23:17:37.998] Finishing updateGraphWorker: Project: /home/beethoven/Templates/NextJS/kinoway/client/tsconfig.json Version: 1 structureChanged: true structureIsReused:: Not Elapsed: 7383ms
Info 12   [23:17:37.998] Project '/home/beethoven/Templates/NextJS/kinoway/client/tsconfig.json' (Configured)
Info 13   [23:17:37.998] 	Files (653)

Info 14   [23:17:37.998] -----------------------------------------------
Info 15   [23:17:38.109] AutoImportProviderProject: found 3 root files in 3 dependencies in 107 ms
Info 16   [23:17:38.109] Starting updateGraphWorker: Project: /dev/null/autoImportProviderProject1*
Info 17   [23:17:38.157] Finishing updateGraphWorker: Project: /dev/null/autoImportProviderProject1* Version: 1 structureChanged: true structureIsReused:: Not Elapsed: 48ms
Info 18   [23:17:38.157] Project '/dev/null/autoImportProviderProject1*' (AutoImportProvider)
Info 19   [23:17:38.157] 	Files (63)

Info 20   [23:17:38.157] -----------------------------------------------
Info 21   [23:18:09.859] FileWatcher:: Triggered with /home/beethoven/Templates/NextJS/kinoway/client/src/store/reducers/filters.slice.ts 1:: WatchInfo: /home/beethoven/Templates/NextJS/kinoway/client/src/store/reducers/filters.slice.ts 500 undefined WatchType: Closed Script info
Info 22   [23:18:09.860] Elapsed:: 1ms FileWatcher:: Triggered with /home/beethoven/Templates/NextJS/kinoway/client/src/store/reducers/filters.slice.ts 1:: WatchInfo: /home/beethoven/Templates/NextJS/kinoway/client/src/store/reducers/filters.slice.ts 500 undefined WatchType: Closed Script info
Info 23   [23:18:09.860] FileWatcher:: Triggered with /home/beethoven/Templates/NextJS/kinoway/client/src/store/reducers/filters.slice.ts 1:: WatchInfo: /home/beethoven/Templates/NextJS/kinoway/client/src/store/reducers/filters.slice.ts 500 undefined WatchType: Closed Script info
Info 24   [23:18:09.860] Elapsed:: 0ms FileWatcher:: Triggered with /home/beethoven/Templates/NextJS/kinoway/client/src/store/reducers/filters.slice.ts 1:: WatchInfo: /home/beethoven/Templates/NextJS/kinoway/client/src/store/reducers/filters.slice.ts 500 undefined WatchType: Closed Script info
Info 25   [23:18:09.860] FileWatcher:: Triggered with /home/beethoven/Templates/NextJS/kinoway/client/src/store/reducers/filters.slice.ts 1:: WatchInfo: /home/beethoven/Templates/NextJS/kinoway/client/src/store/reducers/filters.slice.ts 500 undefined WatchType: Closed Script info
Info 26   [23:18:09.860] Elapsed:: 0ms FileWatcher:: Triggered with /home/beethoven/Templates/NextJS/kinoway/client/src/store/reducers/filters.slice.ts 1:: WatchInfo: /home/beethoven/Templates/NextJS/kinoway/client/src/store/reducers/filters.slice.ts 500 undefined WatchType: Closed Script info
Info 27   [23:18:10.110] Starting updateGraphWorker: Project: /home/beethoven/Templates/NextJS/kinoway/client/tsconfig.json
Info 28   [23:18:10.168] Finishing updateGraphWorker: Project: /home/beethoven/Templates/NextJS/kinoway/client/tsconfig.json Version: 2 structureChanged: false structureIsReused:: Completely Elapsed: 58ms
Info 29   [23:18:10.168] Different program with same set of files
Info 30   [23:18:11.384] DirectoryWatcher:: Triggered with /home/beethoven/Templates/NextJS/kinoway/client/.next/static/webpack/webpack.fe02c2535b1b2a99.hot-update.js 0:: WatchInfo: /home/beethoven/Templates/NextJS/kinoway/client 1 undefined Config: /home/beethoven/Templates/NextJS/kinoway/client/tsconfig.json WatchType: Wild card directory
Info 31   [23:18:11.385] Elapsed:: 1ms DirectoryWatcher:: Triggered with /home/beethoven/Templates/NextJS/kinoway/client/.next/static/webpack/webpack.fe02c2535b1b2a99.hot-update.js 0:: WatchInfo: /home/beethoven/Templates/NextJS/kinoway/client 1 undefined Config: /home/beethoven/Templates/NextJS/kinoway/client/tsconfig.json WatchType: Wild card directory
Info 32   [23:18:11.385] DirectoryWatcher:: Triggered with /home/beethoven/Templates/NextJS/kinoway/client/.next/static/webpack/fe02c2535b1b2a99.webpack.hot-update.json 1:: WatchInfo: /home/beethoven/Templates/NextJS/kinoway/client 1 undefined Config: /home/beethoven/Templates/NextJS/kinoway/client/tsconfig.json WatchType: Wild card directory
Info 33   [23:18:11.385] Elapsed:: 0ms DirectoryWatcher:: Triggered with /home/beethoven/Templates/NextJS/kinoway/client/.next/static/webpack/fe02c2535b1b2a99.webpack.hot-update.json 1:: WatchInfo: /home/beethoven/Templates/NextJS/kinoway/client 1 undefined Config: /home/beethoven/Templates/NextJS/kinoway/client/tsconfig.json WatchType: Wild card directory
Info 34   [23:18:11.385] DirectoryWatcher:: Triggered with /home/beethoven/Templates/NextJS/kinoway/client/.next/static/webpack/pages/_app.fe02c2535b1b2a99.hot-update.js 2:: WatchInfo: /home/beethoven/Templates/NextJS/kinoway/client 1 undefined Config: /home/beethoven/Templates/NextJS/kinoway/client/tsconfig.json WatchType: Wild card directory
Info 35   [23:18:11.385] Elapsed:: 0ms DirectoryWatcher:: Triggered with /home/beethoven/Templates/NextJS/kinoway/client/.next/static/webpack/pages/_app.fe02c2535b1b2a99.hot-update.js 2:: WatchInfo: /home/beethoven/Templates/NextJS/kinoway/client 1 undefined Config: /home/beethoven/Templates/NextJS/kinoway/client/tsconfig.json WatchType: Wild card directory
Info 36   [23:18:11.642] Starting updateGraphWorker: Project: /home/beethoven/Templates/NextJS/kinoway/client/tsconfig.json
Info 37   [23:18:11.643] Finishing updateGraphWorker: Project: /home/beethoven/Templates/NextJS/kinoway/client/tsconfig.json Version: 3 structureChanged: false structureIsReused:: Completely Elapsed: 1ms
Info 38   [23:18:13.886] Before ensureProjectForOpenFiles:
Info 39   [23:18:13.886] After ensureProjectForOpenFiles:
Info 40   [23:18:13.887] got projects updated in background, updating diagnostics for /home/beethoven/Templates/NextJS/kinoway/client/src/components/screens/SearchResults/SearchResults.tsx
Info 41   [23:18:52.668] DirectoryWatcher:: Triggered with /home/beethoven/Templates/NextJS/kinoway/client/.next/static/chunks/_error.js 0:: WatchInfo: /home/beethoven/Templates/NextJS/kinoway/client 1 undefined Config: /home/beethoven/Templates/NextJS/kinoway/client/tsconfig.json WatchType: Wild card directory
Info 42   [23:18:52.670] Elapsed:: 2ms DirectoryWatcher:: Triggered with /home/beethoven/Templates/NextJS/kinoway/client/.next/static/chunks/_error.js 0:: WatchInfo: /home/beethoven/Templates/NextJS/kinoway/client 1 undefined Config: /home/beethoven/Templates/NextJS/kinoway/client/tsconfig.json WatchType: Wild card directory
Info 43   [23:18:52.670] DirectoryWatcher:: Triggered with /home/beethoven/Templates/NextJS/kinoway/client/.next/static/webpack/webpack.b371b1177fd6a802.hot-update.js 1:: WatchInfo: /home/beethoven/Templates/NextJS/kinoway/client 1 undefined Config: /home/beethoven/Templates/NextJS/kinoway/client/tsconfig.json WatchType: Wild card directory
Info 44   [23:18:52.670] Elapsed:: 0ms DirectoryWatcher:: Triggered with /home/beethoven/Templates/NextJS/kinoway/client/.next/static/webpack/webpack.b371b1177fd6a802.hot-update.js 1:: WatchInfo: /home/beethoven/Templates/NextJS/kinoway/client 1 undefined Config: /home/beethoven/Templates/NextJS/kinoway/client/tsconfig.json WatchType: Wild card directory
Info 45   [23:18:52.670] DirectoryWatcher:: Triggered with /home/beethoven/Templates/NextJS/kinoway/client/.next/static/webpack/b371b1177fd6a802.webpack.hot-update.json 2:: WatchInfo: /home/beethoven/Templates/NextJS/kinoway/client 1 undefined Config: /home/beethoven/Templates/NextJS/kinoway/client/tsconfig.json WatchType: Wild card directory
Info 46   [23:18:52.670] Elapsed:: 0ms DirectoryWatcher:: Triggered with /home/beethoven/Templates/NextJS/kinoway/client/.next/static/webpack/b371b1177fd6a802.webpack.hot-update.json 2:: WatchInfo: /home/beethoven/Templates/NextJS/kinoway/client 1 undefined Config: /home/beethoven/Templates/NextJS/kinoway/client/tsconfig.json WatchType: Wild card directory
Info 47   [23:18:52.670] DirectoryWatcher:: Triggered with /home/beethoven/Templates/NextJS/kinoway/client/.next/server/_error.js 3:: WatchInfo: /home/beethoven/Templates/NextJS/kinoway/client 1 undefined Config: /home/beethoven/Templates/NextJS/kinoway/client/tsconfig.json WatchType: Wild card directory
Info 48   [23:18:52.671] Elapsed:: 1ms DirectoryWatcher:: Triggered with /home/beethoven/Templates/NextJS/kinoway/client/.next/server/_error.js 3:: WatchInfo: /home/beethoven/Templates/NextJS/kinoway/client 1 undefined Config: /home/beethoven/Templates/NextJS/kinoway/client/tsconfig.json WatchType: Wild card directory
Info 49   [23:18:52.932] Starting updateGraphWorker: Project: /home/beethoven/Templates/NextJS/kinoway/client/tsconfig.json
Info 50   [23:18:52.935] Finishing updateGraphWorker: Project: /home/beethoven/Templates/NextJS/kinoway/client/tsconfig.json Version: 4 structureChanged: false structureIsReused:: Completely Elapsed: 3ms
Info 51   [23:18:55.170] Before ensureProjectForOpenFiles:
Info 52   [23:18:55.171] After ensureProjectForOpenFiles:
Info 53   [23:18:55.171] got projects updated in background, updating diagnostics for /home/beethoven/Templates/NextJS/kinoway/client/src/components/screens/SearchResults/SearchResults.tsx
Info 54   [23:18:55.317] DirectoryWatcher:: Triggered with /home/beethoven/Templates/NextJS/kinoway/client :: WatchInfo: /home/beethoven/Templates/NextJS/kinoway/client 1 undefined Config: /home/beethoven/Templates/NextJS/kinoway/client/tsconfig.json WatchType: Wild card directory
Info 55   [23:18:55.317] Elapsed:: 0ms DirectoryWatcher:: Triggered with /home/beethoven/Templates/NextJS/kinoway/client :: WatchInfo: /home/beethoven/Templates/NextJS/kinoway/client 1 undefined Config: /home/beethoven/Templates/NextJS/kinoway/client/tsconfig.json WatchType: Wild card directory
Info 56   [23:18:55.601] Starting updateGraphWorker: Project: /home/beethoven/Templates/NextJS/kinoway/client/tsconfig.json
Info 57   [23:18:55.603] Finishing updateGraphWorker: Project: /home/beethoven/Templates/NextJS/kinoway/client/tsconfig.json Version: 5 structureChanged: false structureIsReused:: Completely Elapsed: 2ms
Info 58   [23:18:57.818] Before ensureProjectForOpenFiles:
Info 59   [23:18:57.818] After ensureProjectForOpenFiles:
Info 60   [23:18:57.819] got projects updated in background, updating diagnostics for /home/beethoven/Templates/NextJS/kinoway/client/src/components/screens/SearchResults/SearchResults.tsx
Info 61   [23:19:53.387] DirectoryWatcher:: Triggered with /home/beethoven/Templates/NextJS/kinoway/client/.next/cache/webpack/client-development/11.pack_ 0:: WatchInfo: /home/beethoven/Templates/NextJS/kinoway/client 1 undefined Config: /home/beethoven/Templates/NextJS/kinoway/client/tsconfig.json WatchType: Wild card directory
Info 62   [23:19:53.387] Project: /home/beethoven/Templates/NextJS/kinoway/client/tsconfig.json Detected file add/remove of non supported extension: /home/beethoven/Templates/NextJS/kinoway/client/.next/cache/webpack/client-development/11.pack_
Info 63   [23:19:53.388] Elapsed:: 1ms DirectoryWatcher:: Triggered with /home/beethoven/Templates/NextJS/kinoway/client/.next/cache/webpack/client-development/11.pack_ 0:: WatchInfo: /home/beethoven/Templates/NextJS/kinoway/client 1 undefined Config: /home/beethoven/Templates/NextJS/kinoway/client/tsconfig.json WatchType: Wild card directory
Info 64   [23:19:53.388] DirectoryWatcher:: Triggered with /home/beethoven/Templates/NextJS/kinoway/client/.next/cache/webpack/client-development/3.pack_ 1:: WatchInfo: /home/beethoven/Templates/NextJS/kinoway/client 1 undefined Config: /home/beethoven/Templates/NextJS/kinoway/client/tsconfig.json WatchType: Wild card directory
Info 65   [23:19:53.388] Project: /home/beethoven/Templates/NextJS/kinoway/client/tsconfig.json Detected file add/remove of non supported extension: /home/beethoven/Templates/NextJS/kinoway/client/.next/cache/webpack/client-development/3.pack_
Info 66   [23:19:53.388] Elapsed:: 0ms DirectoryWatcher:: Triggered with /home/beethoven/Templates/NextJS/kinoway/client/.next/cache/webpack/client-development/3.pack_ 1:: WatchInfo: /home/beethoven/Templates/NextJS/kinoway/client 1 undefined Config: /home/beethoven/Templates/NextJS/kinoway/client/tsconfig.json WatchType: Wild card directory
Info 67   [23:19:53.388] DirectoryWatcher:: Triggered with /home/beethoven/Templates/NextJS/kinoway/client/.next/cache/webpack/client-development/6.pack_ 2:: WatchInfo: /home/beethoven/Templates/NextJS/kinoway/client 1 undefined Config: /home/beethoven/Templates/NextJS/kinoway/client/tsconfig.json WatchType: Wild card directory
Info 68   [23:19:53.388] Project: /home/beethoven/Templates/NextJS/kinoway/client/tsconfig.json Detected file add/remove of non supported extension: /home/beethoven/Templates/NextJS/kinoway/client/.next/cache/webpack/client-development/6.pack_
Info 69   [23:19:53.388] Elapsed:: 0ms DirectoryWatcher:: Triggered with /home/beethoven/Templates/NextJS/kinoway/client/.next/cache/webpack/client-development/6.pack_ 2:: WatchInfo: /home/beethoven/Templates/NextJS/kinoway/client 1 undefined Config: /home/beethoven/Templates/NextJS/kinoway/client/tsconfig.json WatchType: Wild card directory
Info 70   [23:19:53.388] DirectoryWatcher:: Triggered with /home/beethoven/Templates/NextJS/kinoway/client/.next/cache/webpack/client-development/0.pack_ 3:: WatchInfo: /home/beethoven/Templates/NextJS/kinoway/client 1 undefined Config: /home/beethoven/Templates/NextJS/kinoway/client/tsconfig.json WatchType: Wild card directory
Info 71   [23:19:53.388] Project: /home/beethoven/Templates/NextJS/kinoway/client/tsconfig.json Detected file add/remove of non supported extension: /home/beethoven/Templates/NextJS/kinoway/client/.next/cache/webpack/client-development/0.pack_
Info 72   [23:19:53.388] Elapsed:: 0ms DirectoryWatcher:: Triggered with /home/beethoven/Templates/NextJS/kinoway/client/.next/cache/webpack/client-development/0.pack_ 3:: WatchInfo: /home/beethoven/Templates/NextJS/kinoway/client 1 undefined Config: /home/beethoven/Templates/NextJS/kinoway/client/tsconfig.json WatchType: Wild card directory
Info 73   [23:19:53.388] DirectoryWatcher:: Triggered with /home/beethoven/Templates/NextJS/kinoway/client/.next/cache/webpack/client-development/5.pack_ 4:: WatchInfo: /home/beethoven/Templates/NextJS/kinoway/client 1 undefined Config: /home/beethoven/Templates/NextJS/kinoway/client/tsconfig.json WatchType: Wild card directory
Info 74   [23:19:53.388] Project: /home/beethoven/Templates/NextJS/kinoway/client/tsconfig.json Detected file add/remove of non supported extension: /home/beethoven/Templates/NextJS/kinoway/client/.next/cache/webpack/client-development/5.pack_
Info 75   [23:19:53.388] Elapsed:: 0ms DirectoryWatcher:: Triggered with /home/beethoven/Templates/NextJS/kinoway/client/.next/cache/webpack/client-development/5.pack_ 4:: WatchInfo: /home/beethoven/Templates/NextJS/kinoway/client 1 undefined Config: /home/beethoven/Templates/NextJS/kinoway/client/tsconfig.json WatchType: Wild card directory
Info 76   [23:19:53.388] DirectoryWatcher:: Triggered with /home/beethoven/Templates/NextJS/kinoway/client/.next/cache/webpack/client-development/8.pack_ 5:: WatchInfo: /home/beethoven/Templates/NextJS/kinoway/client 1 undefined Config: /home/beethoven/Templates/NextJS/kinoway/client/tsconfig.json WatchType: Wild card directory
Info 77   [23:19:53.388] Project: /home/beethoven/Templates/NextJS/kinoway/client/tsconfig.json Detected file add/remove of non supported extension: /home/beethoven/Templates/NextJS/kinoway/client/.next/cache/webpack/client-development/8.pack_
Info 78   [23:19:53.388] Elapsed:: 0ms DirectoryWatcher:: Triggered with /home/beethoven/Templates/NextJS/kinoway/client/.next/cache/webpack/client-development/8.pack_ 5:: WatchInfo: /home/beethoven/Templates/NextJS/kinoway/client 1 undefined Config: /home/beethoven/Templates/NextJS/kinoway/client/tsconfig.json WatchType: Wild card directory
Info 79   [23:19:53.388] DirectoryWatcher:: Triggered with /home/beethoven/Templates/NextJS/kinoway/client/.next/cache/webpack/client-development/2.pack_ 6:: WatchInfo: /home/beethoven/Templates/NextJS/kinoway/client 1 undefined Config: /home/beethoven/Templates/NextJS/kinoway/client/tsconfig.json WatchType: Wild card directory
Info 80   [23:19:53.388] Project: /home/beethoven/Templates/NextJS/kinoway/client/tsconfig.json Detected file add/remove of non supported extension: /home/beethoven/Templates/NextJS/kinoway/client/.next/cache/webpack/client-development/2.pack_
Info 81   [23:19:53.388] Elapsed:: 0ms DirectoryWatcher:: Triggered with /home/beethoven/Templates/NextJS/kinoway/client/.next/cache/webpack/client-development/2.pack_ 6:: WatchInfo: /home/beethoven/Templates/NextJS/kinoway/client 1 undefined Config: /home/beethoven/Templates/NextJS/kinoway/client/tsconfig.json WatchType: Wild card directory
Info 82   [23:19:53.388] DirectoryWatcher:: Triggered with /home/beethoven/Templates/NextJS/kinoway/client/.next/cache/webpack/client-development/index.pack_ 7:: WatchInfo: /home/beethoven/Templates/NextJS/kinoway/client 1 undefined Config: /home/beethoven/Templates/NextJS/kinoway/client/tsconfig.json WatchType: Wild card directory
Info 83   [23:19:53.388] Project: /home/beethoven/Templates/NextJS/kinoway/client/tsconfig.json Detected file add/remove of non supported extension: /home/beethoven/Templates/NextJS/kinoway/client/.next/cache/webpack/client-development/index.pack_
Info 84   [23:19:53.388] Elapsed:: 0ms DirectoryWatcher:: Triggered with /home/beethoven/Templates/NextJS/kinoway/client/.next/cache/webpack/client-development/index.pack_ 7:: WatchInfo: /home/beethoven/Templates/NextJS/kinoway/client 1 undefined Config: /home/beethoven/Templates/NextJS/kinoway/client/tsconfig.json WatchType: Wild card directory
Info 85   [23:19:53.388] DirectoryWatcher:: Triggered with /home/beethoven/Templates/NextJS/kinoway/client/.next/cache/webpack/client-development/index.pack 8:: WatchInfo: /home/beethoven/Templates/NextJS/kinoway/client 1 undefined Config: /home/beethoven/Templates/NextJS/kinoway/client/tsconfig.json WatchType: Wild card directory
Info 86   [23:19:53.388] Project: /home/beethoven/Templates/NextJS/kinoway/client/tsconfig.json Detected file add/remove of non supported extension: /home/beethoven/Templates/NextJS/kinoway/client/.next/cache/webpack/client-development/index.pack
Info 87   [23:19:53.388] Elapsed:: 0ms DirectoryWatcher:: Triggered with /home/beethoven/Templates/NextJS/kinoway/client/.next/cache/webpack/client-development/index.pack 8:: WatchInfo: /home/beethoven/Templates/NextJS/kinoway/client 1 undefined Config: /home/beethoven/Templates/NextJS/kinoway/client/tsconfig.json WatchType: Wild card directory
Info 88   [23:19:53.388] DirectoryWatcher:: Triggered with /home/beethoven/Templates/NextJS/kinoway/client/.next/cache/webpack/client-development/index.pack.old 9:: WatchInfo: /home/beethoven/Templates/NextJS/kinoway/client 1 undefined Config: /home/beethoven/Templates/NextJS/kinoway/client/tsconfig.json WatchType: Wild card directory
Info 89   [23:19:53.388] Project: /home/beethoven/Templates/NextJS/kinoway/client/tsconfig.json Detected file add/remove of non supported extension: /home/beethoven/Templates/NextJS/kinoway/client/.next/cache/webpack/client-development/index.pack.old
Info 90   [23:19:53.388] Elapsed:: 0ms DirectoryWatcher:: Triggered with /home/beethoven/Templates/NextJS/kinoway/client/.next/cache/webpack/client-development/index.pack.old 9:: WatchInfo: /home/beethoven/Templates/NextJS/kinoway/client 1 undefined Config: /home/beethoven/Templates/NextJS/kinoway/client/tsconfig.json WatchType: Wild card directory
Info 91   [23:19:53.388] DirectoryWatcher:: Triggered with /home/beethoven/Templates/NextJS/kinoway/client/.next/cache/webpack/client-development/3.pack_ 10:: WatchInfo: /home/beethoven/Templates/NextJS/kinoway/client 1 undefined Config: /home/beethoven/Templates/NextJS/kinoway/client/tsconfig.json WatchType: Wild card directory
Info 92   [23:19:53.388] Project: /home/beethoven/Templates/NextJS/kinoway/client/tsconfig.json Detected file add/remove of non supported extension: /home/beethoven/Templates/NextJS/kinoway/client/.next/cache/webpack/client-development/3.pack_
Info 93   [23:19:53.389] Elapsed:: 1ms DirectoryWatcher:: Triggered with /home/beethoven/Templates/NextJS/kinoway/client/.next/cache/webpack/client-development/3.pack_ 10:: WatchInfo: /home/beethoven/Templates/NextJS/kinoway/client 1 undefined Config: /home/beethoven/Templates/NextJS/kinoway/client/tsconfig.json WatchType: Wild card directory
Info 94   [23:19:53.389] DirectoryWatcher:: Triggered with /home/beethoven/Templates/NextJS/kinoway/client/.next/cache/webpack/client-development/3.pack 11:: WatchInfo: /home/beethoven/Templates/NextJS/kinoway/client 1 undefined Config: /home/beethoven/Templates/NextJS/kinoway/client/tsconfig.json WatchType: Wild card directory
Info 95   [23:19:53.389] Project: /home/beethoven/Templates/NextJS/kinoway/client/tsconfig.json Detected file add/remove of non supported extension: /home/beethoven/Templates/NextJS/kinoway/client/.next/cache/webpack/client-development/3.pack
Info 96   [23:19:53.389] Elapsed:: 0ms DirectoryWatcher:: Triggered with /home/beethoven/Templates/NextJS/kinoway/client/.next/cache/webpack/client-development/3.pack 11:: WatchInfo: /home/beethoven/Templates/NextJS/kinoway/client 1 undefined Config: /home/beethoven/Templates/NextJS/kinoway/client/tsconfig.json WatchType: Wild card directory
Info 97   [23:19:53.389] DirectoryWatcher:: Triggered with /home/beethoven/Templates/NextJS/kinoway/client/.next/cache/webpack/client-development/6.pack_ 12:: WatchInfo: /home/beethoven/Templates/NextJS/kinoway/client 1 undefined Config: /home/beethoven/Templates/NextJS/kinoway/client/tsconfig.json WatchType: Wild card directory
Info 98   [23:19:53.389] Project: /home/beethoven/Templates/NextJS/kinoway/client/tsconfig.json Detected file add/remove of non supported extension: /home/beethoven/Templates/NextJS/kinoway/client/.next/cache/webpack/client-development/6.pack_
Info 99   [23:19:53.389] Elapsed:: 0ms DirectoryWatcher:: Triggered with /home/beethoven/Templates/NextJS/kinoway/client/.next/cache/webpack/client-development/6.pack_ 12:: WatchInfo: /home/beethoven/Templates/NextJS/kinoway/client 1 undefined Config: /home/beethoven/Templates/NextJS/kinoway/client/tsconfig.json WatchType: Wild card directory
Info 100  [23:19:53.389] DirectoryWatcher:: Triggered with /home/beethoven/Templates/NextJS/kinoway/client/.next/cache/webpack/client-development/6.pack 13:: WatchInfo: /home/beethoven/Templates/NextJS/kinoway/client 1 undefined Config: /home/beethoven/Templates/NextJS/kinoway/client/tsconfig.json WatchType: Wild card directory
Info 101  [23:19:53.389] Project: /home/beethoven/Templates/NextJS/kinoway/client/tsconfig.json Detected file add/remove of non supported extension: /home/beethoven/Templates/NextJS/kinoway/client/.next/cache/webpack/client-development/6.pack
Info 102  [23:19:53.389] Elapsed:: 0ms DirectoryWatcher:: Triggered with /home/beethoven/Templates/NextJS/kinoway/client/.next/cache/webpack/client-development/6.pack 13:: WatchInfo: /home/beethoven/Templates/NextJS/kinoway/client 1 undefined Config: /home/beethoven/Templates/NextJS/kinoway/client/tsconfig.json WatchType: Wild card directory
Info 103  [23:19:53.389] DirectoryWatcher:: Triggered with /home/beethoven/Templates/NextJS/kinoway/client/.next/cache/webpack/client-development/11.pack_ 14:: WatchInfo: /home/beethoven/Templates/NextJS/kinoway/client 1 undefined Config: /home/beethoven/Templates/NextJS/kinoway/client/tsconfig.json WatchType: Wild card directory
Info 104  [23:19:53.389] Project: /home/beethoven/Templates/NextJS/kinoway/client/tsconfig.json Detected file add/remove of non supported extension: /home/beethoven/Templates/NextJS/kinoway/client/.next/cache/webpack/client-development/11.pack_
Info 105  [23:19:53.389] Elapsed:: 0ms DirectoryWatcher:: Triggered with /home/beethoven/Templates/NextJS/kinoway/client/.next/cache/webpack/client-development/11.pack_ 14:: WatchInfo: /home/beethoven/Templates/NextJS/kinoway/client 1 undefined Config: /home/beethoven/Templates/NextJS/kinoway/client/tsconfig.json WatchType: Wild card directory
Info 106  [23:19:53.389] DirectoryWatcher:: Triggered with /home/beethoven/Templates/NextJS/kinoway/client/.next/cache/webpack/client-development/11.pack 15:: WatchInfo: /home/beethoven/Templates/NextJS/kinoway/client 1 undefined Config: /home/beethoven/Templates/NextJS/kinoway/client/tsconfig.json WatchType: Wild card directory
Info 107  [23:19:53.389] Project: /home/beethoven/Templates/NextJS/kinoway/client/tsconfig.json Detected file add/remove of non supported extension: /home/beethoven/Templates/NextJS/kinoway/client/.next/cache/webpack/client-development/11.pack
Info 108  [23:19:53.389] Elapsed:: 0ms DirectoryWatcher:: Triggered with /home/beethoven/Templates/NextJS/kinoway/client/.next/cache/webpack/client-development/11.pack 15:: WatchInfo: /home/beethoven/Templates/NextJS/kinoway/client 1 undefined Config: /home/beethoven/Templates/NextJS/kinoway/client/tsconfig.json WatchType: Wild card directory
Info 109  [23:19:53.389] DirectoryWatcher:: Triggered with /home/beethoven/Templates/NextJS/kinoway/client/.next/cache/webpack/client-development/5.pack_ 16:: WatchInfo: /home/beethoven/Templates/NextJS/kinoway/client 1 undefined Config: /home/beethoven/Templates/NextJS/kinoway/client/tsconfig.json WatchType: Wild card directory
Info 110  [23:19:53.389] Project: /home/beethoven/Templates/NextJS/kinoway/client/tsconfig.json Detected file add/remove of non supported extension: /home/beethoven/Templates/NextJS/kinoway/client/.next/cache/webpack/client-development/5.pack_
Info 111  [23:19:53.389] Elapsed:: 0ms DirectoryWatcher:: Triggered with /home/beethoven/Templates/NextJS/kinoway/client/.next/cache/webpack/client-development/5.pack_ 16:: WatchInfo: /home/beethoven/Templates/NextJS/kinoway/client 1 undefined Config: /home/beethoven/Templates/NextJS/kinoway/client/tsconfig.json WatchType: Wild card directory
Info 112  [23:19:53.389] DirectoryWatcher:: Triggered with /home/beethoven/Templates/NextJS/kinoway/client/.next/cache/webpack/client-development/5.pack 17:: WatchInfo: /home/beethoven/Templates/NextJS/kinoway/client 1 undefined Config: /home/beethoven/Templates/NextJS/kinoway/client/tsconfig.json WatchType: Wild card directory
Info 113  [23:19:53.389] Project: /home/beethoven/Templates/NextJS/kinoway/client/tsconfig.json Detected file add/remove of non supported extension: /home/beethoven/Templates/NextJS/kinoway/client/.next/cache/webpack/client-development/5.pack
Info 114  [23:19:53.389] Elapsed:: 0ms DirectoryWatcher:: Triggered with /home/beethoven/Templates/NextJS/kinoway/client/.next/cache/webpack/client-development/5.pack 17:: WatchInfo: /home/beethoven/Templates/NextJS/kinoway/client 1 undefined Config: /home/beethoven/Templates/NextJS/kinoway/client/tsconfig.json WatchType: Wild card directory
Info 115  [23:19:53.389] DirectoryWatcher:: Triggered with /home/beethoven/Templates/NextJS/kinoway/client/.next/cache/webpack/client-development/2.pack_ 18:: WatchInfo: /home/beethoven/Templates/NextJS/kinoway/client 1 undefined Config: /home/beethoven/Templates/NextJS/kinoway/client/tsconfig.json WatchType: Wild card directory
Info 116  [23:19:53.389] Project: /home/beethoven/Templates/NextJS/kinoway/client/tsconfig.json Detected file add/remove of non supported extension: /home/beethoven/Templates/NextJS/kinoway/client/.next/cache/webpack/client-development/2.pack_
Info 117  [23:19:53.389] Elapsed:: 0ms DirectoryWatcher:: Triggered with /home/beethoven/Templates/NextJS/kinoway/client/.next/cache/webpack/client-development/2.pack_ 18:: WatchInfo: /home/beethoven/Templates/NextJS/kinoway/client 1 undefined Config: /home/beethoven/Templates/NextJS/kinoway/client/tsconfig.json WatchType: Wild card directory
Info 118  [23:19:53.389] DirectoryWatcher:: Triggered with /home/beethoven/Templates/NextJS/kinoway/client/.next/cache/webpack/client-development/2.pack 19:: WatchInfo: /home/beethoven/Templates/NextJS/kinoway/client 1 undefined Config: /home/beethoven/Templates/NextJS/kinoway/client/tsconfig.json WatchType: Wild card directory
Info 119  [23:19:53.389] Project: /home/beethoven/Templates/NextJS/kinoway/client/tsconfig.json Detected file add/remove of non supported extension: /home/beethoven/Templates/NextJS/kinoway/client/.next/cache/webpack/client-development/2.pack
Info 120  [23:19:53.389] Elapsed:: 0ms DirectoryWatcher:: Triggered with /home/beethoven/Templates/NextJS/kinoway/client/.next/cache/webpack/client-development/2.pack 19:: WatchInfo: /home/beethoven/Templates/NextJS/kinoway/client 1 undefined Config: /home/beethoven/Templates/NextJS/kinoway/client/tsconfig.json WatchType: Wild card directory
Info 121  [23:19:53.389] DirectoryWatcher:: Triggered with /home/beethoven/Templates/NextJS/kinoway/client/.next/cache/webpack/client-development/8.pack_ 20:: WatchInfo: /home/beethoven/Templates/NextJS/kinoway/client 1 undefined Config: /home/beethoven/Templates/NextJS/kinoway/client/tsconfig.json WatchType: Wild card directory
Info 122  [23:19:53.389] Project: /home/beethoven/Templates/NextJS/kinoway/client/tsconfig.json Detected file add/remove of non supported extension: /home/beethoven/Templates/NextJS/kinoway/client/.next/cache/webpack/client-development/8.pack_
Info 123  [23:19:53.389] Elapsed:: 0ms DirectoryWatcher:: Triggered with /home/beethoven/Templates/NextJS/kinoway/client/.next/cache/webpack/client-development/8.pack_ 20:: WatchInfo: /home/beethoven/Templates/NextJS/kinoway/client 1 undefined Config: /home/beethoven/Templates/NextJS/kinoway/client/tsconfig.json WatchType: Wild card directory
Info 124  [23:19:53.389] DirectoryWatcher:: Triggered with /home/beethoven/Templates/NextJS/kinoway/client/.next/cache/webpack/client-development/8.pack 21:: WatchInfo: /home/beethoven/Templates/NextJS/kinoway/client 1 undefined Config: /home/beethoven/Templates/NextJS/kinoway/client/tsconfig.json WatchType: Wild card directory
Info 125  [23:19:53.390] Project: /home/beethoven/Templates/NextJS/kinoway/client/tsconfig.json Detected file add/remove of non supported extension: /home/beethoven/Templates/NextJS/kinoway/client/.next/cache/webpack/client-development/8.pack
Info 126  [23:19:53.390] Elapsed:: 1ms DirectoryWatcher:: Triggered with /home/beethoven/Templates/NextJS/kinoway/client/.next/cache/webpack/client-development/8.pack 21:: WatchInfo: /home/beethoven/Templates/NextJS/kinoway/client 1 undefined Config: /home/beethoven/Templates/NextJS/kinoway/client/tsconfig.json WatchType: Wild card directory
Info 127  [23:19:53.390] DirectoryWatcher:: Triggered with /home/beethoven/Templates/NextJS/kinoway/client/.next/cache/webpack/client-development/0.pack_ 22:: WatchInfo: /home/beethoven/Templates/NextJS/kinoway/client 1 undefined Config: /home/beethoven/Templates/NextJS/kinoway/client/tsconfig.json WatchType: Wild card directory
Info 128  [23:19:53.390] Project: /home/beethoven/Templates/NextJS/kinoway/client/tsconfig.json Detected file add/remove of non supported extension: /home/beethoven/Templates/NextJS/kinoway/client/.next/cache/webpack/client-development/0.pack_
Info 129  [23:19:53.390] Elapsed:: 0ms DirectoryWatcher:: Triggered with /home/beethoven/Templates/NextJS/kinoway/client/.next/cache/webpack/client-development/0.pack_ 22:: WatchInfo: /home/beethoven/Templates/NextJS/kinoway/client 1 undefined Config: /home/beethoven/Templates/NextJS/kinoway/client/tsconfig.json WatchType: Wild card directory
Info 130  [23:19:53.390] DirectoryWatcher:: Triggered with /home/beethoven/Templates/NextJS/kinoway/client/.next/cache/webpack/client-development/0.pack 23:: WatchInfo: /home/beethoven/Templates/NextJS/kinoway/client 1 undefined Config: /home/beethoven/Templates/NextJS/kinoway/client/tsconfig.json WatchType: Wild card directory
Info 131  [23:19:53.390] Project: /home/beethoven/Templates/NextJS/kinoway/client/tsconfig.json Detected file add/remove of non supported extension: /home/beethoven/Templates/NextJS/kinoway/client/.next/cache/webpack/client-development/0.pack
Info 132  [23:19:53.390] Elapsed:: 0ms DirectoryWatcher:: Triggered with /home/beethoven/Templates/NextJS/kinoway/client/.next/cache/webpack/client-development/0.pack 23:: WatchInfo: /home/beethoven/Templates/NextJS/kinoway/client 1 undefined Config: /home/beethoven/Templates/NextJS/kinoway/client/tsconfig.json WatchType: Wild card directory
Info 133  [23:19:53.390] DirectoryWatcher:: Triggered with /home/beethoven/Templates/NextJS/kinoway/client/.next/cache/webpack/client-development/index.pack_ 24:: WatchInfo: /home/beethoven/Templates/NextJS/kinoway/client 1 undefined Config: /home/beethoven/Templates/NextJS/kinoway/client/tsconfig.json WatchType: Wild card directory
Info 134  [23:19:53.390] Project: /home/beethoven/Templates/NextJS/kinoway/client/tsconfig.json Detected file add/remove of non supported extension: /home/beethoven/Templates/NextJS/kinoway/client/.next/cache/webpack/client-development/index.pack_
Info 135  [23:19:53.390] Elapsed:: 0ms DirectoryWatcher:: Triggered with /home/beethoven/Templates/NextJS/kinoway/client/.next/cache/webpack/client-development/index.pack_ 24:: WatchInfo: /home/beethoven/Templates/NextJS/kinoway/client 1 undefined Config: /home/beethoven/Templates/NextJS/kinoway/client/tsconfig.json WatchType: Wild card directory
Info 136  [23:19:53.390] DirectoryWatcher:: Triggered with /home/beethoven/Templates/NextJS/kinoway/client/.next/cache/webpack/client-development/index.pack 25:: WatchInfo: /home/beethoven/Templates/NextJS/kinoway/client 1 undefined Config: /home/beethoven/Templates/NextJS/kinoway/client/tsconfig.json WatchType: Wild card directory
Info 137  [23:19:53.390] Project: /home/beethoven/Templates/NextJS/kinoway/client/tsconfig.json Detected file add/remove of non supported extension: /home/beethoven/Templates/NextJS/kinoway/client/.next/cache/webpack/client-development/index.pack
Info 138  [23:19:53.390] Elapsed:: 0ms DirectoryWatcher:: Triggered with /home/beethoven/Templates/NextJS/kinoway/client/.next/cache/webpack/client-development/index.pack 25:: WatchInfo: /home/beethoven/Templates/NextJS/kinoway/client 1 undefined Config: /home/beethoven/Templates/NextJS/kinoway/client/tsconfig.json WatchType: Wild card directory
Info 139  [23:19:53.390] DirectoryWatcher:: Triggered with /home/beethoven/Templates/NextJS/kinoway/client/.next/cache/webpack/server-development/2.pack_ 26:: WatchInfo: /home/beethoven/Templates/NextJS/kinoway/client 1 undefined Config: /home/beethoven/Templates/NextJS/kinoway/client/tsconfig.json WatchType: Wild card directory
Info 140  [23:19:53.390] Project: /home/beethoven/Templates/NextJS/kinoway/client/tsconfig.json Detected file add/remove of non supported extension: /home/beethoven/Templates/NextJS/kinoway/client/.next/cache/webpack/server-development/2.pack_
Info 141  [23:19:53.390] Elapsed:: 0ms DirectoryWatcher:: Triggered with /home/beethoven/Templates/NextJS/kinoway/client/.next/cache/webpack/server-development/2.pack_ 26:: WatchInfo: /home/beethoven/Templates/NextJS/kinoway/client 1 undefined Config: /home/beethoven/Templates/NextJS/kinoway/client/tsconfig.json WatchType: Wild card directory
Info 142  [23:19:53.390] DirectoryWatcher:: Triggered with /home/beethoven/Templates/NextJS/kinoway/client/.next/cache/webpack/server-development/9.pack_ 27:: WatchInfo: /home/beethoven/Templates/NextJS/kinoway/client 1 undefined Config: /home/beethoven/Templates/NextJS/kinoway/client/tsconfig.json WatchType: Wild card directory
Info 143  [23:19:53.390] Project: /home/beethoven/Templates/NextJS/kinoway/client/tsconfig.json Detected file add/remove of non supported extension: /home/beethoven/Templates/NextJS/kinoway/client/.next/cache/webpack/server-development/9.pack_
Info 144  [23:19:53.390] Elapsed:: 0ms DirectoryWatcher:: Triggered with /home/beethoven/Templates/NextJS/kinoway/client/.next/cache/webpack/server-development/9.pack_ 27:: WatchInfo: /home/beethoven/Templates/NextJS/kinoway/client 1 undefined Config: /home/beethoven/Templates/NextJS/kinoway/client/tsconfig.json WatchType: Wild card directory
Info 145  [23:19:53.390] DirectoryWatcher:: Triggered with /home/beethoven/Templates/NextJS/kinoway/client/.next/cache/webpack/server-development/7.pack_ 28:: WatchInfo: /home/beethoven/Templates/NextJS/kinoway/client 1 undefined Config: /home/beethoven/Templates/NextJS/kinoway/client/tsconfig.json WatchType: Wild card directory
Info 146  [23:19:53.390] Project: /home/beethoven/Templates/NextJS/kinoway/client/tsconfig.json Detected file add/remove of non supported extension: /home/beethoven/Templates/NextJS/kinoway/client/.next/cache/webpack/server-development/7.pack_
Info 147  [23:19:53.390] Elapsed:: 0ms DirectoryWatcher:: Triggered with /home/beethoven/Templates/NextJS/kinoway/client/.next/cache/webpack/server-development/7.pack_ 28:: WatchInfo: /home/beethoven/Templates/NextJS/kinoway/client 1 undefined Config: /home/beethoven/Templates/NextJS/kinoway/client/tsconfig.json WatchType: Wild card directory
Info 148  [23:19:53.390] DirectoryWatcher:: Triggered with /home/beethoven/Templates/NextJS/kinoway/client/.next/cache/webpack/server-development/0.pack_ 29:: WatchInfo: /home/beethoven/Templates/NextJS/kinoway/client 1 undefined Config: /home/beethoven/Templates/NextJS/kinoway/client/tsconfig.json WatchType: Wild card directory
Info 149  [23:19:53.390] Project: /home/beethoven/Templates/NextJS/kinoway/client/tsconfig.json Detected file add/remove of non supported extension: /home/beethoven/Templates/NextJS/kinoway/client/.next/cache/webpack/server-development/0.pack_
Info 150  [23:19:53.390] Elapsed:: 0ms DirectoryWatcher:: Triggered with /home/beethoven/Templates/NextJS/kinoway/client/.next/cache/webpack/server-development/0.pack_ 29:: WatchInfo: /home/beethoven/Templates/NextJS/kinoway/client 1 undefined Config: /home/beethoven/Templates/NextJS/kinoway/client/tsconfig.json WatchType: Wild card directory
Info 151  [23:19:53.390] DirectoryWatcher:: Triggered with /home/beethoven/Templates/NextJS/kinoway/client/.next/cache/webpack/server-development/3.pack_ 30:: WatchInfo: /home/beethoven/Templates/NextJS/kinoway/client 1 undefined Config: /home/beethoven/Templates/NextJS/kinoway/client/tsconfig.json WatchType: Wild card directory
Info 152  [23:19:53.390] Project: /home/beethoven/Templates/NextJS/kinoway/client/tsconfig.json Detected file add/remove of non supported extension: /home/beethoven/Templates/NextJS/kinoway/client/.next/cache/webpack/server-development/3.pack_
Info 153  [23:19:53.390] Elapsed:: 0ms DirectoryWatcher:: Triggered with /home/beethoven/Templates/NextJS/kinoway/client/.next/cache/webpack/server-development/3.pack_ 30:: WatchInfo: /home/beethoven/Templates/NextJS/kinoway/client 1 undefined Config: /home/beethoven/Templates/NextJS/kinoway/client/tsconfig.json WatchType: Wild card directory
Info 154  [23:19:53.390] DirectoryWatcher:: Triggered with /home/beethoven/Templates/NextJS/kinoway/client/.next/cache/webpack/server-development/8.pack_ 31:: WatchInfo: /home/beethoven/Templates/NextJS/kinoway/client 1 undefined Config: /home/beethoven/Templates/NextJS/kinoway/client/tsconfig.json WatchType: Wild card directory
Info 155  [23:19:53.390] Project: /home/beethoven/Templates/NextJS/kinoway/client/tsconfig.json Detected file add/remove of non supported extension: /home/beethoven/Templates/NextJS/kinoway/client/.next/cache/webpack/server-development/8.pack_
Info 156  [23:19:53.390] Elapsed:: 0ms DirectoryWatcher:: Triggered with /home/beethoven/Templates/NextJS/kinoway/client/.next/cache/webpack/server-development/8.pack_ 31:: WatchInfo: /home/beethoven/Templates/NextJS/kinoway/client 1 undefined Config: /home/beethoven/Templates/NextJS/kinoway/client/tsconfig.json WatchType: Wild card directory
Info 157  [23:19:53.390] DirectoryWatcher:: Triggered with /home/beethoven/Templates/NextJS/kinoway/client/.next/cache/webpack/server-development/index.pack_ 32:: WatchInfo: /home/beethoven/Templates/NextJS/kinoway/client 1 undefined Config: /home/beethoven/Templates/NextJS/kinoway/client/tsconfig.json WatchType: Wild card directory
Info 158  [23:19:53.391] Project: /home/beethoven/Templates/NextJS/kinoway/client/tsconfig.json Detected file add/remove of non supported extension: /home/beethoven/Templates/NextJS/kinoway/client/.next/cache/webpack/server-development/index.pack_
Info 159  [23:19:53.391] Elapsed:: 1ms DirectoryWatcher:: Triggered with /home/beethoven/Templates/NextJS/kinoway/client/.next/cache/webpack/server-development/index.pack_ 32:: WatchInfo: /home/beethoven/Templates/NextJS/kinoway/client 1 undefined Config: /home/beethoven/Templates/NextJS/kinoway/client/tsconfig.json WatchType: Wild card directory
Info 160  [23:19:53.391] DirectoryWatcher:: Triggered with /home/beethoven/Templates/NextJS/kinoway/client/.next/cache/webpack/server-development/index.pack 33:: WatchInfo: /home/beethoven/Templates/NextJS/kinoway/client 1 undefined Config: /home/beethoven/Templates/NextJS/kinoway/client/tsconfig.json WatchType: Wild card directory
Info 161  [23:19:53.391] Project: /home/beethoven/Templates/NextJS/kinoway/client/tsconfig.json Detected file add/remove of non supported extension: /home/beethoven/Templates/NextJS/kinoway/client/.next/cache/webpack/server-development/index.pack
Info 162  [23:19:53.391] Elapsed:: 0ms DirectoryWatcher:: Triggered with /home/beethoven/Templates/NextJS/kinoway/client/.next/cache/webpack/server-development/index.pack 33:: WatchInfo: /home/beethoven/Templates/NextJS/kinoway/client 1 undefined Config: /home/beethoven/Templates/NextJS/kinoway/client/tsconfig.json WatchType: Wild card directory
Info 163  [23:19:53.391] DirectoryWatcher:: Triggered with /home/beethoven/Templates/NextJS/kinoway/client/.next/cache/webpack/server-development/index.pack.old 34:: WatchInfo: /home/beethoven/Templates/NextJS/kinoway/client 1 undefined Config: /home/beethoven/Templates/NextJS/kinoway/client/tsconfig.json WatchType: Wild card directory
Info 164  [23:19:53.391] Project: /home/beethoven/Templates/NextJS/kinoway/client/tsconfig.json Detected file add/remove of non supported extension: /home/beethoven/Templates/NextJS/kinoway/client/.next/cache/webpack/server-development/index.pack.old
Info 165  [23:19:53.391] Elapsed:: 0ms DirectoryWatcher:: Triggered with /home/beethoven/Templates/NextJS/kinoway/client/.next/cache/webpack/server-development/index.pack.old 34:: WatchInfo: /home/beethoven/Templates/NextJS/kinoway/client 1 undefined Config: /home/beethoven/Templates/NextJS/kinoway/client/tsconfig.json WatchType: Wild card directory
Info 166  [23:19:53.391] DirectoryWatcher:: Triggered with /home/beethoven/Templates/NextJS/kinoway/client/.next/cache/webpack/server-development/9.pack_ 35:: WatchInfo: /home/beethoven/Templates/NextJS/kinoway/client 1 undefined Config: /home/beethoven/Templates/NextJS/kinoway/client/tsconfig.json WatchType: Wild card directory
Info 167  [23:19:53.391] Project: /home/beethoven/Templates/NextJS/kinoway/client/tsconfig.json Detected file add/remove of non supported extension: /home/beethoven/Templates/NextJS/kinoway/client/.next/cache/webpack/server-development/9.pack_
Info 168  [23:19:53.391] Elapsed:: 0ms DirectoryWatcher:: Triggered with /home/beethoven/Templates/NextJS/kinoway/client/.next/cache/webpack/server-development/9.pack_ 35:: WatchInfo: /home/beethoven/Templates/NextJS/kinoway/client 1 undefined Config: /home/beethoven/Templates/NextJS/kinoway/client/tsconfig.json WatchType: Wild card directory
Info 169  [23:19:53.391] DirectoryWatcher:: Triggered with /home/beethoven/Templates/NextJS/kinoway/client/.next/cache/webpack/server-development/9.pack 36:: WatchInfo: /home/beethoven/Templates/NextJS/kinoway/client 1 undefined Config: /home/beethoven/Templates/NextJS/kinoway/client/tsconfig.json WatchType: Wild card directory
Info 170  [23:19:53.391] Project: /home/beethoven/Templates/NextJS/kinoway/client/tsconfig.json Detected file add/remove of non supported extension: /home/beethoven/Templates/NextJS/kinoway/client/.next/cache/webpack/server-development/9.pack
Info 171  [23:19:53.391] Elapsed:: 0ms DirectoryWatcher:: Triggered with /home/beethoven/Templates/NextJS/kinoway/client/.next/cache/webpack/server-development/9.pack 36:: WatchInfo: /home/beethoven/Templates/NextJS/kinoway/client 1 undefined Config: /home/beethoven/Templates/NextJS/kinoway/client/tsconfig.json WatchType: Wild card directory
Info 172  [23:19:53.391] DirectoryWatcher:: Triggered with /home/beethoven/Templates/NextJS/kinoway/client/.next/cache/webpack/server-development/7.pack_ 37:: WatchInfo: /home/beethoven/Templates/NextJS/kinoway/client 1 undefined Config: /home/beethoven/Templates/NextJS/kinoway/client/tsconfig.json WatchType: Wild card directory
Info 173  [23:19:53.391] Project: /home/beethoven/Templates/NextJS/kinoway/client/tsconfig.json Detected file add/remove of non supported extension: /home/beethoven/Templates/NextJS/kinoway/client/.next/cache/webpack/server-development/7.pack_
Info 174  [23:19:53.391] Elapsed:: 0ms DirectoryWatcher:: Triggered with /home/beethoven/Templates/NextJS/kinoway/client/.next/cache/webpack/server-development/7.pack_ 37:: WatchInfo: /home/beethoven/Templates/NextJS/kinoway/client 1 undefined Config: /home/beethoven/Templates/NextJS/kinoway/client/tsconfig.json WatchType: Wild card directory
Info 175  [23:19:53.391] DirectoryWatcher:: Triggered with /home/beethoven/Templates/NextJS/kinoway/client/.next/cache/webpack/server-development/7.pack 38:: WatchInfo: /home/beethoven/Templates/NextJS/kinoway/client 1 undefined Config: /home/beethoven/Templates/NextJS/kinoway/client/tsconfig.json WatchType: Wild card directory
Info 176  [23:19:53.391] Project: /home/beethoven/Templates/NextJS/kinoway/client/tsconfig.json Detected file add/remove of non supported extension: /home/beethoven/Templates/NextJS/kinoway/client/.next/cache/webpack/server-development/7.pack
Info 177  [23:19:53.391] Elapsed:: 0ms DirectoryWatcher:: Triggered with /home/beethoven/Templates/NextJS/kinoway/client/.next/cache/webpack/server-development/7.pack 38:: WatchInfo: /home/beethoven/Templates/NextJS/kinoway/client 1 undefined Config: /home/beethoven/Templates/NextJS/kinoway/client/tsconfig.json WatchType: Wild card directory
Info 178  [23:19:53.391] DirectoryWatcher:: Triggered with /home/beethoven/Templates/NextJS/kinoway/client/.next/cache/webpack/server-development/2.pack_ 39:: WatchInfo: /home/beethoven/Templates/NextJS/kinoway/client 1 undefined Config: /home/beethoven/Templates/NextJS/kinoway/client/tsconfig.json WatchType: Wild card directory
Info 179  [23:19:53.391] Project: /home/beethoven/Templates/NextJS/kinoway/client/tsconfig.json Detected file add/remove of non supported extension: /home/beethoven/Templates/NextJS/kinoway/client/.next/cache/webpack/server-development/2.pack_
Info 180  [23:19:53.391] Elapsed:: 0ms DirectoryWatcher:: Triggered with /home/beethoven/Templates/NextJS/kinoway/client/.next/cache/webpack/server-development/2.pack_ 39:: WatchInfo: /home/beethoven/Templates/NextJS/kinoway/client 1 undefined Config: /home/beethoven/Templates/NextJS/kinoway/client/tsconfig.json WatchType: Wild card directory
Info 181  [23:19:53.391] DirectoryWatcher:: Triggered with /home/beethoven/Templates/NextJS/kinoway/client/.next/cache/webpack/server-development/2.pack 40:: WatchInfo: /home/beethoven/Templates/NextJS/kinoway/client 1 undefined Config: /home/beethoven/Templates/NextJS/kinoway/client/tsconfig.json WatchType: Wild card directory
Info 182  [23:19:53.391] Project: /home/beethoven/Templates/NextJS/kinoway/client/tsconfig.json Detected file add/remove of non supported extension: /home/beethoven/Templates/NextJS/kinoway/client/.next/cache/webpack/server-development/2.pack
Info 183  [23:19:53.391] Elapsed:: 0ms DirectoryWatcher:: Triggered with /home/beethoven/Templates/NextJS/kinoway/client/.next/cache/webpack/server-development/2.pack 40:: WatchInfo: /home/beethoven/Templates/NextJS/kinoway/client 1 undefined Config: /home/beethoven/Templates/NextJS/kinoway/client/tsconfig.json WatchType: Wild card directory
Info 184  [23:19:53.391] DirectoryWatcher:: Triggered with /home/beethoven/Templates/NextJS/kinoway/client/.next/cache/webpack/server-development/3.pack_ 41:: WatchInfo: /home/beethoven/Templates/NextJS/kinoway/client 1 undefined Config: /home/beethoven/Templates/NextJS/kinoway/client/tsconfig.json WatchType: Wild card directory
Info 185  [23:19:53.391] Project: /home/beethoven/Templates/NextJS/kinoway/client/tsconfig.json Detected file add/remove of non supported extension: /home/beethoven/Templates/NextJS/kinoway/client/.next/cache/webpack/server-development/3.pack_
Info 186  [23:19:53.391] Elapsed:: 0ms DirectoryWatcher:: Triggered with /home/beethoven/Templates/NextJS/kinoway/client/.next/cache/webpack/server-development/3.pack_ 41:: WatchInfo: /home/beethoven/Templates/NextJS/kinoway/client 1 undefined Config: /home/beethoven/Templates/NextJS/kinoway/client/tsconfig.json WatchType: Wild card directory
Info 187  [23:19:53.391] DirectoryWatcher:: Triggered with /home/beethoven/Templates/NextJS/kinoway/client/.next/cache/webpack/server-development/3.pack 42:: WatchInfo: /home/beethoven/Templates/NextJS/kinoway/client 1 undefined Config: /home/beethoven/Templates/NextJS/kinoway/client/tsconfig.json WatchType: Wild card directory
Info 188  [23:19:53.391] Project: /home/beethoven/Templates/NextJS/kinoway/client/tsconfig.json Detected file add/remove of non supported extension: /home/beethoven/Templates/NextJS/kinoway/client/.next/cache/webpack/server-development/3.pack
Info 189  [23:19:53.391] Elapsed:: 0ms DirectoryWatcher:: Triggered with /home/beethoven/Templates/NextJS/kinoway/client/.next/cache/webpack/server-development/3.pack 42:: WatchInfo: /home/beethoven/Templates/NextJS/kinoway/client 1 undefined Config: /home/beethoven/Templates/NextJS/kinoway/client/tsconfig.json WatchType: Wild card directory
Info 190  [23:19:53.391] DirectoryWatcher:: Triggered with /home/beethoven/Templates/NextJS/kinoway/client/.next/cache/webpack/server-development/8.pack_ 43:: WatchInfo: /home/beethoven/Templates/NextJS/kinoway/client 1 undefined Config: /home/beethoven/Templates/NextJS/kinoway/client/tsconfig.json WatchType: Wild card directory
Info 191  [23:19:53.392] Project: /home/beethoven/Templates/NextJS/kinoway/client/tsconfig.json Detected file add/remove of non supported extension: /home/beethoven/Templates/NextJS/kinoway/client/.next/cache/webpack/server-development/8.pack_
Info 192  [23:19:53.392] Elapsed:: 1ms DirectoryWatcher:: Triggered with /home/beethoven/Templates/NextJS/kinoway/client/.next/cache/webpack/server-development/8.pack_ 43:: WatchInfo: /home/beethoven/Templates/NextJS/kinoway/client 1 undefined Config: /home/beethoven/Templates/NextJS/kinoway/client/tsconfig.json WatchType: Wild card directory
Info 193  [23:19:53.392] DirectoryWatcher:: Triggered with /home/beethoven/Templates/NextJS/kinoway/client/.next/cache/webpack/server-development/8.pack 44:: WatchInfo: /home/beethoven/Templates/NextJS/kinoway/client 1 undefined Config: /home/beethoven/Templates/NextJS/kinoway/client/tsconfig.json WatchType: Wild card directory
Info 194  [23:19:53.392] Project: /home/beethoven/Templates/NextJS/kinoway/client/tsconfig.json Detected file add/remove of non supported extension: /home/beethoven/Templates/NextJS/kinoway/client/.next/cache/webpack/server-development/8.pack
Info 195  [23:19:53.392] Elapsed:: 0ms DirectoryWatcher:: Triggered with /home/beethoven/Templates/NextJS/kinoway/client/.next/cache/webpack/server-development/8.pack 44:: WatchInfo: /home/beethoven/Templates/NextJS/kinoway/client 1 undefined Config: /home/beethoven/Templates/NextJS/kinoway/client/tsconfig.json WatchType: Wild card directory
Info 196  [23:19:53.392] DirectoryWatcher:: Triggered with /home/beethoven/Templates/NextJS/kinoway/client/.next/cache/webpack/server-development/0.pack_ 45:: WatchInfo: /home/beethoven/Templates/NextJS/kinoway/client 1 undefined Config: /home/beethoven/Templates/NextJS/kinoway/client/tsconfig.json WatchType: Wild card directory
Info 197  [23:19:53.392] Project: /home/beethoven/Templates/NextJS/kinoway/client/tsconfig.json Detected file add/remove of non supported extension: /home/beethoven/Templates/NextJS/kinoway/client/.next/cache/webpack/server-development/0.pack_
Info 198  [23:19:53.392] Elapsed:: 0ms DirectoryWatcher:: Triggered with /home/beethoven/Templates/NextJS/kinoway/client/.next/cache/webpack/server-development/0.pack_ 45:: WatchInfo: /home/beethoven/Templates/NextJS/kinoway/client 1 undefined Config: /home/beethoven/Templates/NextJS/kinoway/client/tsconfig.json WatchType: Wild card directory
Info 199  [23:19:53.392] DirectoryWatcher:: Triggered with /home/beethoven/Templates/NextJS/kinoway/client/.next/cache/webpack/server-development/0.pack 46:: WatchInfo: /home/beethoven/Templates/NextJS/kinoway/client 1 undefined Config: /home/beethoven/Templates/NextJS/kinoway/client/tsconfig.json WatchType: Wild card directory
Info 200  [23:19:53.392] Project: /home/beethoven/Templates/NextJS/kinoway/client/tsconfig.json Detected file add/remove of non supported extension: /home/beethoven/Templates/NextJS/kinoway/client/.next/cache/webpack/server-development/0.pack
Info 201  [23:19:53.392] Elapsed:: 0ms DirectoryWatcher:: Triggered with /home/beethoven/Templates/NextJS/kinoway/client/.next/cache/webpack/server-development/0.pack 46:: WatchInfo: /home/beethoven/Templates/NextJS/kinoway/client 1 undefined Config: /home/beethoven/Templates/NextJS/kinoway/client/tsconfig.json WatchType: Wild card directory
Info 202  [23:19:53.392] DirectoryWatcher:: Triggered with /home/beethoven/Templates/NextJS/kinoway/client/.next/cache/webpack/server-development/index.pack_ 47:: WatchInfo: /home/beethoven/Templates/NextJS/kinoway/client 1 undefined Config: /home/beethoven/Templates/NextJS/kinoway/client/tsconfig.json WatchType: Wild card directory
Info 203  [23:19:53.392] Project: /home/beethoven/Templates/NextJS/kinoway/client/tsconfig.json Detected file add/remove of non supported extension: /home/beethoven/Templates/NextJS/kinoway/client/.next/cache/webpack/server-development/index.pack_
Info 204  [23:19:53.392] Elapsed:: 0ms DirectoryWatcher:: Triggered with /home/beethoven/Templates/NextJS/kinoway/client/.next/cache/webpack/server-development/index.pack_ 47:: WatchInfo: /home/beethoven/Templates/NextJS/kinoway/client 1 undefined Config: /home/beethoven/Templates/NextJS/kinoway/client/tsconfig.json WatchType: Wild card directory
Info 205  [23:19:53.392] DirectoryWatcher:: Triggered with /home/beethoven/Templates/NextJS/kinoway/client/.next/cache/webpack/server-development/index.pack 48:: WatchInfo: /home/beethoven/Templates/NextJS/kinoway/client 1 undefined Config: /home/beethoven/Templates/NextJS/kinoway/client/tsconfig.json WatchType: Wild card directory
Info 206  [23:19:53.392] Project: /home/beethoven/Templates/NextJS/kinoway/client/tsconfig.json Detected file add/remove of non supported extension: /home/beethoven/Templates/NextJS/kinoway/client/.next/cache/webpack/server-development/index.pack
Info 207  [23:19:53.392] Elapsed:: 0ms DirectoryWatcher:: Triggered with /home/beethoven/Templates/NextJS/kinoway/client/.next/cache/webpack/server-development/index.pack 48:: WatchInfo: /home/beethoven/Templates/NextJS/kinoway/client 1 undefined Config: /home/beethoven/Templates/NextJS/kinoway/client/tsconfig.json WatchType: Wild card directory
Info 208  [23:22:14.276] DirectoryWatcher:: Triggered with /home/beethoven/Templates/NextJS/kinoway/client/.next/static/webpack/webpack.606d6bb164fb38b4.hot-update.js 0:: WatchInfo: /home/beethoven/Templates/NextJS/kinoway/client 1 undefined Config: /home/beethoven/Templates/NextJS/kinoway/client/tsconfig.json WatchType: Wild card directory
Info 209  [23:22:14.277] Elapsed:: 1ms DirectoryWatcher:: Triggered with /home/beethoven/Templates/NextJS/kinoway/client/.next/static/webpack/webpack.606d6bb164fb38b4.hot-update.js 0:: WatchInfo: /home/beethoven/Templates/NextJS/kinoway/client 1 undefined Config: /home/beethoven/Templates/NextJS/kinoway/client/tsconfig.json WatchType: Wild card directory
Info 210  [23:22:14.277] DirectoryWatcher:: Triggered with /home/beethoven/Templates/NextJS/kinoway/client/.next/static/webpack/606d6bb164fb38b4.webpack.hot-update.json 1:: WatchInfo: /home/beethoven/Templates/NextJS/kinoway/client 1 undefined Config: /home/beethoven/Templates/NextJS/kinoway/client/tsconfig.json WatchType: Wild card directory
Info 211  [23:22:14.277] Elapsed:: 0ms DirectoryWatcher:: Triggered with /home/beethoven/Templates/NextJS/kinoway/client/.next/static/webpack/606d6bb164fb38b4.webpack.hot-update.json 1:: WatchInfo: /home/beethoven/Templates/NextJS/kinoway/client 1 undefined Config: /home/beethoven/Templates/NextJS/kinoway/client/tsconfig.json WatchType: Wild card directory
Info 212  [23:22:14.531] Starting updateGraphWorker: Project: /home/beethoven/Templates/NextJS/kinoway/client/tsconfig.json
Info 213  [23:22:14.533] Finishing updateGraphWorker: Project: /home/beethoven/Templates/NextJS/kinoway/client/tsconfig.json Version: 6 structureChanged: false structureIsReused:: Completely Elapsed: 2ms
Info 214  [23:22:16.778] Before ensureProjectForOpenFiles:
Info 215  [23:22:16.778] After ensureProjectForOpenFiles:
Info 216  [23:22:16.778] got projects updated in background, updating diagnostics for /home/beethoven/Templates/NextJS/kinoway/client/src/components/screens/SearchResults/SearchResults.tsx
Info 217  [23:23:14.556] DirectoryWatcher:: Triggered with /home/beethoven/Templates/NextJS/kinoway/client/.next/cache/webpack/client-development/10.pack_ 0:: WatchInfo: /home/beethoven/Templates/NextJS/kinoway/client 1 undefined Config: /home/beethoven/Templates/NextJS/kinoway/client/tsconfig.json WatchType: Wild card directory
Info 218  [23:23:14.556] Project: /home/beethoven/Templates/NextJS/kinoway/client/tsconfig.json Detected file add/remove of non supported extension: /home/beethoven/Templates/NextJS/kinoway/client/.next/cache/webpack/client-development/10.pack_
Info 219  [23:23:14.556] Elapsed:: 0ms DirectoryWatcher:: Triggered with /home/beethoven/Templates/NextJS/kinoway/client/.next/cache/webpack/client-development/10.pack_ 0:: WatchInfo: /home/beethoven/Templates/NextJS/kinoway/client 1 undefined Config: /home/beethoven/Templates/NextJS/kinoway/client/tsconfig.json WatchType: Wild card directory
Info 220  [23:23:14.556] DirectoryWatcher:: Triggered with /home/beethoven/Templates/NextJS/kinoway/client/.next/cache/webpack/client-development/11.pack_ 1:: WatchInfo: /home/beethoven/Templates/NextJS/kinoway/client 1 undefined Config: /home/beethoven/Templates/NextJS/kinoway/client/tsconfig.json WatchType: Wild card directory
Info 221  [23:23:14.556] Project: /home/beethoven/Templates/NextJS/kinoway/client/tsconfig.json Detected file add/remove of non supported extension: /home/beethoven/Templates/NextJS/kinoway/client/.next/cache/webpack/client-development/11.pack_
Info 222  [23:23:14.556] Elapsed:: 0ms DirectoryWatcher:: Triggered with /home/beethoven/Templates/NextJS/kinoway/client/.next/cache/webpack/client-development/11.pack_ 1:: WatchInfo: /home/beethoven/Templates/NextJS/kinoway/client 1 undefined Config: /home/beethoven/Templates/NextJS/kinoway/client/tsconfig.json WatchType: Wild card directory
Info 223  [23:23:14.556] DirectoryWatcher:: Triggered with /home/beethoven/Templates/NextJS/kinoway/client/.next/cache/webpack/client-development/index.pack_ 2:: WatchInfo: /home/beethoven/Templates/NextJS/kinoway/client 1 undefined Config: /home/beethoven/Templates/NextJS/kinoway/client/tsconfig.json WatchType: Wild card directory
Info 224  [23:23:14.556] Project: /home/beethoven/Templates/NextJS/kinoway/client/tsconfig.json Detected file add/remove of non supported extension: /home/beethoven/Templates/NextJS/kinoway/client/.next/cache/webpack/client-development/index.pack_
Info 225  [23:23:14.556] Elapsed:: 0ms DirectoryWatcher:: Triggered with /home/beethoven/Templates/NextJS/kinoway/client/.next/cache/webpack/client-development/index.pack_ 2:: WatchInfo: /home/beethoven/Templates/NextJS/kinoway/client 1 undefined Config: /home/beethoven/Templates/NextJS/kinoway/client/tsconfig.json WatchType: Wild card directory
Info 226  [23:23:14.556] DirectoryWatcher:: Triggered with /home/beethoven/Templates/NextJS/kinoway/client/.next/cache/webpack/client-development/index.pack 3:: WatchInfo: /home/beethoven/Templates/NextJS/kinoway/client 1 undefined Config: /home/beethoven/Templates/NextJS/kinoway/client/tsconfig.json WatchType: Wild card directory
Info 227  [23:23:14.556] Project: /home/beethoven/Templates/NextJS/kinoway/client/tsconfig.json Detected file add/remove of non supported extension: /home/beethoven/Templates/NextJS/kinoway/client/.next/cache/webpack/client-development/index.pack
Info 228  [23:23:14.556] Elapsed:: 0ms DirectoryWatcher:: Triggered with /home/beethoven/Templates/NextJS/kinoway/client/.next/cache/webpack/client-development/index.pack 3:: WatchInfo: /home/beethoven/Templates/NextJS/kinoway/client 1 undefined Config: /home/beethoven/Templates/NextJS/kinoway/client/tsconfig.json WatchType: Wild card directory
Info 229  [23:23:14.556] DirectoryWatcher:: Triggered with /home/beethoven/Templates/NextJS/kinoway/client/.next/cache/webpack/client-development/index.pack.old 4:: WatchInfo: /home/beethoven/Templates/NextJS/kinoway/client 1 undefined Config: /home/beethoven/Templates/NextJS/kinoway/client/tsconfig.json WatchType: Wild card directory
Info 230  [23:23:14.556] Project: /home/beethoven/Templates/NextJS/kinoway/client/tsconfig.json Detected file add/remove of non supported extension: /home/beethoven/Templates/NextJS/kinoway/client/.next/cache/webpack/client-development/index.pack.old
Info 231  [23:23:14.556] Elapsed:: 0ms DirectoryWatcher:: Triggered with /home/beethoven/Templates/NextJS/kinoway/client/.next/cache/webpack/client-development/index.pack.old 4:: WatchInfo: /home/beethoven/Templates/NextJS/kinoway/client 1 undefined Config: /home/beethoven/Templates/NextJS/kinoway/client/tsconfig.json WatchType: Wild card directory
Info 232  [23:23:14.556] DirectoryWatcher:: Triggered with /home/beethoven/Templates/NextJS/kinoway/client/.next/cache/webpack/client-development/10.pack_ 5:: WatchInfo: /home/beethoven/Templates/NextJS/kinoway/client 1 undefined Config: /home/beethoven/Templates/NextJS/kinoway/client/tsconfig.json WatchType: Wild card directory
Info 233  [23:23:14.556] Project: /home/beethoven/Templates/NextJS/kinoway/client/tsconfig.json Detected file add/remove of non supported extension: /home/beethoven/Templates/NextJS/kinoway/client/.next/cache/webpack/client-development/10.pack_
Info 234  [23:23:14.556] Elapsed:: 0ms DirectoryWatcher:: Triggered with /home/beethoven/Templates/NextJS/kinoway/client/.next/cache/webpack/client-development/10.pack_ 5:: WatchInfo: /home/beethoven/Templates/NextJS/kinoway/client 1 undefined Config: /home/beethoven/Templates/NextJS/kinoway/client/tsconfig.json WatchType: Wild card directory
Info 235  [23:23:14.556] DirectoryWatcher:: Triggered with /home/beethoven/Templates/NextJS/kinoway/client/.next/cache/webpack/client-development/10.pack 6:: WatchInfo: /home/beethoven/Templates/NextJS/kinoway/client 1 undefined Config: /home/beethoven/Templates/NextJS/kinoway/client/tsconfig.json WatchType: Wild card directory
Info 236  [23:23:14.557] Project: /home/beethoven/Templates/NextJS/kinoway/client/tsconfig.json Detected file add/remove of non supported extension: /home/beethoven/Templates/NextJS/kinoway/client/.next/cache/webpack/client-development/10.pack
Info 237  [23:23:14.557] Elapsed:: 0ms DirectoryWatcher:: Triggered with /home/beethoven/Templates/NextJS/kinoway/client/.next/cache/webpack/client-development/10.pack 6:: WatchInfo: /home/beethoven/Templates/NextJS/kinoway/client 1 undefined Config: /home/beethoven/Templates/NextJS/kinoway/client/tsconfig.json WatchType: Wild card directory
Info 238  [23:23:14.557] DirectoryWatcher:: Triggered with /home/beethoven/Templates/NextJS/kinoway/client/.next/cache/webpack/client-development/11.pack_ 7:: WatchInfo: /home/beethoven/Templates/NextJS/kinoway/client 1 undefined Config: /home/beethoven/Templates/NextJS/kinoway/client/tsconfig.json WatchType: Wild card directory
Info 239  [23:23:14.557] Project: /home/beethoven/Templates/NextJS/kinoway/client/tsconfig.json Detected file add/remove of non supported extension: /home/beethoven/Templates/NextJS/kinoway/client/.next/cache/webpack/client-development/11.pack_
Info 240  [23:23:14.557] Elapsed:: 0ms DirectoryWatcher:: Triggered with /home/beethoven/Templates/NextJS/kinoway/client/.next/cache/webpack/client-development/11.pack_ 7:: WatchInfo: /home/beethoven/Templates/NextJS/kinoway/client 1 undefined Config: /home/beethoven/Templates/NextJS/kinoway/client/tsconfig.json WatchType: Wild card directory
Info 241  [23:23:14.557] DirectoryWatcher:: Triggered with /home/beethoven/Templates/NextJS/kinoway/client/.next/cache/webpack/client-development/11.pack 8:: WatchInfo: /home/beethoven/Templates/NextJS/kinoway/client 1 undefined Config: /home/beethoven/Templates/NextJS/kinoway/client/tsconfig.json WatchType: Wild card directory
Info 242  [23:23:14.557] Project: /home/beethoven/Templates/NextJS/kinoway/client/tsconfig.json Detected file add/remove of non supported extension: /home/beethoven/Templates/NextJS/kinoway/client/.next/cache/webpack/client-development/11.pack
Info 243  [23:23:14.557] Elapsed:: 0ms DirectoryWatcher:: Triggered with /home/beethoven/Templates/NextJS/kinoway/client/.next/cache/webpack/client-development/11.pack 8:: WatchInfo: /home/beethoven/Templates/NextJS/kinoway/client 1 undefined Config: /home/beethoven/Templates/NextJS/kinoway/client/tsconfig.json WatchType: Wild card directory
Info 244  [23:23:14.557] DirectoryWatcher:: Triggered with /home/beethoven/Templates/NextJS/kinoway/client/.next/cache/webpack/client-development/index.pack_ 9:: WatchInfo: /home/beethoven/Templates/NextJS/kinoway/client 1 undefined Config: /home/beethoven/Templates/NextJS/kinoway/client/tsconfig.json WatchType: Wild card directory
Info 245  [23:23:14.557] Project: /home/beethoven/Templates/NextJS/kinoway/client/tsconfig.json Detected file add/remove of non supported extension: /home/beethoven/Templates/NextJS/kinoway/client/.next/cache/webpack/client-development/index.pack_
Info 246  [23:23:14.557] Elapsed:: 0ms DirectoryWatcher:: Triggered with /home/beethoven/Templates/NextJS/kinoway/client/.next/cache/webpack/client-development/index.pack_ 9:: WatchInfo: /home/beethoven/Templates/NextJS/kinoway/client 1 undefined Config: /home/beethoven/Templates/NextJS/kinoway/client/tsconfig.json WatchType: Wild card directory
Info 247  [23:23:14.557] DirectoryWatcher:: Triggered with /home/beethoven/Templates/NextJS/kinoway/client/.next/cache/webpack/client-development/index.pack 10:: WatchInfo: /home/beethoven/Templates/NextJS/kinoway/client 1 undefined Config: /home/beethoven/Templates/NextJS/kinoway/client/tsconfig.json WatchType: Wild card directory
Info 248  [23:23:14.557] Project: /home/beethoven/Templates/NextJS/kinoway/client/tsconfig.json Detected file add/remove of non supported extension: /home/beethoven/Templates/NextJS/kinoway/client/.next/cache/webpack/client-development/index.pack
Info 249  [23:23:14.557] Elapsed:: 0ms DirectoryWatcher:: Triggered with /home/beethoven/Templates/NextJS/kinoway/client/.next/cache/webpack/client-development/index.pack 10:: WatchInfo: /home/beethoven/Templates/NextJS/kinoway/client 1 undefined Config: /home/beethoven/Templates/NextJS/kinoway/client/tsconfig.json WatchType: Wild card directory
Info 250  [23:23:14.557] DirectoryWatcher:: Triggered with /home/beethoven/Templates/NextJS/kinoway/client/.next/cache/webpack/server-development/10.pack_ 11:: WatchInfo: /home/beethoven/Templates/NextJS/kinoway/client 1 undefined Config: /home/beethoven/Templates/NextJS/kinoway/client/tsconfig.json WatchType: Wild card directory
Info 251  [23:23:14.557] Project: /home/beethoven/Templates/NextJS/kinoway/client/tsconfig.json Detected file add/remove of non supported extension: /home/beethoven/Templates/NextJS/kinoway/client/.next/cache/webpack/server-development/10.pack_
Info 252  [23:23:14.557] Elapsed:: 0ms DirectoryWatcher:: Triggered with /home/beethoven/Templates/NextJS/kinoway/client/.next/cache/webpack/server-development/10.pack_ 11:: WatchInfo: /home/beethoven/Templates/NextJS/kinoway/client 1 undefined Config: /home/beethoven/Templates/NextJS/kinoway/client/tsconfig.json WatchType: Wild card directory
Info 253  [23:23:14.557] DirectoryWatcher:: Triggered with /home/beethoven/Templates/NextJS/kinoway/client/.next/cache/webpack/server-development/2.pack_ 12:: WatchInfo: /home/beethoven/Templates/NextJS/kinoway/client 1 undefined Config: /home/beethoven/Templates/NextJS/kinoway/client/tsconfig.json WatchType: Wild card directory
Info 254  [23:23:14.557] Project: /home/beethoven/Templates/NextJS/kinoway/client/tsconfig.json Detected file add/remove of non supported extension: /home/beethoven/Templates/NextJS/kinoway/client/.next/cache/webpack/server-development/2.pack_
Info 255  [23:23:14.557] Elapsed:: 0ms DirectoryWatcher:: Triggered with /home/beethoven/Templates/NextJS/kinoway/client/.next/cache/webpack/server-development/2.pack_ 12:: WatchInfo: /home/beethoven/Templates/NextJS/kinoway/client 1 undefined Config: /home/beethoven/Templates/NextJS/kinoway/client/tsconfig.json WatchType: Wild card directory
Info 256  [23:23:14.557] DirectoryWatcher:: Triggered with /home/beethoven/Templates/NextJS/kinoway/client/.next/cache/webpack/server-development/index.pack_ 13:: WatchInfo: /home/beethoven/Templates/NextJS/kinoway/client 1 undefined Config: /home/beethoven/Templates/NextJS/kinoway/client/tsconfig.json WatchType: Wild card directory
Info 257  [23:23:14.557] Project: /home/beethoven/Templates/NextJS/kinoway/client/tsconfig.json Detected file add/remove of non supported extension: /home/beethoven/Templates/NextJS/kinoway/client/.next/cache/webpack/server-development/index.pack_
Info 258  [23:23:14.557] Elapsed:: 0ms DirectoryWatcher:: Triggered with /home/beethoven/Templates/NextJS/kinoway/client/.next/cache/webpack/server-development/index.pack_ 13:: WatchInfo: /home/beethoven/Templates/NextJS/kinoway/client 1 undefined Config: /home/beethoven/Templates/NextJS/kinoway/client/tsconfig.json WatchType: Wild card directory
Info 259  [23:23:14.557] DirectoryWatcher:: Triggered with /home/beethoven/Templates/NextJS/kinoway/client/.next/cache/webpack/server-development/index.pack 14:: WatchInfo: /home/beethoven/Templates/NextJS/kinoway/client 1 undefined Config: /home/beethoven/Templates/NextJS/kinoway/client/tsconfig.json WatchType: Wild card directory
Info 260  [23:23:14.557] Project: /home/beethoven/Templates/NextJS/kinoway/client/tsconfig.json Detected file add/remove of non supported extension: /home/beethoven/Templates/NextJS/kinoway/client/.next/cache/webpack/server-development/index.pack
Info 261  [23:23:14.557] Elapsed:: 0ms DirectoryWatcher:: Triggered with /home/beethoven/Templates/NextJS/kinoway/client/.next/cache/webpack/server-development/index.pack 14:: WatchInfo: /home/beethoven/Templates/NextJS/kinoway/client 1 undefined Config: /home/beethoven/Templates/NextJS/kinoway/client/tsconfig.json WatchType: Wild card directory
Info 262  [23:23:14.557] DirectoryWatcher:: Triggered with /home/beethoven/Templates/NextJS/kinoway/client/.next/cache/webpack/server-development/index.pack.old 15:: WatchInfo: /home/beethoven/Templates/NextJS/kinoway/client 1 undefined Config: /home/beethoven/Templates/NextJS/kinoway/client/tsconfig.json WatchType: Wild card directory
Info 263  [23:23:14.557] Project: /home/beethoven/Templates/NextJS/kinoway/client/tsconfig.json Detected file add/remove of non supported extension: /home/beethoven/Templates/NextJS/kinoway/client/.next/cache/webpack/server-development/index.pack.old
Info 264  [23:23:14.557] Elapsed:: 0ms DirectoryWatcher:: Triggered with /home/beethoven/Templates/NextJS/kinoway/client/.next/cache/webpack/server-development/index.pack.old 15:: WatchInfo: /home/beethoven/Templates/NextJS/kinoway/client 1 undefined Config: /home/beethoven/Templates/NextJS/kinoway/client/tsconfig.json WatchType: Wild card directory
Info 265  [23:23:14.557] DirectoryWatcher:: Triggered with /home/beethoven/Templates/NextJS/kinoway/client/.next/cache/webpack/server-development/10.pack_ 16:: WatchInfo: /home/beethoven/Templates/NextJS/kinoway/client 1 undefined Config: /home/beethoven/Templates/NextJS/kinoway/client/tsconfig.json WatchType: Wild card directory
Info 266  [23:23:14.557] Project: /home/beethoven/Templates/NextJS/kinoway/client/tsconfig.json Detected file add/remove of non supported extension: /home/beethoven/Templates/NextJS/kinoway/client/.next/cache/webpack/server-development/10.pack_
Info 267  [23:23:14.557] Elapsed:: 0ms DirectoryWatcher:: Triggered with /home/beethoven/Templates/NextJS/kinoway/client/.next/cache/webpack/server-development/10.pack_ 16:: WatchInfo: /home/beethoven/Templates/NextJS/kinoway/client 1 undefined Config: /home/beethoven/Templates/NextJS/kinoway/client/tsconfig.json WatchType: Wild card directory
Info 268  [23:23:14.557] DirectoryWatcher:: Triggered with /home/beethoven/Templates/NextJS/kinoway/client/.next/cache/webpack/server-development/10.pack 17:: WatchInfo: /home/beethoven/Templates/NextJS/kinoway/client 1 undefined Config: /home/beethoven/Templates/NextJS/kinoway/client/tsconfig.json WatchType: Wild card directory
Info 269  [23:23:14.557] Project: /home/beethoven/Templates/NextJS/kinoway/client/tsconfig.json Detected file add/remove of non supported extension: /home/beethoven/Templates/NextJS/kinoway/client/.next/cache/webpack/server-development/10.pack
Info 270  [23:23:14.557] Elapsed:: 0ms DirectoryWatcher:: Triggered with /home/beethoven/Templates/NextJS/kinoway/client/.next/cache/webpack/server-development/10.pack 17:: WatchInfo: /home/beethoven/Templates/NextJS/kinoway/client 1 undefined Config: /home/beethoven/Templates/NextJS/kinoway/client/tsconfig.json WatchType: Wild card directory
Info 271  [23:23:14.557] DirectoryWatcher:: Triggered with /home/beethoven/Templates/NextJS/kinoway/client/.next/cache/webpack/server-development/2.pack_ 18:: WatchInfo: /home/beethoven/Templates/NextJS/kinoway/client 1 undefined Config: /home/beethoven/Templates/NextJS/kinoway/client/tsconfig.json WatchType: Wild card directory
Info 272  [23:23:14.557] Project: /home/beethoven/Templates/NextJS/kinoway/client/tsconfig.json Detected file add/remove of non supported extension: /home/beethoven/Templates/NextJS/kinoway/client/.next/cache/webpack/server-development/2.pack_
Info 273  [23:23:14.557] Elapsed:: 0ms DirectoryWatcher:: Triggered with /home/beethoven/Templates/NextJS/kinoway/client/.next/cache/webpack/server-development/2.pack_ 18:: WatchInfo: /home/beethoven/Templates/NextJS/kinoway/client 1 undefined Config: /home/beethoven/Templates/NextJS/kinoway/client/tsconfig.json WatchType: Wild card directory
Info 274  [23:23:14.557] DirectoryWatcher:: Triggered with /home/beethoven/Templates/NextJS/kinoway/client/.next/cache/webpack/server-development/2.pack 19:: WatchInfo: /home/beethoven/Templates/NextJS/kinoway/client 1 undefined Config: /home/beethoven/Templates/NextJS/kinoway/client/tsconfig.json WatchType: Wild card directory
Info 275  [23:23:14.557] Project: /home/beethoven/Templates/NextJS/kinoway/client/tsconfig.json Detected file add/remove of non supported extension: /home/beethoven/Templates/NextJS/kinoway/client/.next/cache/webpack/server-development/2.pack
Info 276  [23:23:14.557] Elapsed:: 0ms DirectoryWatcher:: Triggered with /home/beethoven/Templates/NextJS/kinoway/client/.next/cache/webpack/server-development/2.pack 19:: WatchInfo: /home/beethoven/Templates/NextJS/kinoway/client 1 undefined Config: /home/beethoven/Templates/NextJS/kinoway/client/tsconfig.json WatchType: Wild card directory
Info 277  [23:23:14.557] DirectoryWatcher:: Triggered with /home/beethoven/Templates/NextJS/kinoway/client/.next/cache/webpack/server-development/index.pack_ 20:: WatchInfo: /home/beethoven/Templates/NextJS/kinoway/client 1 undefined Config: /home/beethoven/Templates/NextJS/kinoway/client/tsconfig.json WatchType: Wild card directory
Info 278  [23:23:14.557] Project: /home/beethoven/Templates/NextJS/kinoway/client/tsconfig.json Detected file add/remove of non supported extension: /home/beethoven/Templates/NextJS/kinoway/client/.next/cache/webpack/server-development/index.pack_
Info 279  [23:23:14.557] Elapsed:: 0ms DirectoryWatcher:: Triggered with /home/beethoven/Templates/NextJS/kinoway/client/.next/cache/webpack/server-development/index.pack_ 20:: WatchInfo: /home/beethoven/Templates/NextJS/kinoway/client 1 undefined Config: /home/beethoven/Templates/NextJS/kinoway/client/tsconfig.json WatchType: Wild card directory
Info 280  [23:23:14.557] DirectoryWatcher:: Triggered with /home/beethoven/Templates/NextJS/kinoway/client/.next/cache/webpack/server-development/index.pack 21:: WatchInfo: /home/beethoven/Templates/NextJS/kinoway/client 1 undefined Config: /home/beethoven/Templates/NextJS/kinoway/client/tsconfig.json WatchType: Wild card directory
Info 281  [23:23:14.557] Project: /home/beethoven/Templates/NextJS/kinoway/client/tsconfig.json Detected file add/remove of non supported extension: /home/beethoven/Templates/NextJS/kinoway/client/.next/cache/webpack/server-development/index.pack
Info 282  [23:23:14.557] Elapsed:: 0ms DirectoryWatcher:: Triggered with /home/beethoven/Templates/NextJS/kinoway/client/.next/cache/webpack/server-development/index.pack 21:: WatchInfo: /home/beethoven/Templates/NextJS/kinoway/client 1 undefined Config: /home/beethoven/Templates/NextJS/kinoway/client/tsconfig.json WatchType: Wild card directory
Info 283  [23:24:04.968] DirectoryWatcher:: Triggered with /home/beethoven/Templates/NextJS/kinoway/client/.next/static/webpack/webpack.79b0e2897d8498ea.hot-update.js 0:: WatchInfo: /home/beethoven/Templates/NextJS/kinoway/client 1 undefined Config: /home/beethoven/Templates/NextJS/kinoway/client/tsconfig.json WatchType: Wild card directory
Info 284  [23:24:04.968] Elapsed:: 0ms DirectoryWatcher:: Triggered with /home/beethoven/Templates/NextJS/kinoway/client/.next/static/webpack/webpack.79b0e2897d8498ea.hot-update.js 0:: WatchInfo: /home/beethoven/Templates/NextJS/kinoway/client 1 undefined Config: /home/beethoven/Templates/NextJS/kinoway/client/tsconfig.json WatchType: Wild card directory
Info 285  [23:24:04.968] DirectoryWatcher:: Triggered with /home/beethoven/Templates/NextJS/kinoway/client/.next/static/webpack/79b0e2897d8498ea.webpack.hot-update.json 1:: WatchInfo: /home/beethoven/Templates/NextJS/kinoway/client 1 undefined Config: /home/beethoven/Templates/NextJS/kinoway/client/tsconfig.json WatchType: Wild card directory
Info 286  [23:24:04.968] Elapsed:: 0ms DirectoryWatcher:: Triggered with /home/beethoven/Templates/NextJS/kinoway/client/.next/static/webpack/79b0e2897d8498ea.webpack.hot-update.json 1:: WatchInfo: /home/beethoven/Templates/NextJS/kinoway/client 1 undefined Config: /home/beethoven/Templates/NextJS/kinoway/client/tsconfig.json WatchType: Wild card directory
Info 287  [23:24:05.224] Starting updateGraphWorker: Project: /home/beethoven/Templates/NextJS/kinoway/client/tsconfig.json
Info 288  [23:24:05.226] Finishing updateGraphWorker: Project: /home/beethoven/Templates/NextJS/kinoway/client/tsconfig.json Version: 7 structureChanged: false structureIsReused:: Completely Elapsed: 2ms
Info 289  [23:24:07.468] Before ensureProjectForOpenFiles:
Info 290  [23:24:07.469] After ensureProjectForOpenFiles:
Info 291  [23:24:07.469] got projects updated in background, updating diagnostics for /home/beethoven/Templates/NextJS/kinoway/client/src/components/screens/SearchResults/SearchResults.tsx
